<?xml version="1.0" encoding="UTF-8"?>
<testsuite name="com.seb41_pre_014.member.service.MemberServiceTest" tests="2" skipped="0" failures="0" errors="0" timestamp="2022-12-27T18:24:49" hostname="gimchanbin-ui-MacBookPro.local" time="0.036">
  <properties/>
  <testcase name="verifiyExist()" classname="com.seb41_pre_014.member.service.MemberServiceTest" time="0.033"/>
  <testcase name="createMember()" classname="com.seb41_pre_014.member.service.MemberServiceTest" time="0.002"/>
  <system-out><![CDATA[]]></system-out>
  <system-err><![CDATA[]]></system-err>
</testsuite>
