<?xml version="1.0" encoding="UTF-8"?>
<testsuite name="com.seb41_pre_014.Seb41Pre014ApplicationTests" tests="1" skipped="0" failures="0" errors="0" timestamp="2022-12-27T18:24:48" hostname="gimchanbin-ui-MacBookPro.local" time="0.004">
  <properties/>
  <testcase name="contextLoads()" classname="com.seb41_pre_014.Seb41Pre014ApplicationTests" time="0.004"/>
  <system-out><![CDATA[2022-12-28 03:24:45.049  INFO 45884 --- [    Test worker] .b.t.c.SpringBootTestContextBootstrapper : Neither @ContextConfiguration nor @ContextHierarchy found for test class [com.seb41_pre_014.Seb41Pre014ApplicationTests], using SpringBootContextLoader
2022-12-28 03:24:45.050  INFO 45884 --- [    Test worker] o.s.t.c.support.AbstractContextLoader    : Could not detect default resource locations for test class [com.seb41_pre_014.Seb41Pre014ApplicationTests]: no resource found for suffixes {-context.xml, Context.groovy}.
2022-12-28 03:24:45.050  INFO 45884 --- [    Test worker] t.c.s.AnnotationConfigContextLoaderUtils : Could not detect default configuration classes for test class [com.seb41_pre_014.Seb41Pre014ApplicationTests]: Seb41Pre014ApplicationTests does not declare any static, non-private, non-final, nested classes annotated with @Configuration.
2022-12-28 03:24:45.055  INFO 45884 --- [    Test worker] .b.t.c.SpringBootTestContextBootstrapper : Found @SpringBootConfiguration com.seb41_pre_014.Seb41Pre014Application for test class com.seb41_pre_014.Seb41Pre014ApplicationTests
2022-12-28 03:24:45.060  INFO 45884 --- [    Test worker] .b.t.c.SpringBootTestContextBootstrapper : Loaded default TestExecutionListener class names from location [META-INF/spring.factories]: [org.springframework.boot.test.autoconfigure.restdocs.RestDocsTestExecutionListener, org.springframework.boot.test.autoconfigure.web.client.MockRestServiceServerResetTestExecutionListener, org.springframework.boot.test.autoconfigure.web.servlet.MockMvcPrintOnlyOnFailureTestExecutionListener, org.springframework.boot.test.autoconfigure.web.servlet.WebDriverTestExecutionListener, org.springframework.boot.test.autoconfigure.webservices.client.MockWebServiceServerTestExecutionListener, org.springframework.boot.test.mock.mockito.MockitoTestExecutionListener, org.springframework.boot.test.mock.mockito.ResetMocksTestExecutionListener, org.springframework.test.context.web.ServletTestExecutionListener, org.springframework.test.context.support.DirtiesContextBeforeModesTestExecutionListener, org.springframework.test.context.event.ApplicationEventsTestExecutionListener, org.springframework.test.context.support.DependencyInjectionTestExecutionListener, org.springframework.test.context.support.DirtiesContextTestExecutionListener, org.springframework.test.context.transaction.TransactionalTestExecutionListener, org.springframework.test.context.jdbc.SqlScriptsTestExecutionListener, org.springframework.test.context.event.EventPublishingTestExecutionListener]
2022-12-28 03:24:45.061  INFO 45884 --- [    Test worker] .b.t.c.SpringBootTestContextBootstrapper : Using TestExecutionListeners: [org.springframework.test.context.web.ServletTestExecutionListener@785d6a98, org.springframework.test.context.support.DirtiesContextBeforeModesTestExecutionListener@614d7fbf, org.springframework.test.context.event.ApplicationEventsTestExecutionListener@6c06b1bc, org.springframework.boot.test.mock.mockito.MockitoTestExecutionListener@1d8dbf10, org.springframework.boot.test.autoconfigure.SpringBootDependencyInjectionTestExecutionListener@e171f93, org.springframework.test.context.support.DirtiesContextTestExecutionListener@4ad3969, org.springframework.test.context.transaction.TransactionalTestExecutionListener@5d7ff311, org.springframework.test.context.jdbc.SqlScriptsTestExecutionListener@2d7aa291, org.springframework.test.context.event.EventPublishingTestExecutionListener@1ba7db2a, org.springframework.boot.test.autoconfigure.restdocs.RestDocsTestExecutionListener@762cdf46, org.springframework.boot.test.autoconfigure.web.client.MockRestServiceServerResetTestExecutionListener@54e94de9, org.springframework.boot.test.autoconfigure.web.servlet.MockMvcPrintOnlyOnFailureTestExecutionListener@2cff03cf, org.springframework.boot.test.autoconfigure.web.servlet.WebDriverTestExecutionListener@924f3f1, org.springframework.boot.test.autoconfigure.webservices.client.MockWebServiceServerTestExecutionListener@19e2db7c, org.springframework.boot.test.mock.mockito.ResetMocksTestExecutionListener@77a4bac]

  .   ____          _            __ _ _
 /\\ / ___'_ __ _ _(_)_ __  __ _ \ \ \ \
( ( )\___ | '_ | '_| | '_ \/ _` | \ \ \ \
 \\/  ___)| |_)| | | | | || (_| |  ) ) ) )
  '  |____| .__|_| |_|_| |_\__, | / / / /
 =========|_|==============|___/=/_/_/_/
 :: Spring Boot ::                (v2.7.6)

2022-12-28 03:24:45.097  INFO 45884 --- [    Test worker] c.s.Seb41Pre014ApplicationTests          : Starting Seb41Pre014ApplicationTests using Java 11.0.16 on gimchanbin-ui-MacBookPro.local with PID 45884 (started by happy_bin in /Users/happy_bin/projects/pre-project/seb41_pre_014/backend)
2022-12-28 03:24:45.097  INFO 45884 --- [    Test worker] c.s.Seb41Pre014ApplicationTests          : No active profile set, falling back to 1 default profile: "default"
2022-12-28 03:24:45.459  INFO 45884 --- [    Test worker] .s.d.r.c.RepositoryConfigurationDelegate : Bootstrapping Spring Data JPA repositories in DEFAULT mode.
2022-12-28 03:24:45.532  INFO 45884 --- [    Test worker] .s.d.r.c.RepositoryConfigurationDelegate : Finished Spring Data repository scanning in 65 ms. Found 4 JPA repository interfaces.
2022-12-28 03:24:45.692  INFO 45884 --- [    Test worker] ptablePropertiesBeanFactoryPostProcessor : Post-processing PropertySource instances
2022-12-28 03:24:45.692  INFO 45884 --- [    Test worker] c.u.j.EncryptablePropertySourceConverter : Skipping PropertySource configurationProperties [class org.springframework.boot.context.properties.source.ConfigurationPropertySourcesPropertySource
2022-12-28 03:24:45.695  INFO 45884 --- [    Test worker] c.u.j.EncryptablePropertySourceConverter : Converting PropertySource test [org.springframework.core.env.MapPropertySource] to EncryptableMapPropertySourceWrapper
2022-12-28 03:24:45.696  INFO 45884 --- [    Test worker] c.u.j.EncryptablePropertySourceConverter : Converting PropertySource Inlined Test Properties [org.springframework.core.env.MapPropertySource] to EncryptableMapPropertySourceWrapper
2022-12-28 03:24:45.696  INFO 45884 --- [    Test worker] c.u.j.EncryptablePropertySourceConverter : Skipping PropertySource servletConfigInitParams [class org.springframework.core.env.PropertySource$StubPropertySource
2022-12-28 03:24:45.696  INFO 45884 --- [    Test worker] c.u.j.EncryptablePropertySourceConverter : Converting PropertySource servletContextInitParams [org.springframework.web.context.support.ServletContextPropertySource] to EncryptableEnumerablePropertySourceWrapper
2022-12-28 03:24:45.696  INFO 45884 --- [    Test worker] c.u.j.EncryptablePropertySourceConverter : Converting PropertySource systemProperties [org.springframework.core.env.PropertiesPropertySource] to EncryptableMapPropertySourceWrapper
2022-12-28 03:24:45.697  INFO 45884 --- [    Test worker] c.u.j.EncryptablePropertySourceConverter : Converting PropertySource systemEnvironment [org.springframework.boot.env.SystemEnvironmentPropertySourceEnvironmentPostProcessor$OriginAwareSystemEnvironmentPropertySource] to EncryptableSystemEnvironmentPropertySourceWrapper
2022-12-28 03:24:45.697  INFO 45884 --- [    Test worker] c.u.j.EncryptablePropertySourceConverter : Converting PropertySource random [org.springframework.boot.env.RandomValuePropertySource] to EncryptablePropertySourceWrapper
2022-12-28 03:24:45.697  INFO 45884 --- [    Test worker] c.u.j.EncryptablePropertySourceConverter : Converting PropertySource Config resource 'class path resource [application.yml]' via location 'optional:classpath:/' [org.springframework.boot.env.OriginTrackedMapPropertySource] to EncryptableMapPropertySourceWrapper
2022-12-28 03:24:45.808  INFO 45884 --- [    Test worker] c.u.j.filter.DefaultLazyPropertyFilter   : Property Filter custom Bean not found with name 'encryptablePropertyFilter'. Initializing Default Property Filter
2022-12-28 03:24:45.819  INFO 45884 --- [    Test worker] c.u.j.r.DefaultLazyPropertyResolver      : Property Resolver custom Bean not found with name 'encryptablePropertyResolver'. Initializing Default Property Resolver
2022-12-28 03:24:45.822  INFO 45884 --- [    Test worker] c.u.j.d.DefaultLazyPropertyDetector      : Property Detector custom Bean not found with name 'encryptablePropertyDetector'. Initializing Default Property Detector
2022-12-28 03:24:45.928  INFO 45884 --- [    Test worker] com.zaxxer.hikari.HikariDataSource       : HikariPool-1 - Starting...
2022-12-28 03:24:46.251  INFO 45884 --- [    Test worker] com.zaxxer.hikari.HikariDataSource       : HikariPool-1 - Start completed.
2022-12-28 03:24:46.339  INFO 45884 --- [    Test worker] o.hibernate.jpa.internal.util.LogHelper  : HHH000204: Processing PersistenceUnitInfo [name: default]
2022-12-28 03:24:46.415  INFO 45884 --- [    Test worker] org.hibernate.Version                    : HHH000412: Hibernate ORM core version 5.6.14.Final
2022-12-28 03:24:46.464  INFO 45884 --- [    Test worker] o.hibernate.annotations.common.Version   : HCANN000001: Hibernate Commons Annotations {5.1.2.Final}
2022-12-28 03:24:46.635  INFO 45884 --- [    Test worker] org.hibernate.dialect.Dialect            : HHH000400: Using dialect: org.hibernate.dialect.H2Dialect
2022-12-28 03:24:47.390  INFO 45884 --- [    Test worker] o.h.e.t.j.p.i.JtaPlatformInitiator       : HHH000490: Using JtaPlatform implementation: [org.hibernate.engine.transaction.jta.platform.internal.NoJtaPlatform]
2022-12-28 03:24:47.398  INFO 45884 --- [    Test worker] j.LocalContainerEntityManagerFactoryBean : Initialized JPA EntityManagerFactory for persistence unit 'default'
2022-12-28 03:24:48.211  WARN 45884 --- [    Test worker] JpaBaseConfiguration$JpaWebConfiguration : spring.jpa.open-in-view is enabled by default. Therefore, database queries may be performed during view rendering. Explicitly configure spring.jpa.open-in-view to disable this warning
2022-12-28 03:24:48.320  INFO 45884 --- [    Test worker] o.s.b.a.h2.H2ConsoleAutoConfiguration    : H2 console available at '/h2'. Database available at 'jdbc:h2:mem:test'
2022-12-28 03:24:48.559  INFO 45884 --- [    Test worker] c.s.Seb41Pre014ApplicationTests          : Started Seb41Pre014ApplicationTests in 3.496 seconds (JVM running for 8.412)
]]></system-out>
  <system-err><![CDATA[]]></system-err>
</testsuite>
