<?xml version="1.0" encoding="UTF-8"?>
<testsuite name="com.seb41_pre_014.board.repository.BoardRepositoryTest" tests="9" skipped="0" failures="0" errors="0" timestamp="2022-12-28T18:16:03" hostname="gimchanbin-ui-MacBookPro.local" time="0.354">
  <properties/>
  <testcase name="모든 Question 조회" classname="com.seb41_pre_014.board.repository.BoardRepositoryTest" time="0.228"/>
  <testcase name="Board 삭제" classname="com.seb41_pre_014.board.repository.BoardRepositoryTest" time="0.017"/>
  <testcase name="BoardId로 Board 조회" classname="com.seb41_pre_014.board.repository.BoardRepositoryTest" time="0.005"/>
  <testcase name="Board 수정" classname="com.seb41_pre_014.board.repository.BoardRepositoryTest" time="0.009"/>
  <testcase name="findBoardsByVote()" classname="com.seb41_pre_014.board.repository.BoardRepositoryTest" time="0.047"/>
  <testcase name="제목 검색으로 Board 조회" classname="com.seb41_pre_014.board.repository.BoardRepositoryTest" time="0.016"/>
  <testcase name="findAnswersByMember()" classname="com.seb41_pre_014.board.repository.BoardRepositoryTest" time="0.014"/>
  <testcase name="findQuestionsByMember()" classname="com.seb41_pre_014.board.repository.BoardRepositoryTest" time="0.008"/>
  <testcase name="Board 생성" classname="com.seb41_pre_014.board.repository.BoardRepositoryTest" time="0.004"/>
  <system-out><![CDATA[2022-12-29 03:16:02.719  INFO 61055 --- [    Test worker] b.t.a.o.j.DataJpaTestContextBootstrapper : Neither @ContextConfiguration nor @ContextHierarchy found for test class [com.seb41_pre_014.board.repository.BoardRepositoryTest], using SpringBootContextLoader
2022-12-29 03:16:02.719  INFO 61055 --- [    Test worker] o.s.t.c.support.AbstractContextLoader    : Could not detect default resource locations for test class [com.seb41_pre_014.board.repository.BoardRepositoryTest]: no resource found for suffixes {-context.xml, Context.groovy}.
2022-12-29 03:16:02.719  INFO 61055 --- [    Test worker] t.c.s.AnnotationConfigContextLoaderUtils : Could not detect default configuration classes for test class [com.seb41_pre_014.board.repository.BoardRepositoryTest]: BoardRepositoryTest does not declare any static, non-private, non-final, nested classes annotated with @Configuration.
2022-12-29 03:16:02.724  INFO 61055 --- [    Test worker] .b.t.c.SpringBootTestContextBootstrapper : Found @SpringBootConfiguration com.seb41_pre_014.Seb41Pre014Application for test class com.seb41_pre_014.board.repository.BoardRepositoryTest
2022-12-29 03:16:02.725  INFO 61055 --- [    Test worker] b.t.a.o.j.DataJpaTestContextBootstrapper : Loaded default TestExecutionListener class names from location [META-INF/spring.factories]: [org.springframework.security.test.context.support.WithSecurityContextTestExecutionListener, org.springframework.security.test.context.support.ReactorContextTestExecutionListener, org.springframework.boot.test.autoconfigure.restdocs.RestDocsTestExecutionListener, org.springframework.boot.test.autoconfigure.web.client.MockRestServiceServerResetTestExecutionListener, org.springframework.boot.test.autoconfigure.web.servlet.MockMvcPrintOnlyOnFailureTestExecutionListener, org.springframework.boot.test.autoconfigure.web.servlet.WebDriverTestExecutionListener, org.springframework.boot.test.autoconfigure.webservices.client.MockWebServiceServerTestExecutionListener, org.springframework.boot.test.mock.mockito.MockitoTestExecutionListener, org.springframework.boot.test.mock.mockito.ResetMocksTestExecutionListener, org.springframework.test.context.web.ServletTestExecutionListener, org.springframework.test.context.support.DirtiesContextBeforeModesTestExecutionListener, org.springframework.test.context.event.ApplicationEventsTestExecutionListener, org.springframework.test.context.support.DependencyInjectionTestExecutionListener, org.springframework.test.context.support.DirtiesContextTestExecutionListener, org.springframework.test.context.transaction.TransactionalTestExecutionListener, org.springframework.test.context.jdbc.SqlScriptsTestExecutionListener, org.springframework.test.context.event.EventPublishingTestExecutionListener]
2022-12-29 03:16:02.725  INFO 61055 --- [    Test worker] b.t.a.o.j.DataJpaTestContextBootstrapper : Using TestExecutionListeners: [org.springframework.test.context.web.ServletTestExecutionListener@150ba838, org.springframework.test.context.support.DirtiesContextBeforeModesTestExecutionListener@198b4fb6, org.springframework.test.context.event.ApplicationEventsTestExecutionListener@58ea2bc2, org.springframework.boot.test.mock.mockito.MockitoTestExecutionListener@579351d1, org.springframework.boot.test.autoconfigure.SpringBootDependencyInjectionTestExecutionListener@1f116973, org.springframework.test.context.support.DirtiesContextTestExecutionListener@5c2463d8, org.springframework.test.context.transaction.TransactionalTestExecutionListener@5599f7a5, org.springframework.test.context.jdbc.SqlScriptsTestExecutionListener@18c9291e, org.springframework.security.test.context.support.WithSecurityContextTestExecutionListener@c079185, org.springframework.test.context.event.EventPublishingTestExecutionListener@73c2097e, org.springframework.security.test.context.support.ReactorContextTestExecutionListener@69fcec7c, org.springframework.boot.test.autoconfigure.restdocs.RestDocsTestExecutionListener@38aca984, org.springframework.boot.test.autoconfigure.web.client.MockRestServiceServerResetTestExecutionListener@8179cad, org.springframework.boot.test.autoconfigure.web.servlet.MockMvcPrintOnlyOnFailureTestExecutionListener@6b7ded28, org.springframework.boot.test.autoconfigure.web.servlet.WebDriverTestExecutionListener@65ec6337, org.springframework.boot.test.autoconfigure.webservices.client.MockWebServiceServerTestExecutionListener@38511687, org.springframework.boot.test.mock.mockito.ResetMocksTestExecutionListener@c1707d4]

  .   ____          _            __ _ _
 /\\ / ___'_ __ _ _(_)_ __  __ _ \ \ \ \
( ( )\___ | '_ | '_| | '_ \/ _` | \ \ \ \
 \\/  ___)| |_)| | | | | || (_| |  ) ) ) )
  '  |____| .__|_| |_|_| |_\__, | / / / /
 =========|_|==============|___/=/_/_/_/
 :: Spring Boot ::                (v2.7.6)

2022-12-29 03:16:02.741  INFO 61055 --- [    Test worker] c.s.b.repository.BoardRepositoryTest     : Starting BoardRepositoryTest using Java 11.0.16 on gimchanbin-ui-MacBookPro.local with PID 61055 (started by happy_bin in /Users/happy_bin/projects/pre-project/seb41_pre_014/backend)
2022-12-29 03:16:02.742  INFO 61055 --- [    Test worker] c.s.b.repository.BoardRepositoryTest     : No active profile set, falling back to 1 default profile: "default"
2022-12-29 03:16:02.794  INFO 61055 --- [    Test worker] .s.d.r.c.RepositoryConfigurationDelegate : Bootstrapping Spring Data JPA repositories in DEFAULT mode.
2022-12-29 03:16:02.816  INFO 61055 --- [    Test worker] .s.d.r.c.RepositoryConfigurationDelegate : Finished Spring Data repository scanning in 20 ms. Found 6 JPA repository interfaces.
2022-12-29 03:16:02.823  INFO 61055 --- [    Test worker] beddedDataSourceBeanFactoryPostProcessor : Replacing 'dataSource' DataSource bean with embedded version
2022-12-29 03:16:02.853  INFO 61055 --- [    Test worker] o.s.j.d.e.EmbeddedDatabaseFactory        : Starting embedded database: url='jdbc:h2:mem:66be6312-406d-4e1d-bdcd-f21114a0217d;DB_CLOSE_DELAY=-1;DB_CLOSE_ON_EXIT=false', username='sa'
2022-12-29 03:16:02.890  INFO 61055 --- [    Test worker] o.hibernate.jpa.internal.util.LogHelper  : HHH000204: Processing PersistenceUnitInfo [name: default]
2022-12-29 03:16:02.894  INFO 61055 --- [    Test worker] org.hibernate.dialect.Dialect            : HHH000400: Using dialect: org.hibernate.dialect.H2Dialect
Hibernate: drop table if exists board CASCADE 
Hibernate: drop table if exists board_tag CASCADE 
Hibernate: drop table if exists bookmark CASCADE 
Hibernate: drop table if exists member CASCADE 
Hibernate: drop table if exists member_roles CASCADE 
Hibernate: drop table if exists member_tag CASCADE 
Hibernate: drop table if exists suggested_edit CASCADE 
Hibernate: drop table if exists tag CASCADE 
Hibernate: drop table if exists vote CASCADE 
Hibernate: create table board (board_id bigint generated by default as identity, created_at timestamp, last_modified_at timestamp, answer_count integer not null, board_status varchar(255) not null, board_type varchar(255) not null, body varchar(255), bookmark_count integer not null, question_id bigint, score integer not null, title varchar(255), view_count integer not null, member_id bigint, primary key (board_id))
Hibernate: create table board_tag (board_tag_id bigint generated by default as identity, board_id bigint, tag_id bigint, primary key (board_tag_id))
Hibernate: create table bookmark (bookmark_id bigint generated by default as identity, created_at timestamp, last_modified_at timestamp, board_id bigint, member_id bigint, primary key (bookmark_id))
Hibernate: create table member (member_id bigint generated by default as identity, created_at timestamp, last_modified_at timestamp, about_me varchar(255), answers integer not null, display_name varchar(255), email varchar(20) not null, full_name varchar(255), github_link varchar(255), location varchar(255), member_status integer, password varchar(100) not null, profile_image_url varchar(255), questions integer not null, reputation integer not null, title varchar(255), twitter_link varchar(255), website_link varchar(255), primary key (member_id))
Hibernate: create table member_roles (member_member_id bigint not null, roles varchar(255))
Hibernate: create table member_tag (member_tag_id bigint not null, member_id bigint, tag_id bigint, primary key (member_tag_id))
Hibernate: create table suggested_edit (edit_id bigint not null, created_at timestamp, last_modified_at timestamp, board_id bigint, body varchar(255), editor_id bigint, tag varchar(255), title varchar(255), primary key (edit_id))
Hibernate: create table tag (tag_id bigint not null, name varchar(255), primary key (tag_id))
Hibernate: create table vote (vote_id bigint generated by default as identity, created_at timestamp, last_modified_at timestamp, vote_type varchar(255) not null, board_id bigint, member_id bigint, primary key (vote_id))
Hibernate: alter table board add constraint FKsds8ox89wwf6aihinar49rmfy foreign key (member_id) references member
Hibernate: alter table board_tag add constraint FKn9tsgp9bc6132ojkja6r20i8 foreign key (board_id) references board
Hibernate: alter table board_tag add constraint FK4gcg6nlkb1p1ov5neg0u4iy6g foreign key (tag_id) references tag
Hibernate: alter table bookmark add constraint FK9ok583i44955hw16uacv1v9pv foreign key (board_id) references board
Hibernate: alter table bookmark add constraint FK5bm7rup91j277mc7gg63akie2 foreign key (member_id) references member
Hibernate: alter table member_roles add constraint FKruptm2dtwl95mfks4bnhv828k foreign key (member_member_id) references member
Hibernate: alter table member_tag add constraint FKgodbg35wb92j09pt5pi64udco foreign key (member_id) references member
Hibernate: alter table member_tag add constraint FKcg8t5r0fghpy478wylesc2sfj foreign key (tag_id) references tag
Hibernate: alter table vote add constraint FK4b4455i0e0yu9x6n52pqyvam foreign key (board_id) references board
Hibernate: alter table vote add constraint FKgkbgl6xp2rpgwghb7mtyuv48h foreign key (member_id) references member
2022-12-29 03:16:03.017  INFO 61055 --- [    Test worker] o.h.e.t.j.p.i.JtaPlatformInitiator       : HHH000490: Using JtaPlatform implementation: [org.hibernate.engine.transaction.jta.platform.internal.NoJtaPlatform]
2022-12-29 03:16:03.018  INFO 61055 --- [    Test worker] j.LocalContainerEntityManagerFactoryBean : Initialized JPA EntityManagerFactory for persistence unit 'default'
2022-12-29 03:16:03.508  INFO 61055 --- [    Test worker] c.s.b.repository.BoardRepositoryTest     : Started BoardRepositoryTest in 0.78 seconds (JVM running for 11.18)
2022-12-29 03:16:03.518  INFO 61055 --- [    Test worker] o.s.t.c.transaction.TransactionContext   : Began transaction (1) for test context [DefaultTestContext@6980d3b3 testClass = BoardRepositoryTest, testInstance = com.seb41_pre_014.board.repository.BoardRepositoryTest@6c8eab63, testMethod = findAllByBoardType@BoardRepositoryTest, testException = [null], mergedContextConfiguration = [MergedContextConfiguration@5f0a452d testClass = BoardRepositoryTest, locations = '{}', classes = '{class com.seb41_pre_014.Seb41Pre014Application}', contextInitializerClasses = '[]', activeProfiles = '{}', propertySourceLocations = '{}', propertySourceProperties = '{org.springframework.boot.test.autoconfigure.orm.jpa.DataJpaTestContextBootstrapper=true}', contextCustomizers = set[org.springframework.boot.test.autoconfigure.OverrideAutoConfigurationContextCustomizerFactory$DisableAutoConfigurationContextCustomizer@3ef7fb04, org.springframework.boot.test.autoconfigure.actuate.metrics.MetricsExportContextCustomizerFactory$DisableMetricExportContextCustomizer@3fc9dfc5, org.springframework.boot.test.autoconfigure.filter.TypeExcludeFiltersContextCustomizer@351584c0, org.springframework.boot.test.autoconfigure.properties.PropertyMappingContextCustomizer@d34a7b11, org.springframework.boot.test.autoconfigure.web.servlet.WebDriverContextCustomizerFactory$Customizer@3383649e, [ImportsContextCustomizer@3dd3f237 key = [org.springframework.boot.autoconfigure.cache.CacheAutoConfiguration, org.springframework.boot.autoconfigure.data.jpa.JpaRepositoriesAutoConfiguration, org.springframework.boot.autoconfigure.flyway.FlywayAutoConfiguration, org.springframework.boot.autoconfigure.jdbc.DataSourceAutoConfiguration, org.springframework.boot.autoconfigure.jdbc.DataSourceTransactionManagerAutoConfiguration, org.springframework.boot.autoconfigure.jdbc.JdbcTemplateAutoConfiguration, org.springframework.boot.autoconfigure.liquibase.LiquibaseAutoConfiguration, org.springframework.boot.autoconfigure.orm.jpa.HibernateJpaAutoConfiguration, org.springframework.boot.autoconfigure.sql.init.SqlInitializationAutoConfiguration, org.springframework.boot.autoconfigure.transaction.TransactionAutoConfiguration, org.springframework.boot.test.autoconfigure.jdbc.TestDatabaseAutoConfiguration, org.springframework.boot.test.autoconfigure.orm.jpa.TestEntityManagerAutoConfiguration]], org.springframework.boot.test.context.filter.ExcludeFilterContextCustomizer@1ce61929, org.springframework.boot.test.json.DuplicateJsonObjectContextCustomizerFactory$DuplicateJsonObjectContextCustomizer@9bd0fa6, org.springframework.boot.test.mock.mockito.MockitoContextCustomizer@0, org.springframework.boot.test.context.SpringBootTestArgs@1, org.springframework.boot.test.context.SpringBootTestWebEnvironment@0], contextLoader = 'org.springframework.boot.test.context.SpringBootContextLoader', parent = [null]], attributes = map['org.springframework.test.context.event.ApplicationEventsTestExecutionListener.recordApplicationEvents' -> false]]; transaction manager [org.springframework.orm.jpa.JpaTransactionManager@dd26ca6]; rollback [true]
Hibernate: insert into board (board_id, created_at, last_modified_at, answer_count, board_status, board_type, body, bookmark_count, member_id, question_id, score, title, view_count) values (default, ?, ?, ?, ?, ?, ?, ?, ?, ?, ?, ?, ?)
Hibernate: insert into board (board_id, created_at, last_modified_at, answer_count, board_status, board_type, body, bookmark_count, member_id, question_id, score, title, view_count) values (default, ?, ?, ?, ?, ?, ?, ?, ?, ?, ?, ?, ?)
Hibernate: insert into board (board_id, created_at, last_modified_at, answer_count, board_status, board_type, body, bookmark_count, member_id, question_id, score, title, view_count) values (default, ?, ?, ?, ?, ?, ?, ?, ?, ?, ?, ?, ?)
Hibernate: select board0_.board_id as board_id1_0_, board0_.created_at as created_2_0_, board0_.last_modified_at as last_mod3_0_, board0_.answer_count as answer_c4_0_, board0_.board_status as board_st5_0_, board0_.board_type as board_ty6_0_, board0_.body as body7_0_, board0_.bookmark_count as bookmark8_0_, board0_.member_id as member_13_0_, board0_.question_id as question9_0_, board0_.score as score10_0_, board0_.title as title11_0_, board0_.view_count as view_co12_0_ from board board0_ where board0_.board_type=? order by board0_.board_id desc limit ?
2022-12-29 03:16:03.738  INFO 61055 --- [    Test worker] o.s.t.c.transaction.TransactionContext   : Rolled back transaction for test: [DefaultTestContext@6980d3b3 testClass = BoardRepositoryTest, testInstance = com.seb41_pre_014.board.repository.BoardRepositoryTest@6c8eab63, testMethod = findAllByBoardType@BoardRepositoryTest, testException = [null], mergedContextConfiguration = [MergedContextConfiguration@5f0a452d testClass = BoardRepositoryTest, locations = '{}', classes = '{class com.seb41_pre_014.Seb41Pre014Application}', contextInitializerClasses = '[]', activeProfiles = '{}', propertySourceLocations = '{}', propertySourceProperties = '{org.springframework.boot.test.autoconfigure.orm.jpa.DataJpaTestContextBootstrapper=true}', contextCustomizers = set[org.springframework.boot.test.autoconfigure.OverrideAutoConfigurationContextCustomizerFactory$DisableAutoConfigurationContextCustomizer@3ef7fb04, org.springframework.boot.test.autoconfigure.actuate.metrics.MetricsExportContextCustomizerFactory$DisableMetricExportContextCustomizer@3fc9dfc5, org.springframework.boot.test.autoconfigure.filter.TypeExcludeFiltersContextCustomizer@351584c0, org.springframework.boot.test.autoconfigure.properties.PropertyMappingContextCustomizer@d34a7b11, org.springframework.boot.test.autoconfigure.web.servlet.WebDriverContextCustomizerFactory$Customizer@3383649e, [ImportsContextCustomizer@3dd3f237 key = [org.springframework.boot.autoconfigure.cache.CacheAutoConfiguration, org.springframework.boot.autoconfigure.data.jpa.JpaRepositoriesAutoConfiguration, org.springframework.boot.autoconfigure.flyway.FlywayAutoConfiguration, org.springframework.boot.autoconfigure.jdbc.DataSourceAutoConfiguration, org.springframework.boot.autoconfigure.jdbc.DataSourceTransactionManagerAutoConfiguration, org.springframework.boot.autoconfigure.jdbc.JdbcTemplateAutoConfiguration, org.springframework.boot.autoconfigure.liquibase.LiquibaseAutoConfiguration, org.springframework.boot.autoconfigure.orm.jpa.HibernateJpaAutoConfiguration, org.springframework.boot.autoconfigure.sql.init.SqlInitializationAutoConfiguration, org.springframework.boot.autoconfigure.transaction.TransactionAutoConfiguration, org.springframework.boot.test.autoconfigure.jdbc.TestDatabaseAutoConfiguration, org.springframework.boot.test.autoconfigure.orm.jpa.TestEntityManagerAutoConfiguration]], org.springframework.boot.test.context.filter.ExcludeFilterContextCustomizer@1ce61929, org.springframework.boot.test.json.DuplicateJsonObjectContextCustomizerFactory$DuplicateJsonObjectContextCustomizer@9bd0fa6, org.springframework.boot.test.mock.mockito.MockitoContextCustomizer@0, org.springframework.boot.test.context.SpringBootTestArgs@1, org.springframework.boot.test.context.SpringBootTestWebEnvironment@0], contextLoader = 'org.springframework.boot.test.context.SpringBootContextLoader', parent = [null]], attributes = map['org.springframework.test.context.event.ApplicationEventsTestExecutionListener.recordApplicationEvents' -> false]]
2022-12-29 03:16:03.740  INFO 61055 --- [    Test worker] o.s.t.c.transaction.TransactionContext   : Began transaction (1) for test context [DefaultTestContext@6980d3b3 testClass = BoardRepositoryTest, testInstance = com.seb41_pre_014.board.repository.BoardRepositoryTest@7d7a4740, testMethod = deleteBoard@BoardRepositoryTest, testException = [null], mergedContextConfiguration = [MergedContextConfiguration@5f0a452d testClass = BoardRepositoryTest, locations = '{}', classes = '{class com.seb41_pre_014.Seb41Pre014Application}', contextInitializerClasses = '[]', activeProfiles = '{}', propertySourceLocations = '{}', propertySourceProperties = '{org.springframework.boot.test.autoconfigure.orm.jpa.DataJpaTestContextBootstrapper=true}', contextCustomizers = set[org.springframework.boot.test.autoconfigure.OverrideAutoConfigurationContextCustomizerFactory$DisableAutoConfigurationContextCustomizer@3ef7fb04, org.springframework.boot.test.autoconfigure.actuate.metrics.MetricsExportContextCustomizerFactory$DisableMetricExportContextCustomizer@3fc9dfc5, org.springframework.boot.test.autoconfigure.filter.TypeExcludeFiltersContextCustomizer@351584c0, org.springframework.boot.test.autoconfigure.properties.PropertyMappingContextCustomizer@d34a7b11, org.springframework.boot.test.autoconfigure.web.servlet.WebDriverContextCustomizerFactory$Customizer@3383649e, [ImportsContextCustomizer@3dd3f237 key = [org.springframework.boot.autoconfigure.cache.CacheAutoConfiguration, org.springframework.boot.autoconfigure.data.jpa.JpaRepositoriesAutoConfiguration, org.springframework.boot.autoconfigure.flyway.FlywayAutoConfiguration, org.springframework.boot.autoconfigure.jdbc.DataSourceAutoConfiguration, org.springframework.boot.autoconfigure.jdbc.DataSourceTransactionManagerAutoConfiguration, org.springframework.boot.autoconfigure.jdbc.JdbcTemplateAutoConfiguration, org.springframework.boot.autoconfigure.liquibase.LiquibaseAutoConfiguration, org.springframework.boot.autoconfigure.orm.jpa.HibernateJpaAutoConfiguration, org.springframework.boot.autoconfigure.sql.init.SqlInitializationAutoConfiguration, org.springframework.boot.autoconfigure.transaction.TransactionAutoConfiguration, org.springframework.boot.test.autoconfigure.jdbc.TestDatabaseAutoConfiguration, org.springframework.boot.test.autoconfigure.orm.jpa.TestEntityManagerAutoConfiguration]], org.springframework.boot.test.context.filter.ExcludeFilterContextCustomizer@1ce61929, org.springframework.boot.test.json.DuplicateJsonObjectContextCustomizerFactory$DuplicateJsonObjectContextCustomizer@9bd0fa6, org.springframework.boot.test.mock.mockito.MockitoContextCustomizer@0, org.springframework.boot.test.context.SpringBootTestArgs@1, org.springframework.boot.test.context.SpringBootTestWebEnvironment@0], contextLoader = 'org.springframework.boot.test.context.SpringBootContextLoader', parent = [null]], attributes = map['org.springframework.test.context.event.ApplicationEventsTestExecutionListener.recordApplicationEvents' -> false]]; transaction manager [org.springframework.orm.jpa.JpaTransactionManager@dd26ca6]; rollback [true]
Hibernate: insert into board (board_id, created_at, last_modified_at, answer_count, board_status, board_type, body, bookmark_count, member_id, question_id, score, title, view_count) values (default, ?, ?, ?, ?, ?, ?, ?, ?, ?, ?, ?, ?)
2022-12-29 03:16:03.756  INFO 61055 --- [    Test worker] o.s.t.c.transaction.TransactionContext   : Rolled back transaction for test: [DefaultTestContext@6980d3b3 testClass = BoardRepositoryTest, testInstance = com.seb41_pre_014.board.repository.BoardRepositoryTest@7d7a4740, testMethod = deleteBoard@BoardRepositoryTest, testException = [null], mergedContextConfiguration = [MergedContextConfiguration@5f0a452d testClass = BoardRepositoryTest, locations = '{}', classes = '{class com.seb41_pre_014.Seb41Pre014Application}', contextInitializerClasses = '[]', activeProfiles = '{}', propertySourceLocations = '{}', propertySourceProperties = '{org.springframework.boot.test.autoconfigure.orm.jpa.DataJpaTestContextBootstrapper=true}', contextCustomizers = set[org.springframework.boot.test.autoconfigure.OverrideAutoConfigurationContextCustomizerFactory$DisableAutoConfigurationContextCustomizer@3ef7fb04, org.springframework.boot.test.autoconfigure.actuate.metrics.MetricsExportContextCustomizerFactory$DisableMetricExportContextCustomizer@3fc9dfc5, org.springframework.boot.test.autoconfigure.filter.TypeExcludeFiltersContextCustomizer@351584c0, org.springframework.boot.test.autoconfigure.properties.PropertyMappingContextCustomizer@d34a7b11, org.springframework.boot.test.autoconfigure.web.servlet.WebDriverContextCustomizerFactory$Customizer@3383649e, [ImportsContextCustomizer@3dd3f237 key = [org.springframework.boot.autoconfigure.cache.CacheAutoConfiguration, org.springframework.boot.autoconfigure.data.jpa.JpaRepositoriesAutoConfiguration, org.springframework.boot.autoconfigure.flyway.FlywayAutoConfiguration, org.springframework.boot.autoconfigure.jdbc.DataSourceAutoConfiguration, org.springframework.boot.autoconfigure.jdbc.DataSourceTransactionManagerAutoConfiguration, org.springframework.boot.autoconfigure.jdbc.JdbcTemplateAutoConfiguration, org.springframework.boot.autoconfigure.liquibase.LiquibaseAutoConfiguration, org.springframework.boot.autoconfigure.orm.jpa.HibernateJpaAutoConfiguration, org.springframework.boot.autoconfigure.sql.init.SqlInitializationAutoConfiguration, org.springframework.boot.autoconfigure.transaction.TransactionAutoConfiguration, org.springframework.boot.test.autoconfigure.jdbc.TestDatabaseAutoConfiguration, org.springframework.boot.test.autoconfigure.orm.jpa.TestEntityManagerAutoConfiguration]], org.springframework.boot.test.context.filter.ExcludeFilterContextCustomizer@1ce61929, org.springframework.boot.test.json.DuplicateJsonObjectContextCustomizerFactory$DuplicateJsonObjectContextCustomizer@9bd0fa6, org.springframework.boot.test.mock.mockito.MockitoContextCustomizer@0, org.springframework.boot.test.context.SpringBootTestArgs@1, org.springframework.boot.test.context.SpringBootTestWebEnvironment@0], contextLoader = 'org.springframework.boot.test.context.SpringBootContextLoader', parent = [null]], attributes = map['org.springframework.test.context.event.ApplicationEventsTestExecutionListener.recordApplicationEvents' -> false]]
2022-12-29 03:16:03.758  INFO 61055 --- [    Test worker] o.s.t.c.transaction.TransactionContext   : Began transaction (1) for test context [DefaultTestContext@6980d3b3 testClass = BoardRepositoryTest, testInstance = com.seb41_pre_014.board.repository.BoardRepositoryTest@58c02b7f, testMethod = findById@BoardRepositoryTest, testException = [null], mergedContextConfiguration = [MergedContextConfiguration@5f0a452d testClass = BoardRepositoryTest, locations = '{}', classes = '{class com.seb41_pre_014.Seb41Pre014Application}', contextInitializerClasses = '[]', activeProfiles = '{}', propertySourceLocations = '{}', propertySourceProperties = '{org.springframework.boot.test.autoconfigure.orm.jpa.DataJpaTestContextBootstrapper=true}', contextCustomizers = set[org.springframework.boot.test.autoconfigure.OverrideAutoConfigurationContextCustomizerFactory$DisableAutoConfigurationContextCustomizer@3ef7fb04, org.springframework.boot.test.autoconfigure.actuate.metrics.MetricsExportContextCustomizerFactory$DisableMetricExportContextCustomizer@3fc9dfc5, org.springframework.boot.test.autoconfigure.filter.TypeExcludeFiltersContextCustomizer@351584c0, org.springframework.boot.test.autoconfigure.properties.PropertyMappingContextCustomizer@d34a7b11, org.springframework.boot.test.autoconfigure.web.servlet.WebDriverContextCustomizerFactory$Customizer@3383649e, [ImportsContextCustomizer@3dd3f237 key = [org.springframework.boot.autoconfigure.cache.CacheAutoConfiguration, org.springframework.boot.autoconfigure.data.jpa.JpaRepositoriesAutoConfiguration, org.springframework.boot.autoconfigure.flyway.FlywayAutoConfiguration, org.springframework.boot.autoconfigure.jdbc.DataSourceAutoConfiguration, org.springframework.boot.autoconfigure.jdbc.DataSourceTransactionManagerAutoConfiguration, org.springframework.boot.autoconfigure.jdbc.JdbcTemplateAutoConfiguration, org.springframework.boot.autoconfigure.liquibase.LiquibaseAutoConfiguration, org.springframework.boot.autoconfigure.orm.jpa.HibernateJpaAutoConfiguration, org.springframework.boot.autoconfigure.sql.init.SqlInitializationAutoConfiguration, org.springframework.boot.autoconfigure.transaction.TransactionAutoConfiguration, org.springframework.boot.test.autoconfigure.jdbc.TestDatabaseAutoConfiguration, org.springframework.boot.test.autoconfigure.orm.jpa.TestEntityManagerAutoConfiguration]], org.springframework.boot.test.context.filter.ExcludeFilterContextCustomizer@1ce61929, org.springframework.boot.test.json.DuplicateJsonObjectContextCustomizerFactory$DuplicateJsonObjectContextCustomizer@9bd0fa6, org.springframework.boot.test.mock.mockito.MockitoContextCustomizer@0, org.springframework.boot.test.context.SpringBootTestArgs@1, org.springframework.boot.test.context.SpringBootTestWebEnvironment@0], contextLoader = 'org.springframework.boot.test.context.SpringBootContextLoader', parent = [null]], attributes = map['org.springframework.test.context.event.ApplicationEventsTestExecutionListener.recordApplicationEvents' -> false]]; transaction manager [org.springframework.orm.jpa.JpaTransactionManager@dd26ca6]; rollback [true]
Hibernate: insert into board (board_id, created_at, last_modified_at, answer_count, board_status, board_type, body, bookmark_count, member_id, question_id, score, title, view_count) values (default, ?, ?, ?, ?, ?, ?, ?, ?, ?, ?, ?, ?)
2022-12-29 03:16:03.762  INFO 61055 --- [    Test worker] o.s.t.c.transaction.TransactionContext   : Rolled back transaction for test: [DefaultTestContext@6980d3b3 testClass = BoardRepositoryTest, testInstance = com.seb41_pre_014.board.repository.BoardRepositoryTest@58c02b7f, testMethod = findById@BoardRepositoryTest, testException = [null], mergedContextConfiguration = [MergedContextConfiguration@5f0a452d testClass = BoardRepositoryTest, locations = '{}', classes = '{class com.seb41_pre_014.Seb41Pre014Application}', contextInitializerClasses = '[]', activeProfiles = '{}', propertySourceLocations = '{}', propertySourceProperties = '{org.springframework.boot.test.autoconfigure.orm.jpa.DataJpaTestContextBootstrapper=true}', contextCustomizers = set[org.springframework.boot.test.autoconfigure.OverrideAutoConfigurationContextCustomizerFactory$DisableAutoConfigurationContextCustomizer@3ef7fb04, org.springframework.boot.test.autoconfigure.actuate.metrics.MetricsExportContextCustomizerFactory$DisableMetricExportContextCustomizer@3fc9dfc5, org.springframework.boot.test.autoconfigure.filter.TypeExcludeFiltersContextCustomizer@351584c0, org.springframework.boot.test.autoconfigure.properties.PropertyMappingContextCustomizer@d34a7b11, org.springframework.boot.test.autoconfigure.web.servlet.WebDriverContextCustomizerFactory$Customizer@3383649e, [ImportsContextCustomizer@3dd3f237 key = [org.springframework.boot.autoconfigure.cache.CacheAutoConfiguration, org.springframework.boot.autoconfigure.data.jpa.JpaRepositoriesAutoConfiguration, org.springframework.boot.autoconfigure.flyway.FlywayAutoConfiguration, org.springframework.boot.autoconfigure.jdbc.DataSourceAutoConfiguration, org.springframework.boot.autoconfigure.jdbc.DataSourceTransactionManagerAutoConfiguration, org.springframework.boot.autoconfigure.jdbc.JdbcTemplateAutoConfiguration, org.springframework.boot.autoconfigure.liquibase.LiquibaseAutoConfiguration, org.springframework.boot.autoconfigure.orm.jpa.HibernateJpaAutoConfiguration, org.springframework.boot.autoconfigure.sql.init.SqlInitializationAutoConfiguration, org.springframework.boot.autoconfigure.transaction.TransactionAutoConfiguration, org.springframework.boot.test.autoconfigure.jdbc.TestDatabaseAutoConfiguration, org.springframework.boot.test.autoconfigure.orm.jpa.TestEntityManagerAutoConfiguration]], org.springframework.boot.test.context.filter.ExcludeFilterContextCustomizer@1ce61929, org.springframework.boot.test.json.DuplicateJsonObjectContextCustomizerFactory$DuplicateJsonObjectContextCustomizer@9bd0fa6, org.springframework.boot.test.mock.mockito.MockitoContextCustomizer@0, org.springframework.boot.test.context.SpringBootTestArgs@1, org.springframework.boot.test.context.SpringBootTestWebEnvironment@0], contextLoader = 'org.springframework.boot.test.context.SpringBootContextLoader', parent = [null]], attributes = map['org.springframework.test.context.event.ApplicationEventsTestExecutionListener.recordApplicationEvents' -> false]]
2022-12-29 03:16:03.764  INFO 61055 --- [    Test worker] o.s.t.c.transaction.TransactionContext   : Began transaction (1) for test context [DefaultTestContext@6980d3b3 testClass = BoardRepositoryTest, testInstance = com.seb41_pre_014.board.repository.BoardRepositoryTest@185d151b, testMethod = updateBoard@BoardRepositoryTest, testException = [null], mergedContextConfiguration = [MergedContextConfiguration@5f0a452d testClass = BoardRepositoryTest, locations = '{}', classes = '{class com.seb41_pre_014.Seb41Pre014Application}', contextInitializerClasses = '[]', activeProfiles = '{}', propertySourceLocations = '{}', propertySourceProperties = '{org.springframework.boot.test.autoconfigure.orm.jpa.DataJpaTestContextBootstrapper=true}', contextCustomizers = set[org.springframework.boot.test.autoconfigure.OverrideAutoConfigurationContextCustomizerFactory$DisableAutoConfigurationContextCustomizer@3ef7fb04, org.springframework.boot.test.autoconfigure.actuate.metrics.MetricsExportContextCustomizerFactory$DisableMetricExportContextCustomizer@3fc9dfc5, org.springframework.boot.test.autoconfigure.filter.TypeExcludeFiltersContextCustomizer@351584c0, org.springframework.boot.test.autoconfigure.properties.PropertyMappingContextCustomizer@d34a7b11, org.springframework.boot.test.autoconfigure.web.servlet.WebDriverContextCustomizerFactory$Customizer@3383649e, [ImportsContextCustomizer@3dd3f237 key = [org.springframework.boot.autoconfigure.cache.CacheAutoConfiguration, org.springframework.boot.autoconfigure.data.jpa.JpaRepositoriesAutoConfiguration, org.springframework.boot.autoconfigure.flyway.FlywayAutoConfiguration, org.springframework.boot.autoconfigure.jdbc.DataSourceAutoConfiguration, org.springframework.boot.autoconfigure.jdbc.DataSourceTransactionManagerAutoConfiguration, org.springframework.boot.autoconfigure.jdbc.JdbcTemplateAutoConfiguration, org.springframework.boot.autoconfigure.liquibase.LiquibaseAutoConfiguration, org.springframework.boot.autoconfigure.orm.jpa.HibernateJpaAutoConfiguration, org.springframework.boot.autoconfigure.sql.init.SqlInitializationAutoConfiguration, org.springframework.boot.autoconfigure.transaction.TransactionAutoConfiguration, org.springframework.boot.test.autoconfigure.jdbc.TestDatabaseAutoConfiguration, org.springframework.boot.test.autoconfigure.orm.jpa.TestEntityManagerAutoConfiguration]], org.springframework.boot.test.context.filter.ExcludeFilterContextCustomizer@1ce61929, org.springframework.boot.test.json.DuplicateJsonObjectContextCustomizerFactory$DuplicateJsonObjectContextCustomizer@9bd0fa6, org.springframework.boot.test.mock.mockito.MockitoContextCustomizer@0, org.springframework.boot.test.context.SpringBootTestArgs@1, org.springframework.boot.test.context.SpringBootTestWebEnvironment@0], contextLoader = 'org.springframework.boot.test.context.SpringBootContextLoader', parent = [null]], attributes = map['org.springframework.test.context.event.ApplicationEventsTestExecutionListener.recordApplicationEvents' -> false]]; transaction manager [org.springframework.orm.jpa.JpaTransactionManager@dd26ca6]; rollback [true]
Hibernate: insert into board (board_id, created_at, last_modified_at, answer_count, board_status, board_type, body, bookmark_count, member_id, question_id, score, title, view_count) values (default, ?, ?, ?, ?, ?, ?, ?, ?, ?, ?, ?, ?)
2022-12-29 03:16:03.771  INFO 61055 --- [    Test worker] o.s.t.c.transaction.TransactionContext   : Rolled back transaction for test: [DefaultTestContext@6980d3b3 testClass = BoardRepositoryTest, testInstance = com.seb41_pre_014.board.repository.BoardRepositoryTest@185d151b, testMethod = updateBoard@BoardRepositoryTest, testException = [null], mergedContextConfiguration = [MergedContextConfiguration@5f0a452d testClass = BoardRepositoryTest, locations = '{}', classes = '{class com.seb41_pre_014.Seb41Pre014Application}', contextInitializerClasses = '[]', activeProfiles = '{}', propertySourceLocations = '{}', propertySourceProperties = '{org.springframework.boot.test.autoconfigure.orm.jpa.DataJpaTestContextBootstrapper=true}', contextCustomizers = set[org.springframework.boot.test.autoconfigure.OverrideAutoConfigurationContextCustomizerFactory$DisableAutoConfigurationContextCustomizer@3ef7fb04, org.springframework.boot.test.autoconfigure.actuate.metrics.MetricsExportContextCustomizerFactory$DisableMetricExportContextCustomizer@3fc9dfc5, org.springframework.boot.test.autoconfigure.filter.TypeExcludeFiltersContextCustomizer@351584c0, org.springframework.boot.test.autoconfigure.properties.PropertyMappingContextCustomizer@d34a7b11, org.springframework.boot.test.autoconfigure.web.servlet.WebDriverContextCustomizerFactory$Customizer@3383649e, [ImportsContextCustomizer@3dd3f237 key = [org.springframework.boot.autoconfigure.cache.CacheAutoConfiguration, org.springframework.boot.autoconfigure.data.jpa.JpaRepositoriesAutoConfiguration, org.springframework.boot.autoconfigure.flyway.FlywayAutoConfiguration, org.springframework.boot.autoconfigure.jdbc.DataSourceAutoConfiguration, org.springframework.boot.autoconfigure.jdbc.DataSourceTransactionManagerAutoConfiguration, org.springframework.boot.autoconfigure.jdbc.JdbcTemplateAutoConfiguration, org.springframework.boot.autoconfigure.liquibase.LiquibaseAutoConfiguration, org.springframework.boot.autoconfigure.orm.jpa.HibernateJpaAutoConfiguration, org.springframework.boot.autoconfigure.sql.init.SqlInitializationAutoConfiguration, org.springframework.boot.autoconfigure.transaction.TransactionAutoConfiguration, org.springframework.boot.test.autoconfigure.jdbc.TestDatabaseAutoConfiguration, org.springframework.boot.test.autoconfigure.orm.jpa.TestEntityManagerAutoConfiguration]], org.springframework.boot.test.context.filter.ExcludeFilterContextCustomizer@1ce61929, org.springframework.boot.test.json.DuplicateJsonObjectContextCustomizerFactory$DuplicateJsonObjectContextCustomizer@9bd0fa6, org.springframework.boot.test.mock.mockito.MockitoContextCustomizer@0, org.springframework.boot.test.context.SpringBootTestArgs@1, org.springframework.boot.test.context.SpringBootTestWebEnvironment@0], contextLoader = 'org.springframework.boot.test.context.SpringBootContextLoader', parent = [null]], attributes = map['org.springframework.test.context.event.ApplicationEventsTestExecutionListener.recordApplicationEvents' -> false]]
2022-12-29 03:16:03.773  INFO 61055 --- [    Test worker] o.s.t.c.transaction.TransactionContext   : Began transaction (1) for test context [DefaultTestContext@6980d3b3 testClass = BoardRepositoryTest, testInstance = com.seb41_pre_014.board.repository.BoardRepositoryTest@433ec38c, testMethod = findBoardsByVote@BoardRepositoryTest, testException = [null], mergedContextConfiguration = [MergedContextConfiguration@5f0a452d testClass = BoardRepositoryTest, locations = '{}', classes = '{class com.seb41_pre_014.Seb41Pre014Application}', contextInitializerClasses = '[]', activeProfiles = '{}', propertySourceLocations = '{}', propertySourceProperties = '{org.springframework.boot.test.autoconfigure.orm.jpa.DataJpaTestContextBootstrapper=true}', contextCustomizers = set[org.springframework.boot.test.autoconfigure.OverrideAutoConfigurationContextCustomizerFactory$DisableAutoConfigurationContextCustomizer@3ef7fb04, org.springframework.boot.test.autoconfigure.actuate.metrics.MetricsExportContextCustomizerFactory$DisableMetricExportContextCustomizer@3fc9dfc5, org.springframework.boot.test.autoconfigure.filter.TypeExcludeFiltersContextCustomizer@351584c0, org.springframework.boot.test.autoconfigure.properties.PropertyMappingContextCustomizer@d34a7b11, org.springframework.boot.test.autoconfigure.web.servlet.WebDriverContextCustomizerFactory$Customizer@3383649e, [ImportsContextCustomizer@3dd3f237 key = [org.springframework.boot.autoconfigure.cache.CacheAutoConfiguration, org.springframework.boot.autoconfigure.data.jpa.JpaRepositoriesAutoConfiguration, org.springframework.boot.autoconfigure.flyway.FlywayAutoConfiguration, org.springframework.boot.autoconfigure.jdbc.DataSourceAutoConfiguration, org.springframework.boot.autoconfigure.jdbc.DataSourceTransactionManagerAutoConfiguration, org.springframework.boot.autoconfigure.jdbc.JdbcTemplateAutoConfiguration, org.springframework.boot.autoconfigure.liquibase.LiquibaseAutoConfiguration, org.springframework.boot.autoconfigure.orm.jpa.HibernateJpaAutoConfiguration, org.springframework.boot.autoconfigure.sql.init.SqlInitializationAutoConfiguration, org.springframework.boot.autoconfigure.transaction.TransactionAutoConfiguration, org.springframework.boot.test.autoconfigure.jdbc.TestDatabaseAutoConfiguration, org.springframework.boot.test.autoconfigure.orm.jpa.TestEntityManagerAutoConfiguration]], org.springframework.boot.test.context.filter.ExcludeFilterContextCustomizer@1ce61929, org.springframework.boot.test.json.DuplicateJsonObjectContextCustomizerFactory$DuplicateJsonObjectContextCustomizer@9bd0fa6, org.springframework.boot.test.mock.mockito.MockitoContextCustomizer@0, org.springframework.boot.test.context.SpringBootTestArgs@1, org.springframework.boot.test.context.SpringBootTestWebEnvironment@0], contextLoader = 'org.springframework.boot.test.context.SpringBootContextLoader', parent = [null]], attributes = map['org.springframework.test.context.event.ApplicationEventsTestExecutionListener.recordApplicationEvents' -> false]]; transaction manager [org.springframework.orm.jpa.JpaTransactionManager@dd26ca6]; rollback [true]
Hibernate: insert into board (board_id, created_at, last_modified_at, answer_count, board_status, board_type, body, bookmark_count, member_id, question_id, score, title, view_count) values (default, ?, ?, ?, ?, ?, ?, ?, ?, ?, ?, ?, ?)
Hibernate: insert into board (board_id, created_at, last_modified_at, answer_count, board_status, board_type, body, bookmark_count, member_id, question_id, score, title, view_count) values (default, ?, ?, ?, ?, ?, ?, ?, ?, ?, ?, ?, ?)
Hibernate: insert into member (member_id, created_at, last_modified_at, about_me, answers, display_name, email, full_name, github_link, location, member_status, password, profile_image_url, questions, reputation, title, twitter_link, website_link) values (default, ?, ?, ?, ?, ?, ?, ?, ?, ?, ?, ?, ?, ?, ?, ?, ?, ?)
Hibernate: insert into member (member_id, created_at, last_modified_at, about_me, answers, display_name, email, full_name, github_link, location, member_status, password, profile_image_url, questions, reputation, title, twitter_link, website_link) values (default, ?, ?, ?, ?, ?, ?, ?, ?, ?, ?, ?, ?, ?, ?, ?, ?, ?)
Hibernate: insert into vote (vote_id, created_at, last_modified_at, board_id, member_id, vote_type) values (default, ?, ?, ?, ?, ?)
Hibernate: insert into vote (vote_id, created_at, last_modified_at, board_id, member_id, vote_type) values (default, ?, ?, ?, ?, ?)
Hibernate: insert into vote (vote_id, created_at, last_modified_at, board_id, member_id, vote_type) values (default, ?, ?, ?, ?, ?)
2022-12-29 03:16:03.806  WARN 61055 --- [    Test worker] o.h.p.entity.AbstractEntityPersister     : HHH000502: The [member] property of the [com.seb41_pre_014.board.entity.Board] entity was modified, but it won't be updated because the property is immutable.
Hibernate: update board set last_modified_at=?, answer_count=?, board_status=?, board_type=?, body=?, bookmark_count=?, question_id=?, score=?, title=?, view_count=? where board_id=?
Hibernate: select board0_.board_id as board_id1_0_, board0_.created_at as created_2_0_, board0_.last_modified_at as last_mod3_0_, board0_.answer_count as answer_c4_0_, board0_.board_status as board_st5_0_, board0_.board_type as board_ty6_0_, board0_.body as body7_0_, board0_.bookmark_count as bookmark8_0_, board0_.member_id as member_13_0_, board0_.question_id as question9_0_, board0_.score as score10_0_, board0_.title as title11_0_, board0_.view_count as view_co12_0_ from board board0_ left outer join vote votes1_ on board0_.board_id=votes1_.board_id left outer join member member2_ on votes1_.member_id=member2_.member_id where member2_.member_id=? order by board0_.board_id desc limit ?
Hibernate: select board0_.board_id as board_id1_0_, board0_.created_at as created_2_0_, board0_.last_modified_at as last_mod3_0_, board0_.answer_count as answer_c4_0_, board0_.board_status as board_st5_0_, board0_.board_type as board_ty6_0_, board0_.body as body7_0_, board0_.bookmark_count as bookmark8_0_, board0_.member_id as member_13_0_, board0_.question_id as question9_0_, board0_.score as score10_0_, board0_.title as title11_0_, board0_.view_count as view_co12_0_ from board board0_ left outer join vote votes1_ on board0_.board_id=votes1_.board_id left outer join member member2_ on votes1_.member_id=member2_.member_id where member2_.member_id=? order by board0_.board_id desc limit ?
2022-12-29 03:16:03.819  INFO 61055 --- [    Test worker] o.s.t.c.transaction.TransactionContext   : Rolled back transaction for test: [DefaultTestContext@6980d3b3 testClass = BoardRepositoryTest, testInstance = com.seb41_pre_014.board.repository.BoardRepositoryTest@433ec38c, testMethod = findBoardsByVote@BoardRepositoryTest, testException = [null], mergedContextConfiguration = [MergedContextConfiguration@5f0a452d testClass = BoardRepositoryTest, locations = '{}', classes = '{class com.seb41_pre_014.Seb41Pre014Application}', contextInitializerClasses = '[]', activeProfiles = '{}', propertySourceLocations = '{}', propertySourceProperties = '{org.springframework.boot.test.autoconfigure.orm.jpa.DataJpaTestContextBootstrapper=true}', contextCustomizers = set[org.springframework.boot.test.autoconfigure.OverrideAutoConfigurationContextCustomizerFactory$DisableAutoConfigurationContextCustomizer@3ef7fb04, org.springframework.boot.test.autoconfigure.actuate.metrics.MetricsExportContextCustomizerFactory$DisableMetricExportContextCustomizer@3fc9dfc5, org.springframework.boot.test.autoconfigure.filter.TypeExcludeFiltersContextCustomizer@351584c0, org.springframework.boot.test.autoconfigure.properties.PropertyMappingContextCustomizer@d34a7b11, org.springframework.boot.test.autoconfigure.web.servlet.WebDriverContextCustomizerFactory$Customizer@3383649e, [ImportsContextCustomizer@3dd3f237 key = [org.springframework.boot.autoconfigure.cache.CacheAutoConfiguration, org.springframework.boot.autoconfigure.data.jpa.JpaRepositoriesAutoConfiguration, org.springframework.boot.autoconfigure.flyway.FlywayAutoConfiguration, org.springframework.boot.autoconfigure.jdbc.DataSourceAutoConfiguration, org.springframework.boot.autoconfigure.jdbc.DataSourceTransactionManagerAutoConfiguration, org.springframework.boot.autoconfigure.jdbc.JdbcTemplateAutoConfiguration, org.springframework.boot.autoconfigure.liquibase.LiquibaseAutoConfiguration, org.springframework.boot.autoconfigure.orm.jpa.HibernateJpaAutoConfiguration, org.springframework.boot.autoconfigure.sql.init.SqlInitializationAutoConfiguration, org.springframework.boot.autoconfigure.transaction.TransactionAutoConfiguration, org.springframework.boot.test.autoconfigure.jdbc.TestDatabaseAutoConfiguration, org.springframework.boot.test.autoconfigure.orm.jpa.TestEntityManagerAutoConfiguration]], org.springframework.boot.test.context.filter.ExcludeFilterContextCustomizer@1ce61929, org.springframework.boot.test.json.DuplicateJsonObjectContextCustomizerFactory$DuplicateJsonObjectContextCustomizer@9bd0fa6, org.springframework.boot.test.mock.mockito.MockitoContextCustomizer@0, org.springframework.boot.test.context.SpringBootTestArgs@1, org.springframework.boot.test.context.SpringBootTestWebEnvironment@0], contextLoader = 'org.springframework.boot.test.context.SpringBootContextLoader', parent = [null]], attributes = map['org.springframework.test.context.event.ApplicationEventsTestExecutionListener.recordApplicationEvents' -> false]]
2022-12-29 03:16:03.821  INFO 61055 --- [    Test worker] o.s.t.c.transaction.TransactionContext   : Began transaction (1) for test context [DefaultTestContext@6980d3b3 testClass = BoardRepositoryTest, testInstance = com.seb41_pre_014.board.repository.BoardRepositoryTest@18444e11, testMethod = findAllByTitleContaining@BoardRepositoryTest, testException = [null], mergedContextConfiguration = [MergedContextConfiguration@5f0a452d testClass = BoardRepositoryTest, locations = '{}', classes = '{class com.seb41_pre_014.Seb41Pre014Application}', contextInitializerClasses = '[]', activeProfiles = '{}', propertySourceLocations = '{}', propertySourceProperties = '{org.springframework.boot.test.autoconfigure.orm.jpa.DataJpaTestContextBootstrapper=true}', contextCustomizers = set[org.springframework.boot.test.autoconfigure.OverrideAutoConfigurationContextCustomizerFactory$DisableAutoConfigurationContextCustomizer@3ef7fb04, org.springframework.boot.test.autoconfigure.actuate.metrics.MetricsExportContextCustomizerFactory$DisableMetricExportContextCustomizer@3fc9dfc5, org.springframework.boot.test.autoconfigure.filter.TypeExcludeFiltersContextCustomizer@351584c0, org.springframework.boot.test.autoconfigure.properties.PropertyMappingContextCustomizer@d34a7b11, org.springframework.boot.test.autoconfigure.web.servlet.WebDriverContextCustomizerFactory$Customizer@3383649e, [ImportsContextCustomizer@3dd3f237 key = [org.springframework.boot.autoconfigure.cache.CacheAutoConfiguration, org.springframework.boot.autoconfigure.data.jpa.JpaRepositoriesAutoConfiguration, org.springframework.boot.autoconfigure.flyway.FlywayAutoConfiguration, org.springframework.boot.autoconfigure.jdbc.DataSourceAutoConfiguration, org.springframework.boot.autoconfigure.jdbc.DataSourceTransactionManagerAutoConfiguration, org.springframework.boot.autoconfigure.jdbc.JdbcTemplateAutoConfiguration, org.springframework.boot.autoconfigure.liquibase.LiquibaseAutoConfiguration, org.springframework.boot.autoconfigure.orm.jpa.HibernateJpaAutoConfiguration, org.springframework.boot.autoconfigure.sql.init.SqlInitializationAutoConfiguration, org.springframework.boot.autoconfigure.transaction.TransactionAutoConfiguration, org.springframework.boot.test.autoconfigure.jdbc.TestDatabaseAutoConfiguration, org.springframework.boot.test.autoconfigure.orm.jpa.TestEntityManagerAutoConfiguration]], org.springframework.boot.test.context.filter.ExcludeFilterContextCustomizer@1ce61929, org.springframework.boot.test.json.DuplicateJsonObjectContextCustomizerFactory$DuplicateJsonObjectContextCustomizer@9bd0fa6, org.springframework.boot.test.mock.mockito.MockitoContextCustomizer@0, org.springframework.boot.test.context.SpringBootTestArgs@1, org.springframework.boot.test.context.SpringBootTestWebEnvironment@0], contextLoader = 'org.springframework.boot.test.context.SpringBootContextLoader', parent = [null]], attributes = map['org.springframework.test.context.event.ApplicationEventsTestExecutionListener.recordApplicationEvents' -> false]]; transaction manager [org.springframework.orm.jpa.JpaTransactionManager@dd26ca6]; rollback [true]
Hibernate: insert into board (board_id, created_at, last_modified_at, answer_count, board_status, board_type, body, bookmark_count, member_id, question_id, score, title, view_count) values (default, ?, ?, ?, ?, ?, ?, ?, ?, ?, ?, ?, ?)
Hibernate: insert into board (board_id, created_at, last_modified_at, answer_count, board_status, board_type, body, bookmark_count, member_id, question_id, score, title, view_count) values (default, ?, ?, ?, ?, ?, ?, ?, ?, ?, ?, ?, ?)
Hibernate: select board0_.board_id as board_id1_0_, board0_.created_at as created_2_0_, board0_.last_modified_at as last_mod3_0_, board0_.answer_count as answer_c4_0_, board0_.board_status as board_st5_0_, board0_.board_type as board_ty6_0_, board0_.body as body7_0_, board0_.bookmark_count as bookmark8_0_, board0_.member_id as member_13_0_, board0_.question_id as question9_0_, board0_.score as score10_0_, board0_.title as title11_0_, board0_.view_count as view_co12_0_ from board board0_ where board0_.title like ? escape ? order by board0_.board_id desc limit ?
Hibernate: select board0_.board_id as board_id1_0_, board0_.created_at as created_2_0_, board0_.last_modified_at as last_mod3_0_, board0_.answer_count as answer_c4_0_, board0_.board_status as board_st5_0_, board0_.board_type as board_ty6_0_, board0_.body as body7_0_, board0_.bookmark_count as bookmark8_0_, board0_.member_id as member_13_0_, board0_.question_id as question9_0_, board0_.score as score10_0_, board0_.title as title11_0_, board0_.view_count as view_co12_0_ from board board0_ where board0_.title like ? escape ? order by board0_.board_id desc limit ?
2022-12-29 03:16:03.836  INFO 61055 --- [    Test worker] o.s.t.c.transaction.TransactionContext   : Rolled back transaction for test: [DefaultTestContext@6980d3b3 testClass = BoardRepositoryTest, testInstance = com.seb41_pre_014.board.repository.BoardRepositoryTest@18444e11, testMethod = findAllByTitleContaining@BoardRepositoryTest, testException = [null], mergedContextConfiguration = [MergedContextConfiguration@5f0a452d testClass = BoardRepositoryTest, locations = '{}', classes = '{class com.seb41_pre_014.Seb41Pre014Application}', contextInitializerClasses = '[]', activeProfiles = '{}', propertySourceLocations = '{}', propertySourceProperties = '{org.springframework.boot.test.autoconfigure.orm.jpa.DataJpaTestContextBootstrapper=true}', contextCustomizers = set[org.springframework.boot.test.autoconfigure.OverrideAutoConfigurationContextCustomizerFactory$DisableAutoConfigurationContextCustomizer@3ef7fb04, org.springframework.boot.test.autoconfigure.actuate.metrics.MetricsExportContextCustomizerFactory$DisableMetricExportContextCustomizer@3fc9dfc5, org.springframework.boot.test.autoconfigure.filter.TypeExcludeFiltersContextCustomizer@351584c0, org.springframework.boot.test.autoconfigure.properties.PropertyMappingContextCustomizer@d34a7b11, org.springframework.boot.test.autoconfigure.web.servlet.WebDriverContextCustomizerFactory$Customizer@3383649e, [ImportsContextCustomizer@3dd3f237 key = [org.springframework.boot.autoconfigure.cache.CacheAutoConfiguration, org.springframework.boot.autoconfigure.data.jpa.JpaRepositoriesAutoConfiguration, org.springframework.boot.autoconfigure.flyway.FlywayAutoConfiguration, org.springframework.boot.autoconfigure.jdbc.DataSourceAutoConfiguration, org.springframework.boot.autoconfigure.jdbc.DataSourceTransactionManagerAutoConfiguration, org.springframework.boot.autoconfigure.jdbc.JdbcTemplateAutoConfiguration, org.springframework.boot.autoconfigure.liquibase.LiquibaseAutoConfiguration, org.springframework.boot.autoconfigure.orm.jpa.HibernateJpaAutoConfiguration, org.springframework.boot.autoconfigure.sql.init.SqlInitializationAutoConfiguration, org.springframework.boot.autoconfigure.transaction.TransactionAutoConfiguration, org.springframework.boot.test.autoconfigure.jdbc.TestDatabaseAutoConfiguration, org.springframework.boot.test.autoconfigure.orm.jpa.TestEntityManagerAutoConfiguration]], org.springframework.boot.test.context.filter.ExcludeFilterContextCustomizer@1ce61929, org.springframework.boot.test.json.DuplicateJsonObjectContextCustomizerFactory$DuplicateJsonObjectContextCustomizer@9bd0fa6, org.springframework.boot.test.mock.mockito.MockitoContextCustomizer@0, org.springframework.boot.test.context.SpringBootTestArgs@1, org.springframework.boot.test.context.SpringBootTestWebEnvironment@0], contextLoader = 'org.springframework.boot.test.context.SpringBootContextLoader', parent = [null]], attributes = map['org.springframework.test.context.event.ApplicationEventsTestExecutionListener.recordApplicationEvents' -> false]]
2022-12-29 03:16:03.838  INFO 61055 --- [    Test worker] o.s.t.c.transaction.TransactionContext   : Began transaction (1) for test context [DefaultTestContext@6980d3b3 testClass = BoardRepositoryTest, testInstance = com.seb41_pre_014.board.repository.BoardRepositoryTest@259ecefe, testMethod = findAnswersByMember@BoardRepositoryTest, testException = [null], mergedContextConfiguration = [MergedContextConfiguration@5f0a452d testClass = BoardRepositoryTest, locations = '{}', classes = '{class com.seb41_pre_014.Seb41Pre014Application}', contextInitializerClasses = '[]', activeProfiles = '{}', propertySourceLocations = '{}', propertySourceProperties = '{org.springframework.boot.test.autoconfigure.orm.jpa.DataJpaTestContextBootstrapper=true}', contextCustomizers = set[org.springframework.boot.test.autoconfigure.OverrideAutoConfigurationContextCustomizerFactory$DisableAutoConfigurationContextCustomizer@3ef7fb04, org.springframework.boot.test.autoconfigure.actuate.metrics.MetricsExportContextCustomizerFactory$DisableMetricExportContextCustomizer@3fc9dfc5, org.springframework.boot.test.autoconfigure.filter.TypeExcludeFiltersContextCustomizer@351584c0, org.springframework.boot.test.autoconfigure.properties.PropertyMappingContextCustomizer@d34a7b11, org.springframework.boot.test.autoconfigure.web.servlet.WebDriverContextCustomizerFactory$Customizer@3383649e, [ImportsContextCustomizer@3dd3f237 key = [org.springframework.boot.autoconfigure.cache.CacheAutoConfiguration, org.springframework.boot.autoconfigure.data.jpa.JpaRepositoriesAutoConfiguration, org.springframework.boot.autoconfigure.flyway.FlywayAutoConfiguration, org.springframework.boot.autoconfigure.jdbc.DataSourceAutoConfiguration, org.springframework.boot.autoconfigure.jdbc.DataSourceTransactionManagerAutoConfiguration, org.springframework.boot.autoconfigure.jdbc.JdbcTemplateAutoConfiguration, org.springframework.boot.autoconfigure.liquibase.LiquibaseAutoConfiguration, org.springframework.boot.autoconfigure.orm.jpa.HibernateJpaAutoConfiguration, org.springframework.boot.autoconfigure.sql.init.SqlInitializationAutoConfiguration, org.springframework.boot.autoconfigure.transaction.TransactionAutoConfiguration, org.springframework.boot.test.autoconfigure.jdbc.TestDatabaseAutoConfiguration, org.springframework.boot.test.autoconfigure.orm.jpa.TestEntityManagerAutoConfiguration]], org.springframework.boot.test.context.filter.ExcludeFilterContextCustomizer@1ce61929, org.springframework.boot.test.json.DuplicateJsonObjectContextCustomizerFactory$DuplicateJsonObjectContextCustomizer@9bd0fa6, org.springframework.boot.test.mock.mockito.MockitoContextCustomizer@0, org.springframework.boot.test.context.SpringBootTestArgs@1, org.springframework.boot.test.context.SpringBootTestWebEnvironment@0], contextLoader = 'org.springframework.boot.test.context.SpringBootContextLoader', parent = [null]], attributes = map['org.springframework.test.context.event.ApplicationEventsTestExecutionListener.recordApplicationEvents' -> false]]; transaction manager [org.springframework.orm.jpa.JpaTransactionManager@dd26ca6]; rollback [true]
Hibernate: insert into member (member_id, created_at, last_modified_at, about_me, answers, display_name, email, full_name, github_link, location, member_status, password, profile_image_url, questions, reputation, title, twitter_link, website_link) values (default, ?, ?, ?, ?, ?, ?, ?, ?, ?, ?, ?, ?, ?, ?, ?, ?, ?)
Hibernate: insert into member (member_id, created_at, last_modified_at, about_me, answers, display_name, email, full_name, github_link, location, member_status, password, profile_image_url, questions, reputation, title, twitter_link, website_link) values (default, ?, ?, ?, ?, ?, ?, ?, ?, ?, ?, ?, ?, ?, ?, ?, ?, ?)
Hibernate: insert into board (board_id, created_at, last_modified_at, answer_count, board_status, board_type, body, bookmark_count, member_id, question_id, score, title, view_count) values (default, ?, ?, ?, ?, ?, ?, ?, ?, ?, ?, ?, ?)
Hibernate: insert into board (board_id, created_at, last_modified_at, answer_count, board_status, board_type, body, bookmark_count, member_id, question_id, score, title, view_count) values (default, ?, ?, ?, ?, ?, ?, ?, ?, ?, ?, ?, ?)
Hibernate: select board0_.board_id as board_id1_0_, board0_.created_at as created_2_0_, board0_.last_modified_at as last_mod3_0_, board0_.answer_count as answer_c4_0_, board0_.board_status as board_st5_0_, board0_.board_type as board_ty6_0_, board0_.body as body7_0_, board0_.bookmark_count as bookmark8_0_, board0_.member_id as member_13_0_, board0_.question_id as question9_0_, board0_.score as score10_0_, board0_.title as title11_0_, board0_.view_count as view_co12_0_ from board board0_ left outer join member member1_ on board0_.member_id=member1_.member_id where member1_.member_id=? and board0_.board_type=? order by board0_.board_id desc limit ?
2022-12-29 03:16:03.850  INFO 61055 --- [    Test worker] o.s.t.c.transaction.TransactionContext   : Rolled back transaction for test: [DefaultTestContext@6980d3b3 testClass = BoardRepositoryTest, testInstance = com.seb41_pre_014.board.repository.BoardRepositoryTest@259ecefe, testMethod = findAnswersByMember@BoardRepositoryTest, testException = [null], mergedContextConfiguration = [MergedContextConfiguration@5f0a452d testClass = BoardRepositoryTest, locations = '{}', classes = '{class com.seb41_pre_014.Seb41Pre014Application}', contextInitializerClasses = '[]', activeProfiles = '{}', propertySourceLocations = '{}', propertySourceProperties = '{org.springframework.boot.test.autoconfigure.orm.jpa.DataJpaTestContextBootstrapper=true}', contextCustomizers = set[org.springframework.boot.test.autoconfigure.OverrideAutoConfigurationContextCustomizerFactory$DisableAutoConfigurationContextCustomizer@3ef7fb04, org.springframework.boot.test.autoconfigure.actuate.metrics.MetricsExportContextCustomizerFactory$DisableMetricExportContextCustomizer@3fc9dfc5, org.springframework.boot.test.autoconfigure.filter.TypeExcludeFiltersContextCustomizer@351584c0, org.springframework.boot.test.autoconfigure.properties.PropertyMappingContextCustomizer@d34a7b11, org.springframework.boot.test.autoconfigure.web.servlet.WebDriverContextCustomizerFactory$Customizer@3383649e, [ImportsContextCustomizer@3dd3f237 key = [org.springframework.boot.autoconfigure.cache.CacheAutoConfiguration, org.springframework.boot.autoconfigure.data.jpa.JpaRepositoriesAutoConfiguration, org.springframework.boot.autoconfigure.flyway.FlywayAutoConfiguration, org.springframework.boot.autoconfigure.jdbc.DataSourceAutoConfiguration, org.springframework.boot.autoconfigure.jdbc.DataSourceTransactionManagerAutoConfiguration, org.springframework.boot.autoconfigure.jdbc.JdbcTemplateAutoConfiguration, org.springframework.boot.autoconfigure.liquibase.LiquibaseAutoConfiguration, org.springframework.boot.autoconfigure.orm.jpa.HibernateJpaAutoConfiguration, org.springframework.boot.autoconfigure.sql.init.SqlInitializationAutoConfiguration, org.springframework.boot.autoconfigure.transaction.TransactionAutoConfiguration, org.springframework.boot.test.autoconfigure.jdbc.TestDatabaseAutoConfiguration, org.springframework.boot.test.autoconfigure.orm.jpa.TestEntityManagerAutoConfiguration]], org.springframework.boot.test.context.filter.ExcludeFilterContextCustomizer@1ce61929, org.springframework.boot.test.json.DuplicateJsonObjectContextCustomizerFactory$DuplicateJsonObjectContextCustomizer@9bd0fa6, org.springframework.boot.test.mock.mockito.MockitoContextCustomizer@0, org.springframework.boot.test.context.SpringBootTestArgs@1, org.springframework.boot.test.context.SpringBootTestWebEnvironment@0], contextLoader = 'org.springframework.boot.test.context.SpringBootContextLoader', parent = [null]], attributes = map['org.springframework.test.context.event.ApplicationEventsTestExecutionListener.recordApplicationEvents' -> false]]
2022-12-29 03:16:03.852  INFO 61055 --- [    Test worker] o.s.t.c.transaction.TransactionContext   : Began transaction (1) for test context [DefaultTestContext@6980d3b3 testClass = BoardRepositoryTest, testInstance = com.seb41_pre_014.board.repository.BoardRepositoryTest@3c596a57, testMethod = findQuestionsByMember@BoardRepositoryTest, testException = [null], mergedContextConfiguration = [MergedContextConfiguration@5f0a452d testClass = BoardRepositoryTest, locations = '{}', classes = '{class com.seb41_pre_014.Seb41Pre014Application}', contextInitializerClasses = '[]', activeProfiles = '{}', propertySourceLocations = '{}', propertySourceProperties = '{org.springframework.boot.test.autoconfigure.orm.jpa.DataJpaTestContextBootstrapper=true}', contextCustomizers = set[org.springframework.boot.test.autoconfigure.OverrideAutoConfigurationContextCustomizerFactory$DisableAutoConfigurationContextCustomizer@3ef7fb04, org.springframework.boot.test.autoconfigure.actuate.metrics.MetricsExportContextCustomizerFactory$DisableMetricExportContextCustomizer@3fc9dfc5, org.springframework.boot.test.autoconfigure.filter.TypeExcludeFiltersContextCustomizer@351584c0, org.springframework.boot.test.autoconfigure.properties.PropertyMappingContextCustomizer@d34a7b11, org.springframework.boot.test.autoconfigure.web.servlet.WebDriverContextCustomizerFactory$Customizer@3383649e, [ImportsContextCustomizer@3dd3f237 key = [org.springframework.boot.autoconfigure.cache.CacheAutoConfiguration, org.springframework.boot.autoconfigure.data.jpa.JpaRepositoriesAutoConfiguration, org.springframework.boot.autoconfigure.flyway.FlywayAutoConfiguration, org.springframework.boot.autoconfigure.jdbc.DataSourceAutoConfiguration, org.springframework.boot.autoconfigure.jdbc.DataSourceTransactionManagerAutoConfiguration, org.springframework.boot.autoconfigure.jdbc.JdbcTemplateAutoConfiguration, org.springframework.boot.autoconfigure.liquibase.LiquibaseAutoConfiguration, org.springframework.boot.autoconfigure.orm.jpa.HibernateJpaAutoConfiguration, org.springframework.boot.autoconfigure.sql.init.SqlInitializationAutoConfiguration, org.springframework.boot.autoconfigure.transaction.TransactionAutoConfiguration, org.springframework.boot.test.autoconfigure.jdbc.TestDatabaseAutoConfiguration, org.springframework.boot.test.autoconfigure.orm.jpa.TestEntityManagerAutoConfiguration]], org.springframework.boot.test.context.filter.ExcludeFilterContextCustomizer@1ce61929, org.springframework.boot.test.json.DuplicateJsonObjectContextCustomizerFactory$DuplicateJsonObjectContextCustomizer@9bd0fa6, org.springframework.boot.test.mock.mockito.MockitoContextCustomizer@0, org.springframework.boot.test.context.SpringBootTestArgs@1, org.springframework.boot.test.context.SpringBootTestWebEnvironment@0], contextLoader = 'org.springframework.boot.test.context.SpringBootContextLoader', parent = [null]], attributes = map['org.springframework.test.context.event.ApplicationEventsTestExecutionListener.recordApplicationEvents' -> false]]; transaction manager [org.springframework.orm.jpa.JpaTransactionManager@dd26ca6]; rollback [true]
Hibernate: insert into member (member_id, created_at, last_modified_at, about_me, answers, display_name, email, full_name, github_link, location, member_status, password, profile_image_url, questions, reputation, title, twitter_link, website_link) values (default, ?, ?, ?, ?, ?, ?, ?, ?, ?, ?, ?, ?, ?, ?, ?, ?, ?)
Hibernate: insert into member (member_id, created_at, last_modified_at, about_me, answers, display_name, email, full_name, github_link, location, member_status, password, profile_image_url, questions, reputation, title, twitter_link, website_link) values (default, ?, ?, ?, ?, ?, ?, ?, ?, ?, ?, ?, ?, ?, ?, ?, ?, ?)
Hibernate: insert into board (board_id, created_at, last_modified_at, answer_count, board_status, board_type, body, bookmark_count, member_id, question_id, score, title, view_count) values (default, ?, ?, ?, ?, ?, ?, ?, ?, ?, ?, ?, ?)
Hibernate: insert into board (board_id, created_at, last_modified_at, answer_count, board_status, board_type, body, bookmark_count, member_id, question_id, score, title, view_count) values (default, ?, ?, ?, ?, ?, ?, ?, ?, ?, ?, ?, ?)
Hibernate: select board0_.board_id as board_id1_0_, board0_.created_at as created_2_0_, board0_.last_modified_at as last_mod3_0_, board0_.answer_count as answer_c4_0_, board0_.board_status as board_st5_0_, board0_.board_type as board_ty6_0_, board0_.body as body7_0_, board0_.bookmark_count as bookmark8_0_, board0_.member_id as member_13_0_, board0_.question_id as question9_0_, board0_.score as score10_0_, board0_.title as title11_0_, board0_.view_count as view_co12_0_ from board board0_ left outer join member member1_ on board0_.member_id=member1_.member_id where member1_.member_id=? and board0_.board_type=? order by board0_.board_id desc limit ?
2022-12-29 03:16:03.859  INFO 61055 --- [    Test worker] o.s.t.c.transaction.TransactionContext   : Rolled back transaction for test: [DefaultTestContext@6980d3b3 testClass = BoardRepositoryTest, testInstance = com.seb41_pre_014.board.repository.BoardRepositoryTest@3c596a57, testMethod = findQuestionsByMember@BoardRepositoryTest, testException = [null], mergedContextConfiguration = [MergedContextConfiguration@5f0a452d testClass = BoardRepositoryTest, locations = '{}', classes = '{class com.seb41_pre_014.Seb41Pre014Application}', contextInitializerClasses = '[]', activeProfiles = '{}', propertySourceLocations = '{}', propertySourceProperties = '{org.springframework.boot.test.autoconfigure.orm.jpa.DataJpaTestContextBootstrapper=true}', contextCustomizers = set[org.springframework.boot.test.autoconfigure.OverrideAutoConfigurationContextCustomizerFactory$DisableAutoConfigurationContextCustomizer@3ef7fb04, org.springframework.boot.test.autoconfigure.actuate.metrics.MetricsExportContextCustomizerFactory$DisableMetricExportContextCustomizer@3fc9dfc5, org.springframework.boot.test.autoconfigure.filter.TypeExcludeFiltersContextCustomizer@351584c0, org.springframework.boot.test.autoconfigure.properties.PropertyMappingContextCustomizer@d34a7b11, org.springframework.boot.test.autoconfigure.web.servlet.WebDriverContextCustomizerFactory$Customizer@3383649e, [ImportsContextCustomizer@3dd3f237 key = [org.springframework.boot.autoconfigure.cache.CacheAutoConfiguration, org.springframework.boot.autoconfigure.data.jpa.JpaRepositoriesAutoConfiguration, org.springframework.boot.autoconfigure.flyway.FlywayAutoConfiguration, org.springframework.boot.autoconfigure.jdbc.DataSourceAutoConfiguration, org.springframework.boot.autoconfigure.jdbc.DataSourceTransactionManagerAutoConfiguration, org.springframework.boot.autoconfigure.jdbc.JdbcTemplateAutoConfiguration, org.springframework.boot.autoconfigure.liquibase.LiquibaseAutoConfiguration, org.springframework.boot.autoconfigure.orm.jpa.HibernateJpaAutoConfiguration, org.springframework.boot.autoconfigure.sql.init.SqlInitializationAutoConfiguration, org.springframework.boot.autoconfigure.transaction.TransactionAutoConfiguration, org.springframework.boot.test.autoconfigure.jdbc.TestDatabaseAutoConfiguration, org.springframework.boot.test.autoconfigure.orm.jpa.TestEntityManagerAutoConfiguration]], org.springframework.boot.test.context.filter.ExcludeFilterContextCustomizer@1ce61929, org.springframework.boot.test.json.DuplicateJsonObjectContextCustomizerFactory$DuplicateJsonObjectContextCustomizer@9bd0fa6, org.springframework.boot.test.mock.mockito.MockitoContextCustomizer@0, org.springframework.boot.test.context.SpringBootTestArgs@1, org.springframework.boot.test.context.SpringBootTestWebEnvironment@0], contextLoader = 'org.springframework.boot.test.context.SpringBootContextLoader', parent = [null]], attributes = map['org.springframework.test.context.event.ApplicationEventsTestExecutionListener.recordApplicationEvents' -> false]]
2022-12-29 03:16:03.861  INFO 61055 --- [    Test worker] o.s.t.c.transaction.TransactionContext   : Began transaction (1) for test context [DefaultTestContext@6980d3b3 testClass = BoardRepositoryTest, testInstance = com.seb41_pre_014.board.repository.BoardRepositoryTest@4f6f13f0, testMethod = postBoard@BoardRepositoryTest, testException = [null], mergedContextConfiguration = [MergedContextConfiguration@5f0a452d testClass = BoardRepositoryTest, locations = '{}', classes = '{class com.seb41_pre_014.Seb41Pre014Application}', contextInitializerClasses = '[]', activeProfiles = '{}', propertySourceLocations = '{}', propertySourceProperties = '{org.springframework.boot.test.autoconfigure.orm.jpa.DataJpaTestContextBootstrapper=true}', contextCustomizers = set[org.springframework.boot.test.autoconfigure.OverrideAutoConfigurationContextCustomizerFactory$DisableAutoConfigurationContextCustomizer@3ef7fb04, org.springframework.boot.test.autoconfigure.actuate.metrics.MetricsExportContextCustomizerFactory$DisableMetricExportContextCustomizer@3fc9dfc5, org.springframework.boot.test.autoconfigure.filter.TypeExcludeFiltersContextCustomizer@351584c0, org.springframework.boot.test.autoconfigure.properties.PropertyMappingContextCustomizer@d34a7b11, org.springframework.boot.test.autoconfigure.web.servlet.WebDriverContextCustomizerFactory$Customizer@3383649e, [ImportsContextCustomizer@3dd3f237 key = [org.springframework.boot.autoconfigure.cache.CacheAutoConfiguration, org.springframework.boot.autoconfigure.data.jpa.JpaRepositoriesAutoConfiguration, org.springframework.boot.autoconfigure.flyway.FlywayAutoConfiguration, org.springframework.boot.autoconfigure.jdbc.DataSourceAutoConfiguration, org.springframework.boot.autoconfigure.jdbc.DataSourceTransactionManagerAutoConfiguration, org.springframework.boot.autoconfigure.jdbc.JdbcTemplateAutoConfiguration, org.springframework.boot.autoconfigure.liquibase.LiquibaseAutoConfiguration, org.springframework.boot.autoconfigure.orm.jpa.HibernateJpaAutoConfiguration, org.springframework.boot.autoconfigure.sql.init.SqlInitializationAutoConfiguration, org.springframework.boot.autoconfigure.transaction.TransactionAutoConfiguration, org.springframework.boot.test.autoconfigure.jdbc.TestDatabaseAutoConfiguration, org.springframework.boot.test.autoconfigure.orm.jpa.TestEntityManagerAutoConfiguration]], org.springframework.boot.test.context.filter.ExcludeFilterContextCustomizer@1ce61929, org.springframework.boot.test.json.DuplicateJsonObjectContextCustomizerFactory$DuplicateJsonObjectContextCustomizer@9bd0fa6, org.springframework.boot.test.mock.mockito.MockitoContextCustomizer@0, org.springframework.boot.test.context.SpringBootTestArgs@1, org.springframework.boot.test.context.SpringBootTestWebEnvironment@0], contextLoader = 'org.springframework.boot.test.context.SpringBootContextLoader', parent = [null]], attributes = map['org.springframework.test.context.event.ApplicationEventsTestExecutionListener.recordApplicationEvents' -> false]]; transaction manager [org.springframework.orm.jpa.JpaTransactionManager@dd26ca6]; rollback [true]
Hibernate: insert into board (board_id, created_at, last_modified_at, answer_count, board_status, board_type, body, bookmark_count, member_id, question_id, score, title, view_count) values (default, ?, ?, ?, ?, ?, ?, ?, ?, ?, ?, ?, ?)
2022-12-29 03:16:03.865  INFO 61055 --- [    Test worker] o.s.t.c.transaction.TransactionContext   : Rolled back transaction for test: [DefaultTestContext@6980d3b3 testClass = BoardRepositoryTest, testInstance = com.seb41_pre_014.board.repository.BoardRepositoryTest@4f6f13f0, testMethod = postBoard@BoardRepositoryTest, testException = [null], mergedContextConfiguration = [MergedContextConfiguration@5f0a452d testClass = BoardRepositoryTest, locations = '{}', classes = '{class com.seb41_pre_014.Seb41Pre014Application}', contextInitializerClasses = '[]', activeProfiles = '{}', propertySourceLocations = '{}', propertySourceProperties = '{org.springframework.boot.test.autoconfigure.orm.jpa.DataJpaTestContextBootstrapper=true}', contextCustomizers = set[org.springframework.boot.test.autoconfigure.OverrideAutoConfigurationContextCustomizerFactory$DisableAutoConfigurationContextCustomizer@3ef7fb04, org.springframework.boot.test.autoconfigure.actuate.metrics.MetricsExportContextCustomizerFactory$DisableMetricExportContextCustomizer@3fc9dfc5, org.springframework.boot.test.autoconfigure.filter.TypeExcludeFiltersContextCustomizer@351584c0, org.springframework.boot.test.autoconfigure.properties.PropertyMappingContextCustomizer@d34a7b11, org.springframework.boot.test.autoconfigure.web.servlet.WebDriverContextCustomizerFactory$Customizer@3383649e, [ImportsContextCustomizer@3dd3f237 key = [org.springframework.boot.autoconfigure.cache.CacheAutoConfiguration, org.springframework.boot.autoconfigure.data.jpa.JpaRepositoriesAutoConfiguration, org.springframework.boot.autoconfigure.flyway.FlywayAutoConfiguration, org.springframework.boot.autoconfigure.jdbc.DataSourceAutoConfiguration, org.springframework.boot.autoconfigure.jdbc.DataSourceTransactionManagerAutoConfiguration, org.springframework.boot.autoconfigure.jdbc.JdbcTemplateAutoConfiguration, org.springframework.boot.autoconfigure.liquibase.LiquibaseAutoConfiguration, org.springframework.boot.autoconfigure.orm.jpa.HibernateJpaAutoConfiguration, org.springframework.boot.autoconfigure.sql.init.SqlInitializationAutoConfiguration, org.springframework.boot.autoconfigure.transaction.TransactionAutoConfiguration, org.springframework.boot.test.autoconfigure.jdbc.TestDatabaseAutoConfiguration, org.springframework.boot.test.autoconfigure.orm.jpa.TestEntityManagerAutoConfiguration]], org.springframework.boot.test.context.filter.ExcludeFilterContextCustomizer@1ce61929, org.springframework.boot.test.json.DuplicateJsonObjectContextCustomizerFactory$DuplicateJsonObjectContextCustomizer@9bd0fa6, org.springframework.boot.test.mock.mockito.MockitoContextCustomizer@0, org.springframework.boot.test.context.SpringBootTestArgs@1, org.springframework.boot.test.context.SpringBootTestWebEnvironment@0], contextLoader = 'org.springframework.boot.test.context.SpringBootContextLoader', parent = [null]], attributes = map['org.springframework.test.context.event.ApplicationEventsTestExecutionListener.recordApplicationEvents' -> false]]
]]></system-out>
  <system-err><![CDATA[]]></system-err>
</testsuite>
