<?xml version="1.0" encoding="UTF-8"?>
<testsuite name="com.seb41_pre_014.restdocs.board.BoardControllerRestDocsTest" tests="13" skipped="0" failures="0" errors="0" timestamp="2022-12-26T18:56:00" hostname="gimchanbin-ui-MacBookPro.local" time="0.726">
  <properties/>
  <testcase name="findAllByAnswerCount()" classname="com.seb41_pre_014.restdocs.board.BoardControllerRestDocsTest" time="0.213"/>
  <testcase name="postQuestion()" classname="com.seb41_pre_014.restdocs.board.BoardControllerRestDocsTest" time="0.118"/>
  <testcase name="findAllByViewCount()" classname="com.seb41_pre_014.restdocs.board.BoardControllerRestDocsTest" time="0.03"/>
  <testcase name="findAnsersByold()" classname="com.seb41_pre_014.restdocs.board.BoardControllerRestDocsTest" time="0.029"/>
  <testcase name="findAllBySearch()" classname="com.seb41_pre_014.restdocs.board.BoardControllerRestDocsTest" time="0.031"/>
  <testcase name="deleteBoard()" classname="com.seb41_pre_014.restdocs.board.BoardControllerRestDocsTest" time="0.011"/>
  <testcase name="findAllQuestions()" classname="com.seb41_pre_014.restdocs.board.BoardControllerRestDocsTest" time="0.025"/>
  <testcase name="updateBoard()" classname="com.seb41_pre_014.restdocs.board.BoardControllerRestDocsTest" time="0.035"/>
  <testcase name="findAllAnswers()" classname="com.seb41_pre_014.restdocs.board.BoardControllerRestDocsTest" time="0.032"/>
  <testcase name="findBoard()" classname="com.seb41_pre_014.restdocs.board.BoardControllerRestDocsTest" time="0.09"/>
  <testcase name="findAllByScore()" classname="com.seb41_pre_014.restdocs.board.BoardControllerRestDocsTest" time="0.028"/>
  <testcase name="postAnswer()" classname="com.seb41_pre_014.restdocs.board.BoardControllerRestDocsTest" time="0.032"/>
  <testcase name="findAnswersByScore()" classname="com.seb41_pre_014.restdocs.board.BoardControllerRestDocsTest" time="0.022"/>
  <system-out><![CDATA[2022-12-27 03:56:00.309  INFO 30093 --- [    Test worker] .b.t.a.w.s.WebMvcTestContextBootstrapper : Neither @ContextConfiguration nor @ContextHierarchy found for test class [com.seb41_pre_014.restdocs.board.BoardControllerRestDocsTest], using SpringBootContextLoader
2022-12-27 03:56:00.310  INFO 30093 --- [    Test worker] o.s.t.c.support.AbstractContextLoader    : Could not detect default resource locations for test class [com.seb41_pre_014.restdocs.board.BoardControllerRestDocsTest]: no resource found for suffixes {-context.xml, Context.groovy}.
2022-12-27 03:56:00.311  INFO 30093 --- [    Test worker] t.c.s.AnnotationConfigContextLoaderUtils : Could not detect default configuration classes for test class [com.seb41_pre_014.restdocs.board.BoardControllerRestDocsTest]: BoardControllerRestDocsTest does not declare any static, non-private, non-final, nested classes annotated with @Configuration.
2022-12-27 03:56:00.320  INFO 30093 --- [    Test worker] .b.t.c.SpringBootTestContextBootstrapper : Found @SpringBootConfiguration com.seb41_pre_014.Seb41Pre014Application for test class com.seb41_pre_014.restdocs.board.BoardControllerRestDocsTest
2022-12-27 03:56:00.321  INFO 30093 --- [    Test worker] .b.t.a.w.s.WebMvcTestContextBootstrapper : Loaded default TestExecutionListener class names from location [META-INF/spring.factories]: [org.springframework.boot.test.autoconfigure.restdocs.RestDocsTestExecutionListener, org.springframework.boot.test.autoconfigure.web.client.MockRestServiceServerResetTestExecutionListener, org.springframework.boot.test.autoconfigure.web.servlet.MockMvcPrintOnlyOnFailureTestExecutionListener, org.springframework.boot.test.autoconfigure.web.servlet.WebDriverTestExecutionListener, org.springframework.boot.test.autoconfigure.webservices.client.MockWebServiceServerTestExecutionListener, org.springframework.boot.test.mock.mockito.MockitoTestExecutionListener, org.springframework.boot.test.mock.mockito.ResetMocksTestExecutionListener, org.springframework.test.context.web.ServletTestExecutionListener, org.springframework.test.context.support.DirtiesContextBeforeModesTestExecutionListener, org.springframework.test.context.event.ApplicationEventsTestExecutionListener, org.springframework.test.context.support.DependencyInjectionTestExecutionListener, org.springframework.test.context.support.DirtiesContextTestExecutionListener, org.springframework.test.context.transaction.TransactionalTestExecutionListener, org.springframework.test.context.jdbc.SqlScriptsTestExecutionListener, org.springframework.test.context.event.EventPublishingTestExecutionListener]
2022-12-27 03:56:00.321  INFO 30093 --- [    Test worker] .b.t.a.w.s.WebMvcTestContextBootstrapper : Using TestExecutionListeners: [org.springframework.test.context.web.ServletTestExecutionListener@49a46f29, org.springframework.test.context.support.DirtiesContextBeforeModesTestExecutionListener@7356ec91, org.springframework.test.context.event.ApplicationEventsTestExecutionListener@3f803fae, org.springframework.boot.test.mock.mockito.MockitoTestExecutionListener@33224703, org.springframework.boot.test.autoconfigure.SpringBootDependencyInjectionTestExecutionListener@5915ab69, org.springframework.test.context.support.DirtiesContextTestExecutionListener@1d63f6be, org.springframework.test.context.transaction.TransactionalTestExecutionListener@23a0c7f3, org.springframework.test.context.jdbc.SqlScriptsTestExecutionListener@21b96db, org.springframework.test.context.event.EventPublishingTestExecutionListener@76a13b12, org.springframework.boot.test.autoconfigure.restdocs.RestDocsTestExecutionListener@7475f57e, org.springframework.boot.test.autoconfigure.web.client.MockRestServiceServerResetTestExecutionListener@514f2b5c, org.springframework.boot.test.autoconfigure.web.servlet.MockMvcPrintOnlyOnFailureTestExecutionListener@f3cc2e0, org.springframework.boot.test.autoconfigure.web.servlet.WebDriverTestExecutionListener@70ba01be, org.springframework.boot.test.autoconfigure.webservices.client.MockWebServiceServerTestExecutionListener@2b3fd4d2, org.springframework.boot.test.mock.mockito.ResetMocksTestExecutionListener@3020f22]

  .   ____          _            __ _ _
 /\\ / ___'_ __ _ _(_)_ __  __ _ \ \ \ \
( ( )\___ | '_ | '_| | '_ \/ _` | \ \ \ \
 \\/  ___)| |_)| | | | | || (_| |  ) ) ) )
  '  |____| .__|_| |_|_| |_\__, | / / / /
 =========|_|==============|___/=/_/_/_/
 :: Spring Boot ::                (v2.7.6)

2022-12-27 03:56:00.348  INFO 30093 --- [    Test worker] c.s.r.board.BoardControllerRestDocsTest  : Starting BoardControllerRestDocsTest using Java 11.0.16 on gimchanbin-ui-MacBookPro.local with PID 30093 (started by happy_bin in /Users/happy_bin/projects/pre-project/seb41_pre_014/backend)
2022-12-27 03:56:00.349  INFO 30093 --- [    Test worker] c.s.r.board.BoardControllerRestDocsTest  : No active profile set, falling back to 1 default profile: "default"
2022-12-27 03:56:00.938  INFO 30093 --- [    Test worker] o.s.b.t.m.w.SpringBootMockServletContext : Initializing Spring TestDispatcherServlet ''
2022-12-27 03:56:00.939  INFO 30093 --- [    Test worker] o.s.t.web.servlet.TestDispatcherServlet  : Initializing Servlet ''
2022-12-27 03:56:00.940  INFO 30093 --- [    Test worker] o.s.t.web.servlet.TestDispatcherServlet  : Completed initialization in 1 ms
2022-12-27 03:56:00.955  INFO 30093 --- [    Test worker] c.s.r.board.BoardControllerRestDocsTest  : Started BoardControllerRestDocsTest in 0.631 seconds (JVM running for 8.952)
]]></system-out>
  <system-err><![CDATA[]]></system-err>
</testsuite>
