<?xml version="1.0" encoding="UTF-8"?>
<testsuite name="com.seb41_pre_014.restdocs.bookmark.BookmarkControllerRestDocs" tests="2" skipped="0" failures="0" errors="0" timestamp="2022-12-27T18:24:51" hostname="gimchanbin-ui-MacBookPro.local" time="0.025">
  <properties/>
  <testcase name="deleteBookmark()" classname="com.seb41_pre_014.restdocs.bookmark.BookmarkControllerRestDocs" time="0.009"/>
  <testcase name="postBookmark()" classname="com.seb41_pre_014.restdocs.bookmark.BookmarkControllerRestDocs" time="0.015"/>
  <system-out><![CDATA[2022-12-28 03:24:51.565  INFO 45884 --- [    Test worker] .b.t.a.w.s.WebMvcTestContextBootstrapper : Neither @ContextConfiguration nor @ContextHierarchy found for test class [com.seb41_pre_014.restdocs.bookmark.BookmarkControllerRestDocs], using SpringBootContextLoader
2022-12-28 03:24:51.566  INFO 45884 --- [    Test worker] o.s.t.c.support.AbstractContextLoader    : Could not detect default resource locations for test class [com.seb41_pre_014.restdocs.bookmark.BookmarkControllerRestDocs]: no resource found for suffixes {-context.xml, Context.groovy}.
2022-12-28 03:24:51.566  INFO 45884 --- [    Test worker] t.c.s.AnnotationConfigContextLoaderUtils : Could not detect default configuration classes for test class [com.seb41_pre_014.restdocs.bookmark.BookmarkControllerRestDocs]: BookmarkControllerRestDocs does not declare any static, non-private, non-final, nested classes annotated with @Configuration.
2022-12-28 03:24:51.572  INFO 45884 --- [    Test worker] .b.t.c.SpringBootTestContextBootstrapper : Found @SpringBootConfiguration com.seb41_pre_014.Seb41Pre014Application for test class com.seb41_pre_014.restdocs.bookmark.BookmarkControllerRestDocs
2022-12-28 03:24:51.572  INFO 45884 --- [    Test worker] .b.t.a.w.s.WebMvcTestContextBootstrapper : Loaded default TestExecutionListener class names from location [META-INF/spring.factories]: [org.springframework.boot.test.autoconfigure.restdocs.RestDocsTestExecutionListener, org.springframework.boot.test.autoconfigure.web.client.MockRestServiceServerResetTestExecutionListener, org.springframework.boot.test.autoconfigure.web.servlet.MockMvcPrintOnlyOnFailureTestExecutionListener, org.springframework.boot.test.autoconfigure.web.servlet.WebDriverTestExecutionListener, org.springframework.boot.test.autoconfigure.webservices.client.MockWebServiceServerTestExecutionListener, org.springframework.boot.test.mock.mockito.MockitoTestExecutionListener, org.springframework.boot.test.mock.mockito.ResetMocksTestExecutionListener, org.springframework.test.context.web.ServletTestExecutionListener, org.springframework.test.context.support.DirtiesContextBeforeModesTestExecutionListener, org.springframework.test.context.event.ApplicationEventsTestExecutionListener, org.springframework.test.context.support.DependencyInjectionTestExecutionListener, org.springframework.test.context.support.DirtiesContextTestExecutionListener, org.springframework.test.context.transaction.TransactionalTestExecutionListener, org.springframework.test.context.jdbc.SqlScriptsTestExecutionListener, org.springframework.test.context.event.EventPublishingTestExecutionListener]
2022-12-28 03:24:51.573  INFO 45884 --- [    Test worker] .b.t.a.w.s.WebMvcTestContextBootstrapper : Using TestExecutionListeners: [org.springframework.test.context.web.ServletTestExecutionListener@741d2dda, org.springframework.test.context.support.DirtiesContextBeforeModesTestExecutionListener@67387eba, org.springframework.test.context.event.ApplicationEventsTestExecutionListener@20b1f874, org.springframework.boot.test.mock.mockito.MockitoTestExecutionListener@7569efdd, org.springframework.boot.test.autoconfigure.SpringBootDependencyInjectionTestExecutionListener@68076f57, org.springframework.test.context.support.DirtiesContextTestExecutionListener@4c6e0143, org.springframework.test.context.transaction.TransactionalTestExecutionListener@633332e2, org.springframework.test.context.jdbc.SqlScriptsTestExecutionListener@591e3e5e, org.springframework.test.context.event.EventPublishingTestExecutionListener@a308ffd, org.springframework.boot.test.autoconfigure.restdocs.RestDocsTestExecutionListener@36e8e3e1, org.springframework.boot.test.autoconfigure.web.client.MockRestServiceServerResetTestExecutionListener@4c3663fc, org.springframework.boot.test.autoconfigure.web.servlet.MockMvcPrintOnlyOnFailureTestExecutionListener@64f248ea, org.springframework.boot.test.autoconfigure.web.servlet.WebDriverTestExecutionListener@6ab36cee, org.springframework.boot.test.autoconfigure.webservices.client.MockWebServiceServerTestExecutionListener@1b357db2, org.springframework.boot.test.mock.mockito.ResetMocksTestExecutionListener@64e3d4ab]

  .   ____          _            __ _ _
 /\\ / ___'_ __ _ _(_)_ __  __ _ \ \ \ \
( ( )\___ | '_ | '_| | '_ \/ _` | \ \ \ \
 \\/  ___)| |_)| | | | | || (_| |  ) ) ) )
  '  |____| .__|_| |_|_| |_\__, | / / / /
 =========|_|==============|___/=/_/_/_/
 :: Spring Boot ::                (v2.7.6)

2022-12-28 03:24:51.591  INFO 45884 --- [    Test worker] c.s.r.b.BookmarkControllerRestDocs       : Starting BookmarkControllerRestDocs using Java 11.0.16 on gimchanbin-ui-MacBookPro.local with PID 45884 (started by happy_bin in /Users/happy_bin/projects/pre-project/seb41_pre_014/backend)
2022-12-28 03:24:51.592  INFO 45884 --- [    Test worker] c.s.r.b.BookmarkControllerRestDocs       : No active profile set, falling back to 1 default profile: "default"
2022-12-28 03:24:51.959  INFO 45884 --- [    Test worker] o.s.b.t.m.w.SpringBootMockServletContext : Initializing Spring TestDispatcherServlet ''
2022-12-28 03:24:51.959  INFO 45884 --- [    Test worker] o.s.t.web.servlet.TestDispatcherServlet  : Initializing Servlet ''
2022-12-28 03:24:51.960  INFO 45884 --- [    Test worker] o.s.t.web.servlet.TestDispatcherServlet  : Completed initialization in 1 ms
2022-12-28 03:24:51.969  INFO 45884 --- [    Test worker] c.s.r.b.BookmarkControllerRestDocs       : Started BookmarkControllerRestDocs in 0.395 seconds (JVM running for 11.822)
]]></system-out>
  <system-err><![CDATA[]]></system-err>
</testsuite>
