<?xml version="1.0" encoding="UTF-8"?>
<testsuite name="com.seb41_pre_014.restdocs.vote.VoteControllerRestDocsTest" tests="5" skipped="0" failures="0" errors="0" timestamp="2022-12-27T18:24:52" hostname="gimchanbin-ui-MacBookPro.local" time="0.059">
  <properties/>
  <testcase name="patchVoteTest()" classname="com.seb41_pre_014.restdocs.vote.VoteControllerRestDocsTest" time="0.015"/>
  <testcase name="getVoteTest()" classname="com.seb41_pre_014.restdocs.vote.VoteControllerRestDocsTest" time="0.01"/>
  <testcase name="deleteVoteTest()" classname="com.seb41_pre_014.restdocs.vote.VoteControllerRestDocsTest" time="0.008"/>
  <testcase name="getVotes()" classname="com.seb41_pre_014.restdocs.vote.VoteControllerRestDocsTest" time="0.012"/>
  <testcase name="postVoteTest()" classname="com.seb41_pre_014.restdocs.vote.VoteControllerRestDocsTest" time="0.011"/>
  <system-out><![CDATA[2022-12-28 03:24:52.000  INFO 45884 --- [    Test worker] .b.t.a.w.s.WebMvcTestContextBootstrapper : Neither @ContextConfiguration nor @ContextHierarchy found for test class [com.seb41_pre_014.restdocs.vote.VoteControllerRestDocsTest], using SpringBootContextLoader
2022-12-28 03:24:52.001  INFO 45884 --- [    Test worker] o.s.t.c.support.AbstractContextLoader    : Could not detect default resource locations for test class [com.seb41_pre_014.restdocs.vote.VoteControllerRestDocsTest]: no resource found for suffixes {-context.xml, Context.groovy}.
2022-12-28 03:24:52.001  INFO 45884 --- [    Test worker] t.c.s.AnnotationConfigContextLoaderUtils : Could not detect default configuration classes for test class [com.seb41_pre_014.restdocs.vote.VoteControllerRestDocsTest]: VoteControllerRestDocsTest does not declare any static, non-private, non-final, nested classes annotated with @Configuration.
2022-12-28 03:24:52.008  INFO 45884 --- [    Test worker] .b.t.c.SpringBootTestContextBootstrapper : Found @SpringBootConfiguration com.seb41_pre_014.Seb41Pre014Application for test class com.seb41_pre_014.restdocs.vote.VoteControllerRestDocsTest
2022-12-28 03:24:52.009  INFO 45884 --- [    Test worker] .b.t.a.w.s.WebMvcTestContextBootstrapper : Loaded default TestExecutionListener class names from location [META-INF/spring.factories]: [org.springframework.boot.test.autoconfigure.restdocs.RestDocsTestExecutionListener, org.springframework.boot.test.autoconfigure.web.client.MockRestServiceServerResetTestExecutionListener, org.springframework.boot.test.autoconfigure.web.servlet.MockMvcPrintOnlyOnFailureTestExecutionListener, org.springframework.boot.test.autoconfigure.web.servlet.WebDriverTestExecutionListener, org.springframework.boot.test.autoconfigure.webservices.client.MockWebServiceServerTestExecutionListener, org.springframework.boot.test.mock.mockito.MockitoTestExecutionListener, org.springframework.boot.test.mock.mockito.ResetMocksTestExecutionListener, org.springframework.test.context.web.ServletTestExecutionListener, org.springframework.test.context.support.DirtiesContextBeforeModesTestExecutionListener, org.springframework.test.context.event.ApplicationEventsTestExecutionListener, org.springframework.test.context.support.DependencyInjectionTestExecutionListener, org.springframework.test.context.support.DirtiesContextTestExecutionListener, org.springframework.test.context.transaction.TransactionalTestExecutionListener, org.springframework.test.context.jdbc.SqlScriptsTestExecutionListener, org.springframework.test.context.event.EventPublishingTestExecutionListener]
2022-12-28 03:24:52.009  INFO 45884 --- [    Test worker] .b.t.a.w.s.WebMvcTestContextBootstrapper : Using TestExecutionListeners: [org.springframework.test.context.web.ServletTestExecutionListener@5f82dd9a, org.springframework.test.context.support.DirtiesContextBeforeModesTestExecutionListener@71b253b, org.springframework.test.context.event.ApplicationEventsTestExecutionListener@765cb6c1, org.springframework.boot.test.mock.mockito.MockitoTestExecutionListener@19f811a2, org.springframework.boot.test.autoconfigure.SpringBootDependencyInjectionTestExecutionListener@50df710a, org.springframework.test.context.support.DirtiesContextTestExecutionListener@eb3b4d7, org.springframework.test.context.transaction.TransactionalTestExecutionListener@1d4ae17e, org.springframework.test.context.jdbc.SqlScriptsTestExecutionListener@44e69674, org.springframework.test.context.event.EventPublishingTestExecutionListener@6f1af8c3, org.springframework.boot.test.autoconfigure.restdocs.RestDocsTestExecutionListener@7c9cecfb, org.springframework.boot.test.autoconfigure.web.client.MockRestServiceServerResetTestExecutionListener@3697a307, org.springframework.boot.test.autoconfigure.web.servlet.MockMvcPrintOnlyOnFailureTestExecutionListener@4632d697, org.springframework.boot.test.autoconfigure.web.servlet.WebDriverTestExecutionListener@7e56e272, org.springframework.boot.test.autoconfigure.webservices.client.MockWebServiceServerTestExecutionListener@65b63277, org.springframework.boot.test.mock.mockito.ResetMocksTestExecutionListener@6e323a5d]

  .   ____          _            __ _ _
 /\\ / ___'_ __ _ _(_)_ __  __ _ \ \ \ \
( ( )\___ | '_ | '_| | '_ \/ _` | \ \ \ \
 \\/  ___)| |_)| | | | | || (_| |  ) ) ) )
  '  |____| .__|_| |_|_| |_\__, | / / / /
 =========|_|==============|___/=/_/_/_/
 :: Spring Boot ::                (v2.7.6)

2022-12-28 03:24:52.028  INFO 45884 --- [    Test worker] c.s.r.vote.VoteControllerRestDocsTest    : Starting VoteControllerRestDocsTest using Java 11.0.16 on gimchanbin-ui-MacBookPro.local with PID 45884 (started by happy_bin in /Users/happy_bin/projects/pre-project/seb41_pre_014/backend)
2022-12-28 03:24:52.029  INFO 45884 --- [    Test worker] c.s.r.vote.VoteControllerRestDocsTest    : No active profile set, falling back to 1 default profile: "default"
2022-12-28 03:24:52.391  INFO 45884 --- [    Test worker] o.s.b.t.m.w.SpringBootMockServletContext : Initializing Spring TestDispatcherServlet ''
2022-12-28 03:24:52.392  INFO 45884 --- [    Test worker] o.s.t.web.servlet.TestDispatcherServlet  : Initializing Servlet ''
2022-12-28 03:24:52.392  INFO 45884 --- [    Test worker] o.s.t.web.servlet.TestDispatcherServlet  : Completed initialization in 0 ms
2022-12-28 03:24:52.403  INFO 45884 --- [    Test worker] c.s.r.vote.VoteControllerRestDocsTest    : Started VoteControllerRestDocsTest in 0.391 seconds (JVM running for 12.256)
]]></system-out>
  <system-err><![CDATA[]]></system-err>
</testsuite>
