<?xml version="1.0" encoding="UTF-8"?>
<testsuite name="com.seb41_pre_014.restdocs.SuggestedEdit.SuggestedEditControllerRestDocsTest" tests="5" skipped="0" failures="0" errors="0" timestamp="2022-12-27T18:24:50" hostname="gimchanbin-ui-MacBookPro.local" time="0.125">
  <properties/>
  <testcase name="findAllSuggestedEditTest()" classname="com.seb41_pre_014.restdocs.SuggestedEdit.SuggestedEditControllerRestDocsTest" time="0.029"/>
  <testcase name="findSuggestedEditTest()" classname="com.seb41_pre_014.restdocs.SuggestedEdit.SuggestedEditControllerRestDocsTest" time="0.015"/>
  <testcase name="updateSuggestedEditTest()" classname="com.seb41_pre_014.restdocs.SuggestedEdit.SuggestedEditControllerRestDocsTest" time="0.04"/>
  <testcase name="postSuggestedEditTest()" classname="com.seb41_pre_014.restdocs.SuggestedEdit.SuggestedEditControllerRestDocsTest" time="0.025"/>
  <testcase name="deleteSuggestedEditTest()" classname="com.seb41_pre_014.restdocs.SuggestedEdit.SuggestedEditControllerRestDocsTest" time="0.011"/>
  <system-out><![CDATA[2022-12-28 03:24:49.846  INFO 45884 --- [    Test worker] .b.t.a.w.s.WebMvcTestContextBootstrapper : Neither @ContextConfiguration nor @ContextHierarchy found for test class [com.seb41_pre_014.restdocs.SuggestedEdit.SuggestedEditControllerRestDocsTest], using SpringBootContextLoader
2022-12-28 03:24:49.847  INFO 45884 --- [    Test worker] o.s.t.c.support.AbstractContextLoader    : Could not detect default resource locations for test class [com.seb41_pre_014.restdocs.SuggestedEdit.SuggestedEditControllerRestDocsTest]: no resource found for suffixes {-context.xml, Context.groovy}.
2022-12-28 03:24:49.847  INFO 45884 --- [    Test worker] t.c.s.AnnotationConfigContextLoaderUtils : Could not detect default configuration classes for test class [com.seb41_pre_014.restdocs.SuggestedEdit.SuggestedEditControllerRestDocsTest]: SuggestedEditControllerRestDocsTest does not declare any static, non-private, non-final, nested classes annotated with @Configuration.
2022-12-28 03:24:49.853  INFO 45884 --- [    Test worker] .b.t.c.SpringBootTestContextBootstrapper : Found @SpringBootConfiguration com.seb41_pre_014.Seb41Pre014Application for test class com.seb41_pre_014.restdocs.SuggestedEdit.SuggestedEditControllerRestDocsTest
2022-12-28 03:24:49.854  INFO 45884 --- [    Test worker] .b.t.a.w.s.WebMvcTestContextBootstrapper : Loaded default TestExecutionListener class names from location [META-INF/spring.factories]: [org.springframework.boot.test.autoconfigure.restdocs.RestDocsTestExecutionListener, org.springframework.boot.test.autoconfigure.web.client.MockRestServiceServerResetTestExecutionListener, org.springframework.boot.test.autoconfigure.web.servlet.MockMvcPrintOnlyOnFailureTestExecutionListener, org.springframework.boot.test.autoconfigure.web.servlet.WebDriverTestExecutionListener, org.springframework.boot.test.autoconfigure.webservices.client.MockWebServiceServerTestExecutionListener, org.springframework.boot.test.mock.mockito.MockitoTestExecutionListener, org.springframework.boot.test.mock.mockito.ResetMocksTestExecutionListener, org.springframework.test.context.web.ServletTestExecutionListener, org.springframework.test.context.support.DirtiesContextBeforeModesTestExecutionListener, org.springframework.test.context.event.ApplicationEventsTestExecutionListener, org.springframework.test.context.support.DependencyInjectionTestExecutionListener, org.springframework.test.context.support.DirtiesContextTestExecutionListener, org.springframework.test.context.transaction.TransactionalTestExecutionListener, org.springframework.test.context.jdbc.SqlScriptsTestExecutionListener, org.springframework.test.context.event.EventPublishingTestExecutionListener]
2022-12-28 03:24:49.854  INFO 45884 --- [    Test worker] .b.t.a.w.s.WebMvcTestContextBootstrapper : Using TestExecutionListeners: [org.springframework.test.context.web.ServletTestExecutionListener@5ec80bbd, org.springframework.test.context.support.DirtiesContextBeforeModesTestExecutionListener@30f74965, org.springframework.test.context.event.ApplicationEventsTestExecutionListener@65c75870, org.springframework.boot.test.mock.mockito.MockitoTestExecutionListener@5753e0c4, org.springframework.boot.test.autoconfigure.SpringBootDependencyInjectionTestExecutionListener@49588c70, org.springframework.test.context.support.DirtiesContextTestExecutionListener@43ee585f, org.springframework.test.context.transaction.TransactionalTestExecutionListener@1cb58c8a, org.springframework.test.context.jdbc.SqlScriptsTestExecutionListener@54a81a18, org.springframework.test.context.event.EventPublishingTestExecutionListener@591e27f1, org.springframework.boot.test.autoconfigure.restdocs.RestDocsTestExecutionListener@6803b02d, org.springframework.boot.test.autoconfigure.web.client.MockRestServiceServerResetTestExecutionListener@5862a07b, org.springframework.boot.test.autoconfigure.web.servlet.MockMvcPrintOnlyOnFailureTestExecutionListener@4c0e09b5, org.springframework.boot.test.autoconfigure.web.servlet.WebDriverTestExecutionListener@64078e6a, org.springframework.boot.test.autoconfigure.webservices.client.MockWebServiceServerTestExecutionListener@1170d81f, org.springframework.boot.test.mock.mockito.ResetMocksTestExecutionListener@5c5cd332]

  .   ____          _            __ _ _
 /\\ / ___'_ __ _ _(_)_ __  __ _ \ \ \ \
( ( )\___ | '_ | '_| | '_ \/ _` | \ \ \ \
 \\/  ___)| |_)| | | | | || (_| |  ) ) ) )
  '  |____| .__|_| |_|_| |_\__, | / / / /
 =========|_|==============|___/=/_/_/_/
 :: Spring Boot ::                (v2.7.6)

2022-12-28 03:24:49.874  INFO 45884 --- [    Test worker] .r.S.SuggestedEditControllerRestDocsTest : Starting SuggestedEditControllerRestDocsTest using Java 11.0.16 on gimchanbin-ui-MacBookPro.local with PID 45884 (started by happy_bin in /Users/happy_bin/projects/pre-project/seb41_pre_014/backend)
2022-12-28 03:24:49.874  INFO 45884 --- [    Test worker] .r.S.SuggestedEditControllerRestDocsTest : No active profile set, falling back to 1 default profile: "default"
2022-12-28 03:24:50.268  INFO 45884 --- [    Test worker] o.s.b.t.m.w.SpringBootMockServletContext : Initializing Spring TestDispatcherServlet ''
2022-12-28 03:24:50.269  INFO 45884 --- [    Test worker] o.s.t.web.servlet.TestDispatcherServlet  : Initializing Servlet ''
2022-12-28 03:24:50.269  INFO 45884 --- [    Test worker] o.s.t.web.servlet.TestDispatcherServlet  : Completed initialization in 0 ms
2022-12-28 03:24:50.277  INFO 45884 --- [    Test worker] .r.S.SuggestedEditControllerRestDocsTest : Started SuggestedEditControllerRestDocsTest in 0.421 seconds (JVM running for 10.13)
]]></system-out>
  <system-err><![CDATA[]]></system-err>
</testsuite>
