<?xml version="1.0" encoding="UTF-8"?>
<testsuite name="com.seb41_pre_014.restdocs.board.BoardControllerRestDocsTest" tests="13" skipped="0" failures="0" errors="0" timestamp="2022-12-27T18:24:51" hostname="gimchanbin-ui-MacBookPro.local" time="0.261">
  <properties/>
  <testcase name="findAllByAnswerCount()" classname="com.seb41_pre_014.restdocs.board.BoardControllerRestDocsTest" time="0.025"/>
  <testcase name="postQuestion()" classname="com.seb41_pre_014.restdocs.board.BoardControllerRestDocsTest" time="0.033"/>
  <testcase name="findAllByViewCount()" classname="com.seb41_pre_014.restdocs.board.BoardControllerRestDocsTest" time="0.018"/>
  <testcase name="findAnsersByold()" classname="com.seb41_pre_014.restdocs.board.BoardControllerRestDocsTest" time="0.014"/>
  <testcase name="findAllBySearch()" classname="com.seb41_pre_014.restdocs.board.BoardControllerRestDocsTest" time="0.036"/>
  <testcase name="deleteBoard()" classname="com.seb41_pre_014.restdocs.board.BoardControllerRestDocsTest" time="0.008"/>
  <testcase name="findAllQuestions()" classname="com.seb41_pre_014.restdocs.board.BoardControllerRestDocsTest" time="0.018"/>
  <testcase name="updateBoard()" classname="com.seb41_pre_014.restdocs.board.BoardControllerRestDocsTest" time="0.022"/>
  <testcase name="findAllAnswers()" classname="com.seb41_pre_014.restdocs.board.BoardControllerRestDocsTest" time="0.017"/>
  <testcase name="findBoard()" classname="com.seb41_pre_014.restdocs.board.BoardControllerRestDocsTest" time="0.014"/>
  <testcase name="findAllByScore()" classname="com.seb41_pre_014.restdocs.board.BoardControllerRestDocsTest" time="0.011"/>
  <testcase name="postAnswer()" classname="com.seb41_pre_014.restdocs.board.BoardControllerRestDocsTest" time="0.017"/>
  <testcase name="findAnswersByScore()" classname="com.seb41_pre_014.restdocs.board.BoardControllerRestDocsTest" time="0.015"/>
  <system-out><![CDATA[2022-12-28 03:24:50.902  INFO 45884 --- [    Test worker] .b.t.a.w.s.WebMvcTestContextBootstrapper : Neither @ContextConfiguration nor @ContextHierarchy found for test class [com.seb41_pre_014.restdocs.board.BoardControllerRestDocsTest], using SpringBootContextLoader
2022-12-28 03:24:50.903  INFO 45884 --- [    Test worker] o.s.t.c.support.AbstractContextLoader    : Could not detect default resource locations for test class [com.seb41_pre_014.restdocs.board.BoardControllerRestDocsTest]: no resource found for suffixes {-context.xml, Context.groovy}.
2022-12-28 03:24:50.903  INFO 45884 --- [    Test worker] t.c.s.AnnotationConfigContextLoaderUtils : Could not detect default configuration classes for test class [com.seb41_pre_014.restdocs.board.BoardControllerRestDocsTest]: BoardControllerRestDocsTest does not declare any static, non-private, non-final, nested classes annotated with @Configuration.
2022-12-28 03:24:50.911  INFO 45884 --- [    Test worker] .b.t.c.SpringBootTestContextBootstrapper : Found @SpringBootConfiguration com.seb41_pre_014.Seb41Pre014Application for test class com.seb41_pre_014.restdocs.board.BoardControllerRestDocsTest
2022-12-28 03:24:50.911  INFO 45884 --- [    Test worker] .b.t.a.w.s.WebMvcTestContextBootstrapper : Loaded default TestExecutionListener class names from location [META-INF/spring.factories]: [org.springframework.boot.test.autoconfigure.restdocs.RestDocsTestExecutionListener, org.springframework.boot.test.autoconfigure.web.client.MockRestServiceServerResetTestExecutionListener, org.springframework.boot.test.autoconfigure.web.servlet.MockMvcPrintOnlyOnFailureTestExecutionListener, org.springframework.boot.test.autoconfigure.web.servlet.WebDriverTestExecutionListener, org.springframework.boot.test.autoconfigure.webservices.client.MockWebServiceServerTestExecutionListener, org.springframework.boot.test.mock.mockito.MockitoTestExecutionListener, org.springframework.boot.test.mock.mockito.ResetMocksTestExecutionListener, org.springframework.test.context.web.ServletTestExecutionListener, org.springframework.test.context.support.DirtiesContextBeforeModesTestExecutionListener, org.springframework.test.context.event.ApplicationEventsTestExecutionListener, org.springframework.test.context.support.DependencyInjectionTestExecutionListener, org.springframework.test.context.support.DirtiesContextTestExecutionListener, org.springframework.test.context.transaction.TransactionalTestExecutionListener, org.springframework.test.context.jdbc.SqlScriptsTestExecutionListener, org.springframework.test.context.event.EventPublishingTestExecutionListener]
2022-12-28 03:24:50.912  INFO 45884 --- [    Test worker] .b.t.a.w.s.WebMvcTestContextBootstrapper : Using TestExecutionListeners: [org.springframework.test.context.web.ServletTestExecutionListener@10cae98c, org.springframework.test.context.support.DirtiesContextBeforeModesTestExecutionListener@61b5c8a3, org.springframework.test.context.event.ApplicationEventsTestExecutionListener@2f7432f3, org.springframework.boot.test.mock.mockito.MockitoTestExecutionListener@ab2ac08, org.springframework.boot.test.autoconfigure.SpringBootDependencyInjectionTestExecutionListener@4d73b25b, org.springframework.test.context.support.DirtiesContextTestExecutionListener@24c8b86, org.springframework.test.context.transaction.TransactionalTestExecutionListener@c21c296, org.springframework.test.context.jdbc.SqlScriptsTestExecutionListener@13ecedf6, org.springframework.test.context.event.EventPublishingTestExecutionListener@435d74ba, org.springframework.boot.test.autoconfigure.restdocs.RestDocsTestExecutionListener@252bc7ec, org.springframework.boot.test.autoconfigure.web.client.MockRestServiceServerResetTestExecutionListener@279c94ad, org.springframework.boot.test.autoconfigure.web.servlet.MockMvcPrintOnlyOnFailureTestExecutionListener@53eb4ef5, org.springframework.boot.test.autoconfigure.web.servlet.WebDriverTestExecutionListener@7b3b0896, org.springframework.boot.test.autoconfigure.webservices.client.MockWebServiceServerTestExecutionListener@d4a4ba, org.springframework.boot.test.mock.mockito.ResetMocksTestExecutionListener@432e61f1]

  .   ____          _            __ _ _
 /\\ / ___'_ __ _ _(_)_ __  __ _ \ \ \ \
( ( )\___ | '_ | '_| | '_ \/ _` | \ \ \ \
 \\/  ___)| |_)| | | | | || (_| |  ) ) ) )
  '  |____| .__|_| |_|_| |_\__, | / / / /
 =========|_|==============|___/=/_/_/_/
 :: Spring Boot ::                (v2.7.6)

2022-12-28 03:24:50.930  INFO 45884 --- [    Test worker] c.s.r.board.BoardControllerRestDocsTest  : Starting BoardControllerRestDocsTest using Java 11.0.16 on gimchanbin-ui-MacBookPro.local with PID 45884 (started by happy_bin in /Users/happy_bin/projects/pre-project/seb41_pre_014/backend)
2022-12-28 03:24:50.930  INFO 45884 --- [    Test worker] c.s.r.board.BoardControllerRestDocsTest  : No active profile set, falling back to 1 default profile: "default"
2022-12-28 03:24:51.288  INFO 45884 --- [    Test worker] o.s.b.t.m.w.SpringBootMockServletContext : Initializing Spring TestDispatcherServlet ''
2022-12-28 03:24:51.288  INFO 45884 --- [    Test worker] o.s.t.web.servlet.TestDispatcherServlet  : Initializing Servlet ''
2022-12-28 03:24:51.289  INFO 45884 --- [    Test worker] o.s.t.web.servlet.TestDispatcherServlet  : Completed initialization in 0 ms
2022-12-28 03:24:51.298  INFO 45884 --- [    Test worker] c.s.r.board.BoardControllerRestDocsTest  : Started BoardControllerRestDocsTest in 0.384 seconds (JVM running for 11.151)
]]></system-out>
  <system-err><![CDATA[]]></system-err>
</testsuite>
