<?xml version="1.0" encoding="UTF-8"?>
<testsuite name="com.seb41_pre_014.restdocs.board.BoardControllerRestDocsTest" tests="13" skipped="0" failures="0" errors="0" timestamp="2022-12-23T03:09:21" hostname="gimchanbin-ui-MacBookPro.local" time="0.517">
  <properties/>
  <testcase name="findAllByAnswerCount()" classname="com.seb41_pre_014.restdocs.board.BoardControllerRestDocsTest" time="0.169"/>
  <testcase name="postQuestion()" classname="com.seb41_pre_014.restdocs.board.BoardControllerRestDocsTest" time="0.092"/>
  <testcase name="findAllByViewCount()" classname="com.seb41_pre_014.restdocs.board.BoardControllerRestDocsTest" time="0.023"/>
  <testcase name="findAnsersByold()" classname="com.seb41_pre_014.restdocs.board.BoardControllerRestDocsTest" time="0.02"/>
  <testcase name="findAllBySearch()" classname="com.seb41_pre_014.restdocs.board.BoardControllerRestDocsTest" time="0.036"/>
  <testcase name="deleteBoard()" classname="com.seb41_pre_014.restdocs.board.BoardControllerRestDocsTest" time="0.01"/>
  <testcase name="findAllQuestions()" classname="com.seb41_pre_014.restdocs.board.BoardControllerRestDocsTest" time="0.026"/>
  <testcase name="updateBoard()" classname="com.seb41_pre_014.restdocs.board.BoardControllerRestDocsTest" time="0.035"/>
  <testcase name="findAllAnswers()" classname="com.seb41_pre_014.restdocs.board.BoardControllerRestDocsTest" time="0.021"/>
  <testcase name="findBoard()" classname="com.seb41_pre_014.restdocs.board.BoardControllerRestDocsTest" time="0.016"/>
  <testcase name="findAllByScore()" classname="com.seb41_pre_014.restdocs.board.BoardControllerRestDocsTest" time="0.02"/>
  <testcase name="postAnswer()" classname="com.seb41_pre_014.restdocs.board.BoardControllerRestDocsTest" time="0.019"/>
  <testcase name="findAnswersByScore()" classname="com.seb41_pre_014.restdocs.board.BoardControllerRestDocsTest" time="0.016"/>
  <system-out><![CDATA[2022-12-23 12:09:20.692  INFO 73088 --- [    Test worker] .b.t.a.w.s.WebMvcTestContextBootstrapper : Neither @ContextConfiguration nor @ContextHierarchy found for test class [com.seb41_pre_014.restdocs.board.BoardControllerRestDocsTest], using SpringBootContextLoader
2022-12-23 12:09:20.693  INFO 73088 --- [    Test worker] o.s.t.c.support.AbstractContextLoader    : Could not detect default resource locations for test class [com.seb41_pre_014.restdocs.board.BoardControllerRestDocsTest]: no resource found for suffixes {-context.xml, Context.groovy}.
2022-12-23 12:09:20.693  INFO 73088 --- [    Test worker] t.c.s.AnnotationConfigContextLoaderUtils : Could not detect default configuration classes for test class [com.seb41_pre_014.restdocs.board.BoardControllerRestDocsTest]: BoardControllerRestDocsTest does not declare any static, non-private, non-final, nested classes annotated with @Configuration.
2022-12-23 12:09:20.711  INFO 73088 --- [    Test worker] .b.t.c.SpringBootTestContextBootstrapper : Found @SpringBootConfiguration com.seb41_pre_014.Seb41Pre014Application for test class com.seb41_pre_014.restdocs.board.BoardControllerRestDocsTest
2022-12-23 12:09:20.712  INFO 73088 --- [    Test worker] .b.t.a.w.s.WebMvcTestContextBootstrapper : Loaded default TestExecutionListener class names from location [META-INF/spring.factories]: [org.springframework.boot.test.autoconfigure.restdocs.RestDocsTestExecutionListener, org.springframework.boot.test.autoconfigure.web.client.MockRestServiceServerResetTestExecutionListener, org.springframework.boot.test.autoconfigure.web.servlet.MockMvcPrintOnlyOnFailureTestExecutionListener, org.springframework.boot.test.autoconfigure.web.servlet.WebDriverTestExecutionListener, org.springframework.boot.test.autoconfigure.webservices.client.MockWebServiceServerTestExecutionListener, org.springframework.boot.test.mock.mockito.MockitoTestExecutionListener, org.springframework.boot.test.mock.mockito.ResetMocksTestExecutionListener, org.springframework.test.context.web.ServletTestExecutionListener, org.springframework.test.context.support.DirtiesContextBeforeModesTestExecutionListener, org.springframework.test.context.event.ApplicationEventsTestExecutionListener, org.springframework.test.context.support.DependencyInjectionTestExecutionListener, org.springframework.test.context.support.DirtiesContextTestExecutionListener, org.springframework.test.context.transaction.TransactionalTestExecutionListener, org.springframework.test.context.jdbc.SqlScriptsTestExecutionListener, org.springframework.test.context.event.EventPublishingTestExecutionListener]
2022-12-23 12:09:20.713  INFO 73088 --- [    Test worker] .b.t.a.w.s.WebMvcTestContextBootstrapper : Using TestExecutionListeners: [org.springframework.test.context.web.ServletTestExecutionListener@4960b819, org.springframework.test.context.support.DirtiesContextBeforeModesTestExecutionListener@1e987f59, org.springframework.test.context.event.ApplicationEventsTestExecutionListener@192aeae2, org.springframework.boot.test.mock.mockito.MockitoTestExecutionListener@4ee1c29a, org.springframework.boot.test.autoconfigure.SpringBootDependencyInjectionTestExecutionListener@28d1b2f, org.springframework.test.context.support.DirtiesContextTestExecutionListener@5f32de90, org.springframework.test.context.transaction.TransactionalTestExecutionListener@1181526e, org.springframework.test.context.jdbc.SqlScriptsTestExecutionListener@5134a7d6, org.springframework.test.context.event.EventPublishingTestExecutionListener@3b8a8abc, org.springframework.boot.test.autoconfigure.restdocs.RestDocsTestExecutionListener@72851503, org.springframework.boot.test.autoconfigure.web.client.MockRestServiceServerResetTestExecutionListener@690c3b1f, org.springframework.boot.test.autoconfigure.web.servlet.MockMvcPrintOnlyOnFailureTestExecutionListener@1d722bff, org.springframework.boot.test.autoconfigure.web.servlet.WebDriverTestExecutionListener@72c29d87, org.springframework.boot.test.autoconfigure.webservices.client.MockWebServiceServerTestExecutionListener@2835b3d1, org.springframework.boot.test.mock.mockito.ResetMocksTestExecutionListener@20e9b10b]

  .   ____          _            __ _ _
 /\\ / ___'_ __ _ _(_)_ __  __ _ \ \ \ \
( ( )\___ | '_ | '_| | '_ \/ _` | \ \ \ \
 \\/  ___)| |_)| | | | | || (_| |  ) ) ) )
  '  |____| .__|_| |_|_| |_\__, | / / / /
 =========|_|==============|___/=/_/_/_/
 :: Spring Boot ::                (v2.7.6)

2022-12-23 12:09:20.735  INFO 73088 --- [    Test worker] c.s.r.board.BoardControllerRestDocsTest  : Starting BoardControllerRestDocsTest using Java 11.0.16 on gimchanbin-ui-MacBookPro.local with PID 73088 (started by happy_bin in /Users/happy_bin/projects/pre-project/seb41_pre_014/backend)
2022-12-23 12:09:20.735  INFO 73088 --- [    Test worker] c.s.r.board.BoardControllerRestDocsTest  : No active profile set, falling back to 1 default profile: "default"
2022-12-23 12:09:21.192  INFO 73088 --- [    Test worker] o.s.b.t.m.w.SpringBootMockServletContext : Initializing Spring TestDispatcherServlet ''
2022-12-23 12:09:21.192  INFO 73088 --- [    Test worker] o.s.t.web.servlet.TestDispatcherServlet  : Initializing Servlet ''
2022-12-23 12:09:21.193  INFO 73088 --- [    Test worker] o.s.t.web.servlet.TestDispatcherServlet  : Completed initialization in 1 ms
2022-12-23 12:09:21.202  INFO 73088 --- [    Test worker] c.s.r.board.BoardControllerRestDocsTest  : Started BoardControllerRestDocsTest in 0.487 seconds (JVM running for 5.649)
]]></system-out>
  <system-err><![CDATA[]]></system-err>
</testsuite>
