<?xml version="1.0" encoding="UTF-8"?>
<testsuite name="com.seb41_pre_014.vote.service.VoteServiceTest" tests="5" skipped="0" failures="0" errors="0" timestamp="2022-12-26T18:56:03" hostname="gimchanbin-ui-MacBookPro.local" time="0.055">
  <properties/>
  <testcase name="모든 Vote 조회" classname="com.seb41_pre_014.vote.service.VoteServiceTest" time="0.045"/>
  <testcase name="findVerifiedVote 테스트2" classname="com.seb41_pre_014.vote.service.VoteServiceTest" time="0.002"/>
  <testcase name="findVerifiedVote 테스트1" classname="com.seb41_pre_014.vote.service.VoteServiceTest" time="0.002"/>
  <testcase name="Vote 저장" classname="com.seb41_pre_014.vote.service.VoteServiceTest" time="0.002"/>
  <testcase name="findVerifiedVote 테스트3" classname="com.seb41_pre_014.vote.service.VoteServiceTest" time="0.002"/>
  <system-out><![CDATA[]]></system-out>
  <system-err><![CDATA[]]></system-err>
</testsuite>
