<?xml version="1.0" encoding="UTF-8"?>
<testsuite name="com.seb41_pre_014.restdocs.member.MemberControllerRestDocsTest" tests="10" skipped="0" failures="0" errors="0" timestamp="2022-12-27T18:24:44" hostname="gimchanbin-ui-MacBookPro.local" time="0.681">
  <properties/>
  <testcase name="findBoardsByVotes()" classname="com.seb41_pre_014.restdocs.member.MemberControllerRestDocsTest" time="0.261"/>
  <testcase name="updateMember()" classname="com.seb41_pre_014.restdocs.member.MemberControllerRestDocsTest" time="0.153"/>
  <testcase name="deleteMember()" classname="com.seb41_pre_014.restdocs.member.MemberControllerRestDocsTest" time="0.015"/>
  <testcase name="findAll()" classname="com.seb41_pre_014.restdocs.member.MemberControllerRestDocsTest" time="0.034"/>
  <testcase name="findBoardsByBookmark()" classname="com.seb41_pre_014.restdocs.member.MemberControllerRestDocsTest" time="0.029"/>
  <testcase name="findMember()" classname="com.seb41_pre_014.restdocs.member.MemberControllerRestDocsTest" time="0.026"/>
  <testcase name="findTagsByMember()" classname="com.seb41_pre_014.restdocs.member.MemberControllerRestDocsTest" time="0.022"/>
  <testcase name="createMember()" classname="com.seb41_pre_014.restdocs.member.MemberControllerRestDocsTest" time="0.071"/>
  <testcase name="findAnswersByMember()" classname="com.seb41_pre_014.restdocs.member.MemberControllerRestDocsTest" time="0.029"/>
  <testcase name="findQuestionsByMember()" classname="com.seb41_pre_014.restdocs.member.MemberControllerRestDocsTest" time="0.024"/>
  <system-out><![CDATA[03:24:41.056 [Test worker] DEBUG org.springframework.test.context.BootstrapUtils - Instantiating CacheAwareContextLoaderDelegate from class [org.springframework.test.context.cache.DefaultCacheAwareContextLoaderDelegate]
03:24:41.070 [Test worker] DEBUG org.springframework.test.context.BootstrapUtils - Instantiating BootstrapContext using constructor [public org.springframework.test.context.support.DefaultBootstrapContext(java.lang.Class,org.springframework.test.context.CacheAwareContextLoaderDelegate)]
03:24:41.125 [Test worker] DEBUG org.springframework.test.context.BootstrapUtils - Instantiating TestContextBootstrapper for test class [com.seb41_pre_014.restdocs.member.MemberControllerRestDocsTest] from class [org.springframework.boot.test.autoconfigure.web.servlet.WebMvcTestContextBootstrapper]
03:24:41.138 [Test worker] INFO org.springframework.boot.test.autoconfigure.web.servlet.WebMvcTestContextBootstrapper - Neither @ContextConfiguration nor @ContextHierarchy found for test class [com.seb41_pre_014.restdocs.member.MemberControllerRestDocsTest], using SpringBootContextLoader
03:24:41.142 [Test worker] DEBUG org.springframework.test.context.support.AbstractContextLoader - Did not detect default resource location for test class [com.seb41_pre_014.restdocs.member.MemberControllerRestDocsTest]: class path resource [com/seb41_pre_014/restdocs/member/MemberControllerRestDocsTest-context.xml] does not exist
03:24:41.142 [Test worker] DEBUG org.springframework.test.context.support.AbstractContextLoader - Did not detect default resource location for test class [com.seb41_pre_014.restdocs.member.MemberControllerRestDocsTest]: class path resource [com/seb41_pre_014/restdocs/member/MemberControllerRestDocsTestContext.groovy] does not exist
03:24:41.142 [Test worker] INFO org.springframework.test.context.support.AbstractContextLoader - Could not detect default resource locations for test class [com.seb41_pre_014.restdocs.member.MemberControllerRestDocsTest]: no resource found for suffixes {-context.xml, Context.groovy}.
03:24:41.143 [Test worker] INFO org.springframework.test.context.support.AnnotationConfigContextLoaderUtils - Could not detect default configuration classes for test class [com.seb41_pre_014.restdocs.member.MemberControllerRestDocsTest]: MemberControllerRestDocsTest does not declare any static, non-private, non-final, nested classes annotated with @Configuration.
03:24:41.231 [Test worker] DEBUG org.springframework.test.context.support.ActiveProfilesUtils - Could not find an 'annotation declaring class' for annotation type [org.springframework.test.context.ActiveProfiles] and class [com.seb41_pre_014.restdocs.member.MemberControllerRestDocsTest]
03:24:41.293 [Test worker] DEBUG org.springframework.context.annotation.ClassPathScanningCandidateComponentProvider - Identified candidate component class: file [/Users/happy_bin/projects/pre-project/seb41_pre_014/backend/build/classes/java/main/com/seb41_pre_014/Seb41Pre014Application.class]
03:24:41.294 [Test worker] INFO org.springframework.boot.test.context.SpringBootTestContextBootstrapper - Found @SpringBootConfiguration com.seb41_pre_014.Seb41Pre014Application for test class com.seb41_pre_014.restdocs.member.MemberControllerRestDocsTest
03:24:41.298 [Test worker] DEBUG org.springframework.boot.test.autoconfigure.web.servlet.WebMvcTestContextBootstrapper - @TestExecutionListeners is not present for class [com.seb41_pre_014.restdocs.member.MemberControllerRestDocsTest]: using defaults.
03:24:41.299 [Test worker] INFO org.springframework.boot.test.autoconfigure.web.servlet.WebMvcTestContextBootstrapper - Loaded default TestExecutionListener class names from location [META-INF/spring.factories]: [org.springframework.boot.test.autoconfigure.restdocs.RestDocsTestExecutionListener, org.springframework.boot.test.autoconfigure.web.client.MockRestServiceServerResetTestExecutionListener, org.springframework.boot.test.autoconfigure.web.servlet.MockMvcPrintOnlyOnFailureTestExecutionListener, org.springframework.boot.test.autoconfigure.web.servlet.WebDriverTestExecutionListener, org.springframework.boot.test.autoconfigure.webservices.client.MockWebServiceServerTestExecutionListener, org.springframework.boot.test.mock.mockito.MockitoTestExecutionListener, org.springframework.boot.test.mock.mockito.ResetMocksTestExecutionListener, org.springframework.test.context.web.ServletTestExecutionListener, org.springframework.test.context.support.DirtiesContextBeforeModesTestExecutionListener, org.springframework.test.context.event.ApplicationEventsTestExecutionListener, org.springframework.test.context.support.DependencyInjectionTestExecutionListener, org.springframework.test.context.support.DirtiesContextTestExecutionListener, org.springframework.test.context.transaction.TransactionalTestExecutionListener, org.springframework.test.context.jdbc.SqlScriptsTestExecutionListener, org.springframework.test.context.event.EventPublishingTestExecutionListener]
03:24:41.319 [Test worker] INFO org.springframework.boot.test.autoconfigure.web.servlet.WebMvcTestContextBootstrapper - Using TestExecutionListeners: [org.springframework.test.context.web.ServletTestExecutionListener@324c64cd, org.springframework.test.context.support.DirtiesContextBeforeModesTestExecutionListener@13579834, org.springframework.test.context.event.ApplicationEventsTestExecutionListener@24be2d9c, org.springframework.boot.test.mock.mockito.MockitoTestExecutionListener@5bd73d1a, org.springframework.boot.test.autoconfigure.SpringBootDependencyInjectionTestExecutionListener@aec50a1, org.springframework.test.context.support.DirtiesContextTestExecutionListener@2555fff0, org.springframework.test.context.transaction.TransactionalTestExecutionListener@70d2e40b, org.springframework.test.context.jdbc.SqlScriptsTestExecutionListener@120f38e6, org.springframework.test.context.event.EventPublishingTestExecutionListener@7a0e1b5e, org.springframework.boot.test.autoconfigure.restdocs.RestDocsTestExecutionListener@702ed190, org.springframework.boot.test.autoconfigure.web.client.MockRestServiceServerResetTestExecutionListener@173b9122, org.springframework.boot.test.autoconfigure.web.servlet.MockMvcPrintOnlyOnFailureTestExecutionListener@7c18432b, org.springframework.boot.test.autoconfigure.web.servlet.WebDriverTestExecutionListener@7646731d, org.springframework.boot.test.autoconfigure.webservices.client.MockWebServiceServerTestExecutionListener@70e29e14, org.springframework.boot.test.mock.mockito.ResetMocksTestExecutionListener@3b1bb3ab]
03:24:41.325 [Test worker] DEBUG org.springframework.test.context.support.AbstractDirtiesContextTestExecutionListener - Before test class: context [DefaultTestContext@6c4f9535 testClass = MemberControllerRestDocsTest, testInstance = [null], testMethod = [null], testException = [null], mergedContextConfiguration = [WebMergedContextConfiguration@5bd1ceca testClass = MemberControllerRestDocsTest, locations = '{}', classes = '{class com.seb41_pre_014.Seb41Pre014Application}', contextInitializerClasses = '[]', activeProfiles = '{}', propertySourceLocations = '{}', propertySourceProperties = '{org.springframework.boot.test.autoconfigure.web.servlet.WebMvcTestContextBootstrapper=true}', contextCustomizers = set[org.springframework.boot.test.autoconfigure.OverrideAutoConfigurationContextCustomizerFactory$DisableAutoConfigurationContextCustomizer@2c7d121c, org.springframework.boot.test.autoconfigure.actuate.metrics.MetricsExportContextCustomizerFactory$DisableMetricExportContextCustomizer@3383649e, org.springframework.boot.test.autoconfigure.filter.TypeExcludeFiltersContextCustomizer@146a0e05, org.springframework.boot.test.autoconfigure.properties.PropertyMappingContextCustomizer@51834f55, org.springframework.boot.test.autoconfigure.web.servlet.WebDriverContextCustomizerFactory$Customizer@5241cf67, [ImportsContextCustomizer@30c31dd7 key = [@org.springframework.boot.test.autoconfigure.web.servlet.WebMvcTest(useDefaultFilters=true, excludeFilters={}, controllers={}, excludeAutoConfiguration={}, includeFilters={}, value={com.seb41_pre_014.member.controller.MemberController.class}, properties={}), @org.springframework.boot.test.autoconfigure.web.servlet.AutoConfigureWebMvc(), @org.springframework.boot.test.mock.mockito.MockBean(answer=RETURNS_DEFAULTS, classes={}, name="", extraInterfaces={}, reset=AFTER, value={org.springframework.data.jpa.mapping.JpaMetamodelMappingContext.class}, serializable=false), @org.springframework.boot.test.autoconfigure.filter.TypeExcludeFilters(value={org.springframework.boot.test.autoconfigure.web.servlet.WebMvcTypeExcludeFilter.class}), @org.springframework.boot.test.autoconfigure.properties.PropertyMapping(value="spring.test.restdocs", skip=NO), @org.springframework.context.annotation.Import(value={org.springframework.boot.autoconfigure.ImportAutoConfigurationImportSelector.class}), @org.springframework.context.annotation.Import(value={org.springframework.boot.test.autoconfigure.restdocs.RestDocumentationContextProviderRegistrar.class}), @org.springframework.boot.autoconfigure.ImportAutoConfiguration(value={}, exclude={}, classes={}), @org.springframework.boot.test.autoconfigure.properties.PropertyMapping(value="spring.test.mockmvc", skip=NO), @org.springframework.boot.test.autoconfigure.core.AutoConfigureCache(cacheProvider=NONE), @org.springframework.boot.test.autoconfigure.restdocs.AutoConfigureRestDocs(uriScheme="http", outputDir="", uriPort=8080, value="", uriHost="localhost"), @org.springframework.boot.test.autoconfigure.web.servlet.AutoConfigureMockMvc(webDriverEnabled=true, print=DEFAULT, webClientEnabled=true, printOnlyOnFailure=true, addFilters=true), @org.springframework.boot.test.autoconfigure.OverrideAutoConfiguration(enabled=false), @org.springframework.test.context.BootstrapWith(value=org.springframework.boot.test.autoconfigure.web.servlet.WebMvcTestContextBootstrapper.class)]], org.springframework.boot.test.context.filter.ExcludeFilterContextCustomizer@5fd62371, org.springframework.boot.test.json.DuplicateJsonObjectContextCustomizerFactory$DuplicateJsonObjectContextCustomizer@66629f63, org.springframework.boot.test.mock.mockito.MockitoContextCustomizer@3aef8e57, org.springframework.boot.test.context.SpringBootTestArgs@1, org.springframework.boot.test.context.SpringBootTestWebEnvironment@0], resourceBasePath = 'src/main/webapp', contextLoader = 'org.springframework.boot.test.context.SpringBootContextLoader', parent = [null]], attributes = map[[empty]]], class annotated with @DirtiesContext [false] with mode [null].

  .   ____          _            __ _ _
 /\\ / ___'_ __ _ _(_)_ __  __ _ \ \ \ \
( ( )\___ | '_ | '_| | '_ \/ _` | \ \ \ \
 \\/  ___)| |_)| | | | | || (_| |  ) ) ) )
  '  |____| .__|_| |_|_| |_\__, | / / / /
 =========|_|==============|___/=/_/_/_/
 :: Spring Boot ::                (v2.7.6)

2022-12-28 03:24:41.874  INFO 45884 --- [    Test worker] c.s.r.m.MemberControllerRestDocsTest     : Starting MemberControllerRestDocsTest using Java 11.0.16 on gimchanbin-ui-MacBookPro.local with PID 45884 (started by happy_bin in /Users/happy_bin/projects/pre-project/seb41_pre_014/backend)
2022-12-28 03:24:41.876  INFO 45884 --- [    Test worker] c.s.r.m.MemberControllerRestDocsTest     : No active profile set, falling back to 1 default profile: "default"
2022-12-28 03:24:44.313  INFO 45884 --- [    Test worker] o.s.b.t.m.w.SpringBootMockServletContext : Initializing Spring TestDispatcherServlet ''
2022-12-28 03:24:44.314  INFO 45884 --- [    Test worker] o.s.t.web.servlet.TestDispatcherServlet  : Initializing Servlet ''
2022-12-28 03:24:44.315  INFO 45884 --- [    Test worker] o.s.t.web.servlet.TestDispatcherServlet  : Completed initialization in 1 ms
2022-12-28 03:24:44.349  INFO 45884 --- [    Test worker] c.s.r.m.MemberControllerRestDocsTest     : Started MemberControllerRestDocsTest in 2.956 seconds (JVM running for 4.202)
]]></system-out>
  <system-err><![CDATA[]]></system-err>
</testsuite>
