<?xml version="1.0" encoding="UTF-8"?>
<testsuite name="com.seb41_pre_014.board.repository.BoardRepositoryTest" tests="6" skipped="0" failures="0" errors="0" timestamp="2022-12-26T18:55:59" hostname="gimchanbin-ui-MacBookPro.local" time="0.423">
  <properties/>
  <testcase name="모든 Question 조회" classname="com.seb41_pre_014.board.repository.BoardRepositoryTest" time="0.332"/>
  <testcase name="Board 삭제" classname="com.seb41_pre_014.board.repository.BoardRepositoryTest" time="0.028"/>
  <testcase name="BoardId로 Board 조회" classname="com.seb41_pre_014.board.repository.BoardRepositoryTest" time="0.008"/>
  <testcase name="Board 수정" classname="com.seb41_pre_014.board.repository.BoardRepositoryTest" time="0.015"/>
  <testcase name="제목 검색으로 Board 조회" classname="com.seb41_pre_014.board.repository.BoardRepositoryTest" time="0.026"/>
  <testcase name="Board 생성" classname="com.seb41_pre_014.board.repository.BoardRepositoryTest" time="0.007"/>
  <system-out><![CDATA[2022-12-27 03:55:59.012  INFO 30093 --- [    Test worker] b.t.a.o.j.DataJpaTestContextBootstrapper : Neither @ContextConfiguration nor @ContextHierarchy found for test class [com.seb41_pre_014.board.repository.BoardRepositoryTest], using SpringBootContextLoader
2022-12-27 03:55:59.013  INFO 30093 --- [    Test worker] o.s.t.c.support.AbstractContextLoader    : Could not detect default resource locations for test class [com.seb41_pre_014.board.repository.BoardRepositoryTest]: no resource found for suffixes {-context.xml, Context.groovy}.
2022-12-27 03:55:59.013  INFO 30093 --- [    Test worker] t.c.s.AnnotationConfigContextLoaderUtils : Could not detect default configuration classes for test class [com.seb41_pre_014.board.repository.BoardRepositoryTest]: BoardRepositoryTest does not declare any static, non-private, non-final, nested classes annotated with @Configuration.
2022-12-27 03:55:59.037  INFO 30093 --- [    Test worker] .b.t.c.SpringBootTestContextBootstrapper : Found @SpringBootConfiguration com.seb41_pre_014.Seb41Pre014Application for test class com.seb41_pre_014.board.repository.BoardRepositoryTest
2022-12-27 03:55:59.038  INFO 30093 --- [    Test worker] b.t.a.o.j.DataJpaTestContextBootstrapper : Loaded default TestExecutionListener class names from location [META-INF/spring.factories]: [org.springframework.boot.test.autoconfigure.restdocs.RestDocsTestExecutionListener, org.springframework.boot.test.autoconfigure.web.client.MockRestServiceServerResetTestExecutionListener, org.springframework.boot.test.autoconfigure.web.servlet.MockMvcPrintOnlyOnFailureTestExecutionListener, org.springframework.boot.test.autoconfigure.web.servlet.WebDriverTestExecutionListener, org.springframework.boot.test.autoconfigure.webservices.client.MockWebServiceServerTestExecutionListener, org.springframework.boot.test.mock.mockito.MockitoTestExecutionListener, org.springframework.boot.test.mock.mockito.ResetMocksTestExecutionListener, org.springframework.test.context.web.ServletTestExecutionListener, org.springframework.test.context.support.DirtiesContextBeforeModesTestExecutionListener, org.springframework.test.context.event.ApplicationEventsTestExecutionListener, org.springframework.test.context.support.DependencyInjectionTestExecutionListener, org.springframework.test.context.support.DirtiesContextTestExecutionListener, org.springframework.test.context.transaction.TransactionalTestExecutionListener, org.springframework.test.context.jdbc.SqlScriptsTestExecutionListener, org.springframework.test.context.event.EventPublishingTestExecutionListener]
2022-12-27 03:55:59.038  INFO 30093 --- [    Test worker] b.t.a.o.j.DataJpaTestContextBootstrapper : Using TestExecutionListeners: [org.springframework.test.context.web.ServletTestExecutionListener@49314684, org.springframework.test.context.support.DirtiesContextBeforeModesTestExecutionListener@4d5d945d, org.springframework.test.context.event.ApplicationEventsTestExecutionListener@60c33609, org.springframework.boot.test.mock.mockito.MockitoTestExecutionListener@6137dc84, org.springframework.boot.test.autoconfigure.SpringBootDependencyInjectionTestExecutionListener@22f1a340, org.springframework.test.context.support.DirtiesContextTestExecutionListener@32f243f, org.springframework.test.context.transaction.TransactionalTestExecutionListener@7aa5292d, org.springframework.test.context.jdbc.SqlScriptsTestExecutionListener@25291901, org.springframework.test.context.event.EventPublishingTestExecutionListener@a6d4547, org.springframework.boot.test.autoconfigure.restdocs.RestDocsTestExecutionListener@701996e9, org.springframework.boot.test.autoconfigure.web.client.MockRestServiceServerResetTestExecutionListener@23263586, org.springframework.boot.test.autoconfigure.web.servlet.MockMvcPrintOnlyOnFailureTestExecutionListener@4e2ad1f2, org.springframework.boot.test.autoconfigure.web.servlet.WebDriverTestExecutionListener@2e0de20d, org.springframework.boot.test.autoconfigure.webservices.client.MockWebServiceServerTestExecutionListener@121f97fb, org.springframework.boot.test.mock.mockito.ResetMocksTestExecutionListener@70a3b]

  .   ____          _            __ _ _
 /\\ / ___'_ __ _ _(_)_ __  __ _ \ \ \ \
( ( )\___ | '_ | '_| | '_ \/ _` | \ \ \ \
 \\/  ___)| |_)| | | | | || (_| |  ) ) ) )
  '  |____| .__|_| |_|_| |_\__, | / / / /
 =========|_|==============|___/=/_/_/_/
 :: Spring Boot ::                (v2.7.6)

2022-12-27 03:55:59.078  INFO 30093 --- [    Test worker] c.s.b.repository.BoardRepositoryTest     : Starting BoardRepositoryTest using Java 11.0.16 on gimchanbin-ui-MacBookPro.local with PID 30093 (started by happy_bin in /Users/happy_bin/projects/pre-project/seb41_pre_014/backend)
2022-12-27 03:55:59.080  INFO 30093 --- [    Test worker] c.s.b.repository.BoardRepositoryTest     : No active profile set, falling back to 1 default profile: "default"
2022-12-27 03:55:59.192  INFO 30093 --- [    Test worker] .s.d.r.c.RepositoryConfigurationDelegate : Bootstrapping Spring Data JPA repositories in DEFAULT mode.
2022-12-27 03:55:59.214  INFO 30093 --- [    Test worker] .s.d.r.c.RepositoryConfigurationDelegate : Finished Spring Data repository scanning in 20 ms. Found 2 JPA repository interfaces.
2022-12-27 03:55:59.229  INFO 30093 --- [    Test worker] beddedDataSourceBeanFactoryPostProcessor : Replacing 'dataSource' DataSource bean with embedded version
2022-12-27 03:55:59.274  INFO 30093 --- [    Test worker] o.s.j.d.e.EmbeddedDatabaseFactory        : Starting embedded database: url='jdbc:h2:mem:857d22c5-c5d3-4a4e-9baa-6b037d3050a8;DB_CLOSE_DELAY=-1;DB_CLOSE_ON_EXIT=false', username='sa'
2022-12-27 03:55:59.325  INFO 30093 --- [    Test worker] o.hibernate.jpa.internal.util.LogHelper  : HHH000204: Processing PersistenceUnitInfo [name: default]
2022-12-27 03:55:59.331  INFO 30093 --- [    Test worker] org.hibernate.dialect.Dialect            : HHH000400: Using dialect: org.hibernate.dialect.H2Dialect
Hibernate: drop table if exists board CASCADE 
Hibernate: drop table if exists board_tag CASCADE 
Hibernate: drop table if exists bookmark CASCADE 
Hibernate: drop table if exists member CASCADE 
Hibernate: drop table if exists member_tag CASCADE 
Hibernate: drop table if exists suggested_edit CASCADE 
Hibernate: drop table if exists tag CASCADE 
Hibernate: drop table if exists vote CASCADE 
Hibernate: create table board (board_id bigint generated by default as identity, created_at timestamp, last_modified_at timestamp, answer_count integer not null, board_status integer, board_type integer, body varchar(255), bookmark_count integer not null, question_id bigint, score integer not null, title varchar(255), view_count integer not null, writer_display_name varchar(255), writer_member_id bigint, primary key (board_id))
Hibernate: create table board_tag (board_tag_id bigint not null, board_id bigint, tag_id bigint, primary key (board_tag_id))
Hibernate: create table bookmark (bookmark_id bigint generated by default as identity, created_at timestamp, last_modified_at timestamp, board_id bigint, member_id bigint, primary key (bookmark_id))
Hibernate: create table member (member_id bigint generated by default as identity, created_at timestamp, last_modified_at timestamp, about_me varchar(255), answers integer not null, display_name varchar(255) not null, email varchar(255) not null, full_name varchar(255), github_link varchar(255), location varchar(255), member_status integer not null, password varchar(255) not null, profile_image_url varchar(255), questions integer not null, reputation integer not null, title varchar(255), twitter_link varchar(255), website_link varchar(255), primary key (member_id))
Hibernate: create table member_tag (member_tag_id bigint not null, member_id bigint, tag_id bigint, primary key (member_tag_id))
Hibernate: create table suggested_edit (edit_id bigint not null, created_at timestamp, last_modified_at timestamp, board_id bigint, body varchar(255), editor_id bigint, tag varchar(255), title varchar(255), primary key (edit_id))
Hibernate: create table tag (tag_id bigint not null, board_id bigint, name varchar(255), primary key (tag_id))
Hibernate: create table vote (vote_id bigint generated by default as identity, created_at timestamp, last_modified_at timestamp, board_id bigint, member_id bigint, vote_type integer, primary key (vote_id))
2022-12-27 03:55:59.499  INFO 30093 --- [    Test worker] o.h.e.t.j.p.i.JtaPlatformInitiator       : HHH000490: Using JtaPlatform implementation: [org.hibernate.engine.transaction.jta.platform.internal.NoJtaPlatform]
2022-12-27 03:55:59.500  INFO 30093 --- [    Test worker] j.LocalContainerEntityManagerFactoryBean : Initialized JPA EntityManagerFactory for persistence unit 'default'
2022-12-27 03:55:59.684  INFO 30093 --- [    Test worker] c.s.b.repository.BoardRepositoryTest     : Started BoardRepositoryTest in 0.643 seconds (JVM running for 7.681)
2022-12-27 03:55:59.701  INFO 30093 --- [    Test worker] o.s.t.c.transaction.TransactionContext   : Began transaction (1) for test context [DefaultTestContext@5ace902e testClass = BoardRepositoryTest, testInstance = com.seb41_pre_014.board.repository.BoardRepositoryTest@396a4dea, testMethod = findAllByBoardType@BoardRepositoryTest, testException = [null], mergedContextConfiguration = [MergedContextConfiguration@76ac8c3d testClass = BoardRepositoryTest, locations = '{}', classes = '{class com.seb41_pre_014.Seb41Pre014Application}', contextInitializerClasses = '[]', activeProfiles = '{}', propertySourceLocations = '{}', propertySourceProperties = '{org.springframework.boot.test.autoconfigure.orm.jpa.DataJpaTestContextBootstrapper=true}', contextCustomizers = set[org.springframework.boot.test.autoconfigure.OverrideAutoConfigurationContextCustomizerFactory$DisableAutoConfigurationContextCustomizer@1a899fcd, org.springframework.boot.test.autoconfigure.actuate.metrics.MetricsExportContextCustomizerFactory$DisableMetricExportContextCustomizer@74cadd41, org.springframework.boot.test.autoconfigure.filter.TypeExcludeFiltersContextCustomizer@351584c0, org.springframework.boot.test.autoconfigure.properties.PropertyMappingContextCustomizer@de84bdf6, org.springframework.boot.test.autoconfigure.web.servlet.WebDriverContextCustomizerFactory$Customizer@2b491fee, [ImportsContextCustomizer@6b5c4b75 key = [org.springframework.boot.autoconfigure.cache.CacheAutoConfiguration, org.springframework.boot.autoconfigure.data.jpa.JpaRepositoriesAutoConfiguration, org.springframework.boot.autoconfigure.flyway.FlywayAutoConfiguration, org.springframework.boot.autoconfigure.jdbc.DataSourceAutoConfiguration, org.springframework.boot.autoconfigure.jdbc.DataSourceTransactionManagerAutoConfiguration, org.springframework.boot.autoconfigure.jdbc.JdbcTemplateAutoConfiguration, org.springframework.boot.autoconfigure.liquibase.LiquibaseAutoConfiguration, org.springframework.boot.autoconfigure.orm.jpa.HibernateJpaAutoConfiguration, org.springframework.boot.autoconfigure.sql.init.SqlInitializationAutoConfiguration, org.springframework.boot.autoconfigure.transaction.TransactionAutoConfiguration, org.springframework.boot.test.autoconfigure.jdbc.TestDatabaseAutoConfiguration, org.springframework.boot.test.autoconfigure.orm.jpa.TestEntityManagerAutoConfiguration]], org.springframework.boot.test.context.filter.ExcludeFilterContextCustomizer@5ddabb18, org.springframework.boot.test.json.DuplicateJsonObjectContextCustomizerFactory$DuplicateJsonObjectContextCustomizer@1de5f0ef, org.springframework.boot.test.mock.mockito.MockitoContextCustomizer@0, org.springframework.boot.test.context.SpringBootTestArgs@1, org.springframework.boot.test.context.SpringBootTestWebEnvironment@0], contextLoader = 'org.springframework.boot.test.context.SpringBootContextLoader', parent = [null]], attributes = map['org.springframework.test.context.event.ApplicationEventsTestExecutionListener.recordApplicationEvents' -> false]]; transaction manager [org.springframework.orm.jpa.JpaTransactionManager@6cb5a64d]; rollback [true]
Hibernate: insert into board (board_id, created_at, last_modified_at, answer_count, board_status, board_type, body, bookmark_count, question_id, score, title, view_count, writer_display_name, writer_member_id) values (default, ?, ?, ?, ?, ?, ?, ?, ?, ?, ?, ?, ?, ?)
Hibernate: insert into board (board_id, created_at, last_modified_at, answer_count, board_status, board_type, body, bookmark_count, question_id, score, title, view_count, writer_display_name, writer_member_id) values (default, ?, ?, ?, ?, ?, ?, ?, ?, ?, ?, ?, ?, ?)
Hibernate: insert into board (board_id, created_at, last_modified_at, answer_count, board_status, board_type, body, bookmark_count, question_id, score, title, view_count, writer_display_name, writer_member_id) values (default, ?, ?, ?, ?, ?, ?, ?, ?, ?, ?, ?, ?, ?)
Hibernate: select board0_.board_id as board_id1_0_, board0_.created_at as created_2_0_, board0_.last_modified_at as last_mod3_0_, board0_.answer_count as answer_c4_0_, board0_.board_status as board_st5_0_, board0_.board_type as board_ty6_0_, board0_.body as body7_0_, board0_.bookmark_count as bookmark8_0_, board0_.question_id as question9_0_, board0_.score as score10_0_, board0_.title as title11_0_, board0_.view_count as view_co12_0_, board0_.writer_display_name as writer_13_0_, board0_.writer_member_id as writer_14_0_ from board board0_ where board0_.board_type=? order by board0_.board_id desc limit ?
2022-12-27 03:56:00.020  INFO 30093 --- [    Test worker] o.s.t.c.transaction.TransactionContext   : Rolled back transaction for test: [DefaultTestContext@5ace902e testClass = BoardRepositoryTest, testInstance = com.seb41_pre_014.board.repository.BoardRepositoryTest@396a4dea, testMethod = findAllByBoardType@BoardRepositoryTest, testException = [null], mergedContextConfiguration = [MergedContextConfiguration@76ac8c3d testClass = BoardRepositoryTest, locations = '{}', classes = '{class com.seb41_pre_014.Seb41Pre014Application}', contextInitializerClasses = '[]', activeProfiles = '{}', propertySourceLocations = '{}', propertySourceProperties = '{org.springframework.boot.test.autoconfigure.orm.jpa.DataJpaTestContextBootstrapper=true}', contextCustomizers = set[org.springframework.boot.test.autoconfigure.OverrideAutoConfigurationContextCustomizerFactory$DisableAutoConfigurationContextCustomizer@1a899fcd, org.springframework.boot.test.autoconfigure.actuate.metrics.MetricsExportContextCustomizerFactory$DisableMetricExportContextCustomizer@74cadd41, org.springframework.boot.test.autoconfigure.filter.TypeExcludeFiltersContextCustomizer@351584c0, org.springframework.boot.test.autoconfigure.properties.PropertyMappingContextCustomizer@de84bdf6, org.springframework.boot.test.autoconfigure.web.servlet.WebDriverContextCustomizerFactory$Customizer@2b491fee, [ImportsContextCustomizer@6b5c4b75 key = [org.springframework.boot.autoconfigure.cache.CacheAutoConfiguration, org.springframework.boot.autoconfigure.data.jpa.JpaRepositoriesAutoConfiguration, org.springframework.boot.autoconfigure.flyway.FlywayAutoConfiguration, org.springframework.boot.autoconfigure.jdbc.DataSourceAutoConfiguration, org.springframework.boot.autoconfigure.jdbc.DataSourceTransactionManagerAutoConfiguration, org.springframework.boot.autoconfigure.jdbc.JdbcTemplateAutoConfiguration, org.springframework.boot.autoconfigure.liquibase.LiquibaseAutoConfiguration, org.springframework.boot.autoconfigure.orm.jpa.HibernateJpaAutoConfiguration, org.springframework.boot.autoconfigure.sql.init.SqlInitializationAutoConfiguration, org.springframework.boot.autoconfigure.transaction.TransactionAutoConfiguration, org.springframework.boot.test.autoconfigure.jdbc.TestDatabaseAutoConfiguration, org.springframework.boot.test.autoconfigure.orm.jpa.TestEntityManagerAutoConfiguration]], org.springframework.boot.test.context.filter.ExcludeFilterContextCustomizer@5ddabb18, org.springframework.boot.test.json.DuplicateJsonObjectContextCustomizerFactory$DuplicateJsonObjectContextCustomizer@1de5f0ef, org.springframework.boot.test.mock.mockito.MockitoContextCustomizer@0, org.springframework.boot.test.context.SpringBootTestArgs@1, org.springframework.boot.test.context.SpringBootTestWebEnvironment@0], contextLoader = 'org.springframework.boot.test.context.SpringBootContextLoader', parent = [null]], attributes = map['org.springframework.test.context.event.ApplicationEventsTestExecutionListener.recordApplicationEvents' -> false]]
2022-12-27 03:56:00.025  INFO 30093 --- [    Test worker] o.s.t.c.transaction.TransactionContext   : Began transaction (1) for test context [DefaultTestContext@5ace902e testClass = BoardRepositoryTest, testInstance = com.seb41_pre_014.board.repository.BoardRepositoryTest@56d189d0, testMethod = deleteBoard@BoardRepositoryTest, testException = [null], mergedContextConfiguration = [MergedContextConfiguration@76ac8c3d testClass = BoardRepositoryTest, locations = '{}', classes = '{class com.seb41_pre_014.Seb41Pre014Application}', contextInitializerClasses = '[]', activeProfiles = '{}', propertySourceLocations = '{}', propertySourceProperties = '{org.springframework.boot.test.autoconfigure.orm.jpa.DataJpaTestContextBootstrapper=true}', contextCustomizers = set[org.springframework.boot.test.autoconfigure.OverrideAutoConfigurationContextCustomizerFactory$DisableAutoConfigurationContextCustomizer@1a899fcd, org.springframework.boot.test.autoconfigure.actuate.metrics.MetricsExportContextCustomizerFactory$DisableMetricExportContextCustomizer@74cadd41, org.springframework.boot.test.autoconfigure.filter.TypeExcludeFiltersContextCustomizer@351584c0, org.springframework.boot.test.autoconfigure.properties.PropertyMappingContextCustomizer@de84bdf6, org.springframework.boot.test.autoconfigure.web.servlet.WebDriverContextCustomizerFactory$Customizer@2b491fee, [ImportsContextCustomizer@6b5c4b75 key = [org.springframework.boot.autoconfigure.cache.CacheAutoConfiguration, org.springframework.boot.autoconfigure.data.jpa.JpaRepositoriesAutoConfiguration, org.springframework.boot.autoconfigure.flyway.FlywayAutoConfiguration, org.springframework.boot.autoconfigure.jdbc.DataSourceAutoConfiguration, org.springframework.boot.autoconfigure.jdbc.DataSourceTransactionManagerAutoConfiguration, org.springframework.boot.autoconfigure.jdbc.JdbcTemplateAutoConfiguration, org.springframework.boot.autoconfigure.liquibase.LiquibaseAutoConfiguration, org.springframework.boot.autoconfigure.orm.jpa.HibernateJpaAutoConfiguration, org.springframework.boot.autoconfigure.sql.init.SqlInitializationAutoConfiguration, org.springframework.boot.autoconfigure.transaction.TransactionAutoConfiguration, org.springframework.boot.test.autoconfigure.jdbc.TestDatabaseAutoConfiguration, org.springframework.boot.test.autoconfigure.orm.jpa.TestEntityManagerAutoConfiguration]], org.springframework.boot.test.context.filter.ExcludeFilterContextCustomizer@5ddabb18, org.springframework.boot.test.json.DuplicateJsonObjectContextCustomizerFactory$DuplicateJsonObjectContextCustomizer@1de5f0ef, org.springframework.boot.test.mock.mockito.MockitoContextCustomizer@0, org.springframework.boot.test.context.SpringBootTestArgs@1, org.springframework.boot.test.context.SpringBootTestWebEnvironment@0], contextLoader = 'org.springframework.boot.test.context.SpringBootContextLoader', parent = [null]], attributes = map['org.springframework.test.context.event.ApplicationEventsTestExecutionListener.recordApplicationEvents' -> false]]; transaction manager [org.springframework.orm.jpa.JpaTransactionManager@6cb5a64d]; rollback [true]
Hibernate: insert into board (board_id, created_at, last_modified_at, answer_count, board_status, board_type, body, bookmark_count, question_id, score, title, view_count, writer_display_name, writer_member_id) values (default, ?, ?, ?, ?, ?, ?, ?, ?, ?, ?, ?, ?, ?)
2022-12-27 03:56:00.050  INFO 30093 --- [    Test worker] o.s.t.c.transaction.TransactionContext   : Rolled back transaction for test: [DefaultTestContext@5ace902e testClass = BoardRepositoryTest, testInstance = com.seb41_pre_014.board.repository.BoardRepositoryTest@56d189d0, testMethod = deleteBoard@BoardRepositoryTest, testException = [null], mergedContextConfiguration = [MergedContextConfiguration@76ac8c3d testClass = BoardRepositoryTest, locations = '{}', classes = '{class com.seb41_pre_014.Seb41Pre014Application}', contextInitializerClasses = '[]', activeProfiles = '{}', propertySourceLocations = '{}', propertySourceProperties = '{org.springframework.boot.test.autoconfigure.orm.jpa.DataJpaTestContextBootstrapper=true}', contextCustomizers = set[org.springframework.boot.test.autoconfigure.OverrideAutoConfigurationContextCustomizerFactory$DisableAutoConfigurationContextCustomizer@1a899fcd, org.springframework.boot.test.autoconfigure.actuate.metrics.MetricsExportContextCustomizerFactory$DisableMetricExportContextCustomizer@74cadd41, org.springframework.boot.test.autoconfigure.filter.TypeExcludeFiltersContextCustomizer@351584c0, org.springframework.boot.test.autoconfigure.properties.PropertyMappingContextCustomizer@de84bdf6, org.springframework.boot.test.autoconfigure.web.servlet.WebDriverContextCustomizerFactory$Customizer@2b491fee, [ImportsContextCustomizer@6b5c4b75 key = [org.springframework.boot.autoconfigure.cache.CacheAutoConfiguration, org.springframework.boot.autoconfigure.data.jpa.JpaRepositoriesAutoConfiguration, org.springframework.boot.autoconfigure.flyway.FlywayAutoConfiguration, org.springframework.boot.autoconfigure.jdbc.DataSourceAutoConfiguration, org.springframework.boot.autoconfigure.jdbc.DataSourceTransactionManagerAutoConfiguration, org.springframework.boot.autoconfigure.jdbc.JdbcTemplateAutoConfiguration, org.springframework.boot.autoconfigure.liquibase.LiquibaseAutoConfiguration, org.springframework.boot.autoconfigure.orm.jpa.HibernateJpaAutoConfiguration, org.springframework.boot.autoconfigure.sql.init.SqlInitializationAutoConfiguration, org.springframework.boot.autoconfigure.transaction.TransactionAutoConfiguration, org.springframework.boot.test.autoconfigure.jdbc.TestDatabaseAutoConfiguration, org.springframework.boot.test.autoconfigure.orm.jpa.TestEntityManagerAutoConfiguration]], org.springframework.boot.test.context.filter.ExcludeFilterContextCustomizer@5ddabb18, org.springframework.boot.test.json.DuplicateJsonObjectContextCustomizerFactory$DuplicateJsonObjectContextCustomizer@1de5f0ef, org.springframework.boot.test.mock.mockito.MockitoContextCustomizer@0, org.springframework.boot.test.context.SpringBootTestArgs@1, org.springframework.boot.test.context.SpringBootTestWebEnvironment@0], contextLoader = 'org.springframework.boot.test.context.SpringBootContextLoader', parent = [null]], attributes = map['org.springframework.test.context.event.ApplicationEventsTestExecutionListener.recordApplicationEvents' -> false]]
2022-12-27 03:56:00.055  INFO 30093 --- [    Test worker] o.s.t.c.transaction.TransactionContext   : Began transaction (1) for test context [DefaultTestContext@5ace902e testClass = BoardRepositoryTest, testInstance = com.seb41_pre_014.board.repository.BoardRepositoryTest@52c919f3, testMethod = findById@BoardRepositoryTest, testException = [null], mergedContextConfiguration = [MergedContextConfiguration@76ac8c3d testClass = BoardRepositoryTest, locations = '{}', classes = '{class com.seb41_pre_014.Seb41Pre014Application}', contextInitializerClasses = '[]', activeProfiles = '{}', propertySourceLocations = '{}', propertySourceProperties = '{org.springframework.boot.test.autoconfigure.orm.jpa.DataJpaTestContextBootstrapper=true}', contextCustomizers = set[org.springframework.boot.test.autoconfigure.OverrideAutoConfigurationContextCustomizerFactory$DisableAutoConfigurationContextCustomizer@1a899fcd, org.springframework.boot.test.autoconfigure.actuate.metrics.MetricsExportContextCustomizerFactory$DisableMetricExportContextCustomizer@74cadd41, org.springframework.boot.test.autoconfigure.filter.TypeExcludeFiltersContextCustomizer@351584c0, org.springframework.boot.test.autoconfigure.properties.PropertyMappingContextCustomizer@de84bdf6, org.springframework.boot.test.autoconfigure.web.servlet.WebDriverContextCustomizerFactory$Customizer@2b491fee, [ImportsContextCustomizer@6b5c4b75 key = [org.springframework.boot.autoconfigure.cache.CacheAutoConfiguration, org.springframework.boot.autoconfigure.data.jpa.JpaRepositoriesAutoConfiguration, org.springframework.boot.autoconfigure.flyway.FlywayAutoConfiguration, org.springframework.boot.autoconfigure.jdbc.DataSourceAutoConfiguration, org.springframework.boot.autoconfigure.jdbc.DataSourceTransactionManagerAutoConfiguration, org.springframework.boot.autoconfigure.jdbc.JdbcTemplateAutoConfiguration, org.springframework.boot.autoconfigure.liquibase.LiquibaseAutoConfiguration, org.springframework.boot.autoconfigure.orm.jpa.HibernateJpaAutoConfiguration, org.springframework.boot.autoconfigure.sql.init.SqlInitializationAutoConfiguration, org.springframework.boot.autoconfigure.transaction.TransactionAutoConfiguration, org.springframework.boot.test.autoconfigure.jdbc.TestDatabaseAutoConfiguration, org.springframework.boot.test.autoconfigure.orm.jpa.TestEntityManagerAutoConfiguration]], org.springframework.boot.test.context.filter.ExcludeFilterContextCustomizer@5ddabb18, org.springframework.boot.test.json.DuplicateJsonObjectContextCustomizerFactory$DuplicateJsonObjectContextCustomizer@1de5f0ef, org.springframework.boot.test.mock.mockito.MockitoContextCustomizer@0, org.springframework.boot.test.context.SpringBootTestArgs@1, org.springframework.boot.test.context.SpringBootTestWebEnvironment@0], contextLoader = 'org.springframework.boot.test.context.SpringBootContextLoader', parent = [null]], attributes = map['org.springframework.test.context.event.ApplicationEventsTestExecutionListener.recordApplicationEvents' -> false]]; transaction manager [org.springframework.orm.jpa.JpaTransactionManager@6cb5a64d]; rollback [true]
Hibernate: insert into board (board_id, created_at, last_modified_at, answer_count, board_status, board_type, body, bookmark_count, question_id, score, title, view_count, writer_display_name, writer_member_id) values (default, ?, ?, ?, ?, ?, ?, ?, ?, ?, ?, ?, ?, ?)
2022-12-27 03:56:00.060  INFO 30093 --- [    Test worker] o.s.t.c.transaction.TransactionContext   : Rolled back transaction for test: [DefaultTestContext@5ace902e testClass = BoardRepositoryTest, testInstance = com.seb41_pre_014.board.repository.BoardRepositoryTest@52c919f3, testMethod = findById@BoardRepositoryTest, testException = [null], mergedContextConfiguration = [MergedContextConfiguration@76ac8c3d testClass = BoardRepositoryTest, locations = '{}', classes = '{class com.seb41_pre_014.Seb41Pre014Application}', contextInitializerClasses = '[]', activeProfiles = '{}', propertySourceLocations = '{}', propertySourceProperties = '{org.springframework.boot.test.autoconfigure.orm.jpa.DataJpaTestContextBootstrapper=true}', contextCustomizers = set[org.springframework.boot.test.autoconfigure.OverrideAutoConfigurationContextCustomizerFactory$DisableAutoConfigurationContextCustomizer@1a899fcd, org.springframework.boot.test.autoconfigure.actuate.metrics.MetricsExportContextCustomizerFactory$DisableMetricExportContextCustomizer@74cadd41, org.springframework.boot.test.autoconfigure.filter.TypeExcludeFiltersContextCustomizer@351584c0, org.springframework.boot.test.autoconfigure.properties.PropertyMappingContextCustomizer@de84bdf6, org.springframework.boot.test.autoconfigure.web.servlet.WebDriverContextCustomizerFactory$Customizer@2b491fee, [ImportsContextCustomizer@6b5c4b75 key = [org.springframework.boot.autoconfigure.cache.CacheAutoConfiguration, org.springframework.boot.autoconfigure.data.jpa.JpaRepositoriesAutoConfiguration, org.springframework.boot.autoconfigure.flyway.FlywayAutoConfiguration, org.springframework.boot.autoconfigure.jdbc.DataSourceAutoConfiguration, org.springframework.boot.autoconfigure.jdbc.DataSourceTransactionManagerAutoConfiguration, org.springframework.boot.autoconfigure.jdbc.JdbcTemplateAutoConfiguration, org.springframework.boot.autoconfigure.liquibase.LiquibaseAutoConfiguration, org.springframework.boot.autoconfigure.orm.jpa.HibernateJpaAutoConfiguration, org.springframework.boot.autoconfigure.sql.init.SqlInitializationAutoConfiguration, org.springframework.boot.autoconfigure.transaction.TransactionAutoConfiguration, org.springframework.boot.test.autoconfigure.jdbc.TestDatabaseAutoConfiguration, org.springframework.boot.test.autoconfigure.orm.jpa.TestEntityManagerAutoConfiguration]], org.springframework.boot.test.context.filter.ExcludeFilterContextCustomizer@5ddabb18, org.springframework.boot.test.json.DuplicateJsonObjectContextCustomizerFactory$DuplicateJsonObjectContextCustomizer@1de5f0ef, org.springframework.boot.test.mock.mockito.MockitoContextCustomizer@0, org.springframework.boot.test.context.SpringBootTestArgs@1, org.springframework.boot.test.context.SpringBootTestWebEnvironment@0], contextLoader = 'org.springframework.boot.test.context.SpringBootContextLoader', parent = [null]], attributes = map['org.springframework.test.context.event.ApplicationEventsTestExecutionListener.recordApplicationEvents' -> false]]
2022-12-27 03:56:00.065  INFO 30093 --- [    Test worker] o.s.t.c.transaction.TransactionContext   : Began transaction (1) for test context [DefaultTestContext@5ace902e testClass = BoardRepositoryTest, testInstance = com.seb41_pre_014.board.repository.BoardRepositoryTest@5911dd25, testMethod = updateBoard@BoardRepositoryTest, testException = [null], mergedContextConfiguration = [MergedContextConfiguration@76ac8c3d testClass = BoardRepositoryTest, locations = '{}', classes = '{class com.seb41_pre_014.Seb41Pre014Application}', contextInitializerClasses = '[]', activeProfiles = '{}', propertySourceLocations = '{}', propertySourceProperties = '{org.springframework.boot.test.autoconfigure.orm.jpa.DataJpaTestContextBootstrapper=true}', contextCustomizers = set[org.springframework.boot.test.autoconfigure.OverrideAutoConfigurationContextCustomizerFactory$DisableAutoConfigurationContextCustomizer@1a899fcd, org.springframework.boot.test.autoconfigure.actuate.metrics.MetricsExportContextCustomizerFactory$DisableMetricExportContextCustomizer@74cadd41, org.springframework.boot.test.autoconfigure.filter.TypeExcludeFiltersContextCustomizer@351584c0, org.springframework.boot.test.autoconfigure.properties.PropertyMappingContextCustomizer@de84bdf6, org.springframework.boot.test.autoconfigure.web.servlet.WebDriverContextCustomizerFactory$Customizer@2b491fee, [ImportsContextCustomizer@6b5c4b75 key = [org.springframework.boot.autoconfigure.cache.CacheAutoConfiguration, org.springframework.boot.autoconfigure.data.jpa.JpaRepositoriesAutoConfiguration, org.springframework.boot.autoconfigure.flyway.FlywayAutoConfiguration, org.springframework.boot.autoconfigure.jdbc.DataSourceAutoConfiguration, org.springframework.boot.autoconfigure.jdbc.DataSourceTransactionManagerAutoConfiguration, org.springframework.boot.autoconfigure.jdbc.JdbcTemplateAutoConfiguration, org.springframework.boot.autoconfigure.liquibase.LiquibaseAutoConfiguration, org.springframework.boot.autoconfigure.orm.jpa.HibernateJpaAutoConfiguration, org.springframework.boot.autoconfigure.sql.init.SqlInitializationAutoConfiguration, org.springframework.boot.autoconfigure.transaction.TransactionAutoConfiguration, org.springframework.boot.test.autoconfigure.jdbc.TestDatabaseAutoConfiguration, org.springframework.boot.test.autoconfigure.orm.jpa.TestEntityManagerAutoConfiguration]], org.springframework.boot.test.context.filter.ExcludeFilterContextCustomizer@5ddabb18, org.springframework.boot.test.json.DuplicateJsonObjectContextCustomizerFactory$DuplicateJsonObjectContextCustomizer@1de5f0ef, org.springframework.boot.test.mock.mockito.MockitoContextCustomizer@0, org.springframework.boot.test.context.SpringBootTestArgs@1, org.springframework.boot.test.context.SpringBootTestWebEnvironment@0], contextLoader = 'org.springframework.boot.test.context.SpringBootContextLoader', parent = [null]], attributes = map['org.springframework.test.context.event.ApplicationEventsTestExecutionListener.recordApplicationEvents' -> false]]; transaction manager [org.springframework.orm.jpa.JpaTransactionManager@6cb5a64d]; rollback [true]
Hibernate: insert into board (board_id, created_at, last_modified_at, answer_count, board_status, board_type, body, bookmark_count, question_id, score, title, view_count, writer_display_name, writer_member_id) values (default, ?, ?, ?, ?, ?, ?, ?, ?, ?, ?, ?, ?, ?)
2022-12-27 03:56:00.076  INFO 30093 --- [    Test worker] o.s.t.c.transaction.TransactionContext   : Rolled back transaction for test: [DefaultTestContext@5ace902e testClass = BoardRepositoryTest, testInstance = com.seb41_pre_014.board.repository.BoardRepositoryTest@5911dd25, testMethod = updateBoard@BoardRepositoryTest, testException = [null], mergedContextConfiguration = [MergedContextConfiguration@76ac8c3d testClass = BoardRepositoryTest, locations = '{}', classes = '{class com.seb41_pre_014.Seb41Pre014Application}', contextInitializerClasses = '[]', activeProfiles = '{}', propertySourceLocations = '{}', propertySourceProperties = '{org.springframework.boot.test.autoconfigure.orm.jpa.DataJpaTestContextBootstrapper=true}', contextCustomizers = set[org.springframework.boot.test.autoconfigure.OverrideAutoConfigurationContextCustomizerFactory$DisableAutoConfigurationContextCustomizer@1a899fcd, org.springframework.boot.test.autoconfigure.actuate.metrics.MetricsExportContextCustomizerFactory$DisableMetricExportContextCustomizer@74cadd41, org.springframework.boot.test.autoconfigure.filter.TypeExcludeFiltersContextCustomizer@351584c0, org.springframework.boot.test.autoconfigure.properties.PropertyMappingContextCustomizer@de84bdf6, org.springframework.boot.test.autoconfigure.web.servlet.WebDriverContextCustomizerFactory$Customizer@2b491fee, [ImportsContextCustomizer@6b5c4b75 key = [org.springframework.boot.autoconfigure.cache.CacheAutoConfiguration, org.springframework.boot.autoconfigure.data.jpa.JpaRepositoriesAutoConfiguration, org.springframework.boot.autoconfigure.flyway.FlywayAutoConfiguration, org.springframework.boot.autoconfigure.jdbc.DataSourceAutoConfiguration, org.springframework.boot.autoconfigure.jdbc.DataSourceTransactionManagerAutoConfiguration, org.springframework.boot.autoconfigure.jdbc.JdbcTemplateAutoConfiguration, org.springframework.boot.autoconfigure.liquibase.LiquibaseAutoConfiguration, org.springframework.boot.autoconfigure.orm.jpa.HibernateJpaAutoConfiguration, org.springframework.boot.autoconfigure.sql.init.SqlInitializationAutoConfiguration, org.springframework.boot.autoconfigure.transaction.TransactionAutoConfiguration, org.springframework.boot.test.autoconfigure.jdbc.TestDatabaseAutoConfiguration, org.springframework.boot.test.autoconfigure.orm.jpa.TestEntityManagerAutoConfiguration]], org.springframework.boot.test.context.filter.ExcludeFilterContextCustomizer@5ddabb18, org.springframework.boot.test.json.DuplicateJsonObjectContextCustomizerFactory$DuplicateJsonObjectContextCustomizer@1de5f0ef, org.springframework.boot.test.mock.mockito.MockitoContextCustomizer@0, org.springframework.boot.test.context.SpringBootTestArgs@1, org.springframework.boot.test.context.SpringBootTestWebEnvironment@0], contextLoader = 'org.springframework.boot.test.context.SpringBootContextLoader', parent = [null]], attributes = map['org.springframework.test.context.event.ApplicationEventsTestExecutionListener.recordApplicationEvents' -> false]]
2022-12-27 03:56:00.080  INFO 30093 --- [    Test worker] o.s.t.c.transaction.TransactionContext   : Began transaction (1) for test context [DefaultTestContext@5ace902e testClass = BoardRepositoryTest, testInstance = com.seb41_pre_014.board.repository.BoardRepositoryTest@2cb4e4b1, testMethod = findAllByTitleContaining@BoardRepositoryTest, testException = [null], mergedContextConfiguration = [MergedContextConfiguration@76ac8c3d testClass = BoardRepositoryTest, locations = '{}', classes = '{class com.seb41_pre_014.Seb41Pre014Application}', contextInitializerClasses = '[]', activeProfiles = '{}', propertySourceLocations = '{}', propertySourceProperties = '{org.springframework.boot.test.autoconfigure.orm.jpa.DataJpaTestContextBootstrapper=true}', contextCustomizers = set[org.springframework.boot.test.autoconfigure.OverrideAutoConfigurationContextCustomizerFactory$DisableAutoConfigurationContextCustomizer@1a899fcd, org.springframework.boot.test.autoconfigure.actuate.metrics.MetricsExportContextCustomizerFactory$DisableMetricExportContextCustomizer@74cadd41, org.springframework.boot.test.autoconfigure.filter.TypeExcludeFiltersContextCustomizer@351584c0, org.springframework.boot.test.autoconfigure.properties.PropertyMappingContextCustomizer@de84bdf6, org.springframework.boot.test.autoconfigure.web.servlet.WebDriverContextCustomizerFactory$Customizer@2b491fee, [ImportsContextCustomizer@6b5c4b75 key = [org.springframework.boot.autoconfigure.cache.CacheAutoConfiguration, org.springframework.boot.autoconfigure.data.jpa.JpaRepositoriesAutoConfiguration, org.springframework.boot.autoconfigure.flyway.FlywayAutoConfiguration, org.springframework.boot.autoconfigure.jdbc.DataSourceAutoConfiguration, org.springframework.boot.autoconfigure.jdbc.DataSourceTransactionManagerAutoConfiguration, org.springframework.boot.autoconfigure.jdbc.JdbcTemplateAutoConfiguration, org.springframework.boot.autoconfigure.liquibase.LiquibaseAutoConfiguration, org.springframework.boot.autoconfigure.orm.jpa.HibernateJpaAutoConfiguration, org.springframework.boot.autoconfigure.sql.init.SqlInitializationAutoConfiguration, org.springframework.boot.autoconfigure.transaction.TransactionAutoConfiguration, org.springframework.boot.test.autoconfigure.jdbc.TestDatabaseAutoConfiguration, org.springframework.boot.test.autoconfigure.orm.jpa.TestEntityManagerAutoConfiguration]], org.springframework.boot.test.context.filter.ExcludeFilterContextCustomizer@5ddabb18, org.springframework.boot.test.json.DuplicateJsonObjectContextCustomizerFactory$DuplicateJsonObjectContextCustomizer@1de5f0ef, org.springframework.boot.test.mock.mockito.MockitoContextCustomizer@0, org.springframework.boot.test.context.SpringBootTestArgs@1, org.springframework.boot.test.context.SpringBootTestWebEnvironment@0], contextLoader = 'org.springframework.boot.test.context.SpringBootContextLoader', parent = [null]], attributes = map['org.springframework.test.context.event.ApplicationEventsTestExecutionListener.recordApplicationEvents' -> false]]; transaction manager [org.springframework.orm.jpa.JpaTransactionManager@6cb5a64d]; rollback [true]
Hibernate: insert into board (board_id, created_at, last_modified_at, answer_count, board_status, board_type, body, bookmark_count, question_id, score, title, view_count, writer_display_name, writer_member_id) values (default, ?, ?, ?, ?, ?, ?, ?, ?, ?, ?, ?, ?, ?)
Hibernate: insert into board (board_id, created_at, last_modified_at, answer_count, board_status, board_type, body, bookmark_count, question_id, score, title, view_count, writer_display_name, writer_member_id) values (default, ?, ?, ?, ?, ?, ?, ?, ?, ?, ?, ?, ?, ?)
Hibernate: select board0_.board_id as board_id1_0_, board0_.created_at as created_2_0_, board0_.last_modified_at as last_mod3_0_, board0_.answer_count as answer_c4_0_, board0_.board_status as board_st5_0_, board0_.board_type as board_ty6_0_, board0_.body as body7_0_, board0_.bookmark_count as bookmark8_0_, board0_.question_id as question9_0_, board0_.score as score10_0_, board0_.title as title11_0_, board0_.view_count as view_co12_0_, board0_.writer_display_name as writer_13_0_, board0_.writer_member_id as writer_14_0_ from board board0_ where board0_.title like ? escape ? order by board0_.board_id desc limit ?
Hibernate: select board0_.board_id as board_id1_0_, board0_.created_at as created_2_0_, board0_.last_modified_at as last_mod3_0_, board0_.answer_count as answer_c4_0_, board0_.board_status as board_st5_0_, board0_.board_type as board_ty6_0_, board0_.body as body7_0_, board0_.bookmark_count as bookmark8_0_, board0_.question_id as question9_0_, board0_.score as score10_0_, board0_.title as title11_0_, board0_.view_count as view_co12_0_, board0_.writer_display_name as writer_13_0_, board0_.writer_member_id as writer_14_0_ from board board0_ where board0_.title like ? escape ? order by board0_.board_id desc limit ?
2022-12-27 03:56:00.104  INFO 30093 --- [    Test worker] o.s.t.c.transaction.TransactionContext   : Rolled back transaction for test: [DefaultTestContext@5ace902e testClass = BoardRepositoryTest, testInstance = com.seb41_pre_014.board.repository.BoardRepositoryTest@2cb4e4b1, testMethod = findAllByTitleContaining@BoardRepositoryTest, testException = [null], mergedContextConfiguration = [MergedContextConfiguration@76ac8c3d testClass = BoardRepositoryTest, locations = '{}', classes = '{class com.seb41_pre_014.Seb41Pre014Application}', contextInitializerClasses = '[]', activeProfiles = '{}', propertySourceLocations = '{}', propertySourceProperties = '{org.springframework.boot.test.autoconfigure.orm.jpa.DataJpaTestContextBootstrapper=true}', contextCustomizers = set[org.springframework.boot.test.autoconfigure.OverrideAutoConfigurationContextCustomizerFactory$DisableAutoConfigurationContextCustomizer@1a899fcd, org.springframework.boot.test.autoconfigure.actuate.metrics.MetricsExportContextCustomizerFactory$DisableMetricExportContextCustomizer@74cadd41, org.springframework.boot.test.autoconfigure.filter.TypeExcludeFiltersContextCustomizer@351584c0, org.springframework.boot.test.autoconfigure.properties.PropertyMappingContextCustomizer@de84bdf6, org.springframework.boot.test.autoconfigure.web.servlet.WebDriverContextCustomizerFactory$Customizer@2b491fee, [ImportsContextCustomizer@6b5c4b75 key = [org.springframework.boot.autoconfigure.cache.CacheAutoConfiguration, org.springframework.boot.autoconfigure.data.jpa.JpaRepositoriesAutoConfiguration, org.springframework.boot.autoconfigure.flyway.FlywayAutoConfiguration, org.springframework.boot.autoconfigure.jdbc.DataSourceAutoConfiguration, org.springframework.boot.autoconfigure.jdbc.DataSourceTransactionManagerAutoConfiguration, org.springframework.boot.autoconfigure.jdbc.JdbcTemplateAutoConfiguration, org.springframework.boot.autoconfigure.liquibase.LiquibaseAutoConfiguration, org.springframework.boot.autoconfigure.orm.jpa.HibernateJpaAutoConfiguration, org.springframework.boot.autoconfigure.sql.init.SqlInitializationAutoConfiguration, org.springframework.boot.autoconfigure.transaction.TransactionAutoConfiguration, org.springframework.boot.test.autoconfigure.jdbc.TestDatabaseAutoConfiguration, org.springframework.boot.test.autoconfigure.orm.jpa.TestEntityManagerAutoConfiguration]], org.springframework.boot.test.context.filter.ExcludeFilterContextCustomizer@5ddabb18, org.springframework.boot.test.json.DuplicateJsonObjectContextCustomizerFactory$DuplicateJsonObjectContextCustomizer@1de5f0ef, org.springframework.boot.test.mock.mockito.MockitoContextCustomizer@0, org.springframework.boot.test.context.SpringBootTestArgs@1, org.springframework.boot.test.context.SpringBootTestWebEnvironment@0], contextLoader = 'org.springframework.boot.test.context.SpringBootContextLoader', parent = [null]], attributes = map['org.springframework.test.context.event.ApplicationEventsTestExecutionListener.recordApplicationEvents' -> false]]
2022-12-27 03:56:00.107  INFO 30093 --- [    Test worker] o.s.t.c.transaction.TransactionContext   : Began transaction (1) for test context [DefaultTestContext@5ace902e testClass = BoardRepositoryTest, testInstance = com.seb41_pre_014.board.repository.BoardRepositoryTest@62cbe18c, testMethod = postBoard@BoardRepositoryTest, testException = [null], mergedContextConfiguration = [MergedContextConfiguration@76ac8c3d testClass = BoardRepositoryTest, locations = '{}', classes = '{class com.seb41_pre_014.Seb41Pre014Application}', contextInitializerClasses = '[]', activeProfiles = '{}', propertySourceLocations = '{}', propertySourceProperties = '{org.springframework.boot.test.autoconfigure.orm.jpa.DataJpaTestContextBootstrapper=true}', contextCustomizers = set[org.springframework.boot.test.autoconfigure.OverrideAutoConfigurationContextCustomizerFactory$DisableAutoConfigurationContextCustomizer@1a899fcd, org.springframework.boot.test.autoconfigure.actuate.metrics.MetricsExportContextCustomizerFactory$DisableMetricExportContextCustomizer@74cadd41, org.springframework.boot.test.autoconfigure.filter.TypeExcludeFiltersContextCustomizer@351584c0, org.springframework.boot.test.autoconfigure.properties.PropertyMappingContextCustomizer@de84bdf6, org.springframework.boot.test.autoconfigure.web.servlet.WebDriverContextCustomizerFactory$Customizer@2b491fee, [ImportsContextCustomizer@6b5c4b75 key = [org.springframework.boot.autoconfigure.cache.CacheAutoConfiguration, org.springframework.boot.autoconfigure.data.jpa.JpaRepositoriesAutoConfiguration, org.springframework.boot.autoconfigure.flyway.FlywayAutoConfiguration, org.springframework.boot.autoconfigure.jdbc.DataSourceAutoConfiguration, org.springframework.boot.autoconfigure.jdbc.DataSourceTransactionManagerAutoConfiguration, org.springframework.boot.autoconfigure.jdbc.JdbcTemplateAutoConfiguration, org.springframework.boot.autoconfigure.liquibase.LiquibaseAutoConfiguration, org.springframework.boot.autoconfigure.orm.jpa.HibernateJpaAutoConfiguration, org.springframework.boot.autoconfigure.sql.init.SqlInitializationAutoConfiguration, org.springframework.boot.autoconfigure.transaction.TransactionAutoConfiguration, org.springframework.boot.test.autoconfigure.jdbc.TestDatabaseAutoConfiguration, org.springframework.boot.test.autoconfigure.orm.jpa.TestEntityManagerAutoConfiguration]], org.springframework.boot.test.context.filter.ExcludeFilterContextCustomizer@5ddabb18, org.springframework.boot.test.json.DuplicateJsonObjectContextCustomizerFactory$DuplicateJsonObjectContextCustomizer@1de5f0ef, org.springframework.boot.test.mock.mockito.MockitoContextCustomizer@0, org.springframework.boot.test.context.SpringBootTestArgs@1, org.springframework.boot.test.context.SpringBootTestWebEnvironment@0], contextLoader = 'org.springframework.boot.test.context.SpringBootContextLoader', parent = [null]], attributes = map['org.springframework.test.context.event.ApplicationEventsTestExecutionListener.recordApplicationEvents' -> false]]; transaction manager [org.springframework.orm.jpa.JpaTransactionManager@6cb5a64d]; rollback [true]
Hibernate: insert into board (board_id, created_at, last_modified_at, answer_count, board_status, board_type, body, bookmark_count, question_id, score, title, view_count, writer_display_name, writer_member_id) values (default, ?, ?, ?, ?, ?, ?, ?, ?, ?, ?, ?, ?, ?)
2022-12-27 03:56:00.112  INFO 30093 --- [    Test worker] o.s.t.c.transaction.TransactionContext   : Rolled back transaction for test: [DefaultTestContext@5ace902e testClass = BoardRepositoryTest, testInstance = com.seb41_pre_014.board.repository.BoardRepositoryTest@62cbe18c, testMethod = postBoard@BoardRepositoryTest, testException = [null], mergedContextConfiguration = [MergedContextConfiguration@76ac8c3d testClass = BoardRepositoryTest, locations = '{}', classes = '{class com.seb41_pre_014.Seb41Pre014Application}', contextInitializerClasses = '[]', activeProfiles = '{}', propertySourceLocations = '{}', propertySourceProperties = '{org.springframework.boot.test.autoconfigure.orm.jpa.DataJpaTestContextBootstrapper=true}', contextCustomizers = set[org.springframework.boot.test.autoconfigure.OverrideAutoConfigurationContextCustomizerFactory$DisableAutoConfigurationContextCustomizer@1a899fcd, org.springframework.boot.test.autoconfigure.actuate.metrics.MetricsExportContextCustomizerFactory$DisableMetricExportContextCustomizer@74cadd41, org.springframework.boot.test.autoconfigure.filter.TypeExcludeFiltersContextCustomizer@351584c0, org.springframework.boot.test.autoconfigure.properties.PropertyMappingContextCustomizer@de84bdf6, org.springframework.boot.test.autoconfigure.web.servlet.WebDriverContextCustomizerFactory$Customizer@2b491fee, [ImportsContextCustomizer@6b5c4b75 key = [org.springframework.boot.autoconfigure.cache.CacheAutoConfiguration, org.springframework.boot.autoconfigure.data.jpa.JpaRepositoriesAutoConfiguration, org.springframework.boot.autoconfigure.flyway.FlywayAutoConfiguration, org.springframework.boot.autoconfigure.jdbc.DataSourceAutoConfiguration, org.springframework.boot.autoconfigure.jdbc.DataSourceTransactionManagerAutoConfiguration, org.springframework.boot.autoconfigure.jdbc.JdbcTemplateAutoConfiguration, org.springframework.boot.autoconfigure.liquibase.LiquibaseAutoConfiguration, org.springframework.boot.autoconfigure.orm.jpa.HibernateJpaAutoConfiguration, org.springframework.boot.autoconfigure.sql.init.SqlInitializationAutoConfiguration, org.springframework.boot.autoconfigure.transaction.TransactionAutoConfiguration, org.springframework.boot.test.autoconfigure.jdbc.TestDatabaseAutoConfiguration, org.springframework.boot.test.autoconfigure.orm.jpa.TestEntityManagerAutoConfiguration]], org.springframework.boot.test.context.filter.ExcludeFilterContextCustomizer@5ddabb18, org.springframework.boot.test.json.DuplicateJsonObjectContextCustomizerFactory$DuplicateJsonObjectContextCustomizer@1de5f0ef, org.springframework.boot.test.mock.mockito.MockitoContextCustomizer@0, org.springframework.boot.test.context.SpringBootTestArgs@1, org.springframework.boot.test.context.SpringBootTestWebEnvironment@0], contextLoader = 'org.springframework.boot.test.context.SpringBootContextLoader', parent = [null]], attributes = map['org.springframework.test.context.event.ApplicationEventsTestExecutionListener.recordApplicationEvents' -> false]]
]]></system-out>
  <system-err><![CDATA[]]></system-err>
</testsuite>
