<?xml version="1.0" encoding="UTF-8"?>
<testsuite name="com.seb41_pre_014.restdocs.vote.VoteControllerRestDocsTest" tests="5" skipped="0" failures="0" errors="0" timestamp="2022-12-26T18:56:03" hostname="gimchanbin-ui-MacBookPro.local" time="0.078">
  <properties/>
  <testcase name="patchVoteTest()" classname="com.seb41_pre_014.restdocs.vote.VoteControllerRestDocsTest" time="0.019"/>
  <testcase name="getVoteTest()" classname="com.seb41_pre_014.restdocs.vote.VoteControllerRestDocsTest" time="0.017"/>
  <testcase name="deleteVoteTest()" classname="com.seb41_pre_014.restdocs.vote.VoteControllerRestDocsTest" time="0.014"/>
  <testcase name="getVotes()" classname="com.seb41_pre_014.restdocs.vote.VoteControllerRestDocsTest" time="0.013"/>
  <testcase name="postVoteTest()" classname="com.seb41_pre_014.restdocs.vote.VoteControllerRestDocsTest" time="0.011"/>
  <system-out><![CDATA[2022-12-27 03:56:03.069  INFO 30093 --- [    Test worker] .b.t.a.w.s.WebMvcTestContextBootstrapper : Neither @ContextConfiguration nor @ContextHierarchy found for test class [com.seb41_pre_014.restdocs.vote.VoteControllerRestDocsTest], using SpringBootContextLoader
2022-12-27 03:56:03.070  INFO 30093 --- [    Test worker] o.s.t.c.support.AbstractContextLoader    : Could not detect default resource locations for test class [com.seb41_pre_014.restdocs.vote.VoteControllerRestDocsTest]: no resource found for suffixes {-context.xml, Context.groovy}.
2022-12-27 03:56:03.070  INFO 30093 --- [    Test worker] t.c.s.AnnotationConfigContextLoaderUtils : Could not detect default configuration classes for test class [com.seb41_pre_014.restdocs.vote.VoteControllerRestDocsTest]: VoteControllerRestDocsTest does not declare any static, non-private, non-final, nested classes annotated with @Configuration.
2022-12-27 03:56:03.075  INFO 30093 --- [    Test worker] .b.t.c.SpringBootTestContextBootstrapper : Found @SpringBootConfiguration com.seb41_pre_014.Seb41Pre014Application for test class com.seb41_pre_014.restdocs.vote.VoteControllerRestDocsTest
2022-12-27 03:56:03.076  INFO 30093 --- [    Test worker] .b.t.a.w.s.WebMvcTestContextBootstrapper : Loaded default TestExecutionListener class names from location [META-INF/spring.factories]: [org.springframework.boot.test.autoconfigure.restdocs.RestDocsTestExecutionListener, org.springframework.boot.test.autoconfigure.web.client.MockRestServiceServerResetTestExecutionListener, org.springframework.boot.test.autoconfigure.web.servlet.MockMvcPrintOnlyOnFailureTestExecutionListener, org.springframework.boot.test.autoconfigure.web.servlet.WebDriverTestExecutionListener, org.springframework.boot.test.autoconfigure.webservices.client.MockWebServiceServerTestExecutionListener, org.springframework.boot.test.mock.mockito.MockitoTestExecutionListener, org.springframework.boot.test.mock.mockito.ResetMocksTestExecutionListener, org.springframework.test.context.web.ServletTestExecutionListener, org.springframework.test.context.support.DirtiesContextBeforeModesTestExecutionListener, org.springframework.test.context.event.ApplicationEventsTestExecutionListener, org.springframework.test.context.support.DependencyInjectionTestExecutionListener, org.springframework.test.context.support.DirtiesContextTestExecutionListener, org.springframework.test.context.transaction.TransactionalTestExecutionListener, org.springframework.test.context.jdbc.SqlScriptsTestExecutionListener, org.springframework.test.context.event.EventPublishingTestExecutionListener]
2022-12-27 03:56:03.076  INFO 30093 --- [    Test worker] .b.t.a.w.s.WebMvcTestContextBootstrapper : Using TestExecutionListeners: [org.springframework.test.context.web.ServletTestExecutionListener@34a8a5ad, org.springframework.test.context.support.DirtiesContextBeforeModesTestExecutionListener@2574123a, org.springframework.test.context.event.ApplicationEventsTestExecutionListener@1bc467bd, org.springframework.boot.test.mock.mockito.MockitoTestExecutionListener@2c05ccdb, org.springframework.boot.test.autoconfigure.SpringBootDependencyInjectionTestExecutionListener@5d71813b, org.springframework.test.context.support.DirtiesContextTestExecutionListener@5891bd6d, org.springframework.test.context.transaction.TransactionalTestExecutionListener@6050d04d, org.springframework.test.context.jdbc.SqlScriptsTestExecutionListener@6231bb88, org.springframework.test.context.event.EventPublishingTestExecutionListener@331886ac, org.springframework.boot.test.autoconfigure.restdocs.RestDocsTestExecutionListener@66373f77, org.springframework.boot.test.autoconfigure.web.client.MockRestServiceServerResetTestExecutionListener@834944, org.springframework.boot.test.autoconfigure.web.servlet.MockMvcPrintOnlyOnFailureTestExecutionListener@6f014f27, org.springframework.boot.test.autoconfigure.web.servlet.WebDriverTestExecutionListener@185b998d, org.springframework.boot.test.autoconfigure.webservices.client.MockWebServiceServerTestExecutionListener@47c8c176, org.springframework.boot.test.mock.mockito.ResetMocksTestExecutionListener@5d9b79a2]

  .   ____          _            __ _ _
 /\\ / ___'_ __ _ _(_)_ __  __ _ \ \ \ \
( ( )\___ | '_ | '_| | '_ \/ _` | \ \ \ \
 \\/  ___)| |_)| | | | | || (_| |  ) ) ) )
  '  |____| .__|_| |_|_| |_\__, | / / / /
 =========|_|==============|___/=/_/_/_/
 :: Spring Boot ::                (v2.7.6)

2022-12-27 03:56:03.105  INFO 30093 --- [    Test worker] c.s.r.vote.VoteControllerRestDocsTest    : Starting VoteControllerRestDocsTest using Java 11.0.16 on gimchanbin-ui-MacBookPro.local with PID 30093 (started by happy_bin in /Users/happy_bin/projects/pre-project/seb41_pre_014/backend)
2022-12-27 03:56:03.106  INFO 30093 --- [    Test worker] c.s.r.vote.VoteControllerRestDocsTest    : No active profile set, falling back to 1 default profile: "default"
2022-12-27 03:56:03.581  INFO 30093 --- [    Test worker] o.s.b.t.m.w.SpringBootMockServletContext : Initializing Spring TestDispatcherServlet ''
2022-12-27 03:56:03.581  INFO 30093 --- [    Test worker] o.s.t.web.servlet.TestDispatcherServlet  : Initializing Servlet ''
2022-12-27 03:56:03.583  INFO 30093 --- [    Test worker] o.s.t.web.servlet.TestDispatcherServlet  : Completed initialization in 2 ms
2022-12-27 03:56:03.596  INFO 30093 --- [    Test worker] c.s.r.vote.VoteControllerRestDocsTest    : Started VoteControllerRestDocsTest in 0.517 seconds (JVM running for 11.594)
]]></system-out>
  <system-err><![CDATA[]]></system-err>
</testsuite>
