<?xml version="1.0" encoding="UTF-8"?>
<testsuite name="com.seb41_pre_014.restdocs.board.BoardControllerRestDocsTest" tests="13" skipped="0" failures="0" errors="0" timestamp="2022-12-22T18:49:12" hostname="gimchanbin-ui-MacBookPro.local" time="0.537">
  <properties/>
  <testcase name="findAllByAnswerCount()" classname="com.seb41_pre_014.restdocs.board.BoardControllerRestDocsTest" time="0.18"/>
  <testcase name="postQuestion()" classname="com.seb41_pre_014.restdocs.board.BoardControllerRestDocsTest" time="0.106"/>
  <testcase name="findAllByViewCount()" classname="com.seb41_pre_014.restdocs.board.BoardControllerRestDocsTest" time="0.029"/>
  <testcase name="findAnsersByold()" classname="com.seb41_pre_014.restdocs.board.BoardControllerRestDocsTest" time="0.025"/>
  <testcase name="findAllBySearch()" classname="com.seb41_pre_014.restdocs.board.BoardControllerRestDocsTest" time="0.033"/>
  <testcase name="deleteBoard()" classname="com.seb41_pre_014.restdocs.board.BoardControllerRestDocsTest" time="0.01"/>
  <testcase name="findAllQuestions()" classname="com.seb41_pre_014.restdocs.board.BoardControllerRestDocsTest" time="0.018"/>
  <testcase name="updateBoard()" classname="com.seb41_pre_014.restdocs.board.BoardControllerRestDocsTest" time="0.027"/>
  <testcase name="findAllAnswers()" classname="com.seb41_pre_014.restdocs.board.BoardControllerRestDocsTest" time="0.017"/>
  <testcase name="findBoard()" classname="com.seb41_pre_014.restdocs.board.BoardControllerRestDocsTest" time="0.018"/>
  <testcase name="findAllByScore()" classname="com.seb41_pre_014.restdocs.board.BoardControllerRestDocsTest" time="0.016"/>
  <testcase name="postAnswer()" classname="com.seb41_pre_014.restdocs.board.BoardControllerRestDocsTest" time="0.022"/>
  <testcase name="findAnswersByScore()" classname="com.seb41_pre_014.restdocs.board.BoardControllerRestDocsTest" time="0.018"/>
  <system-out><![CDATA[2022-12-23 03:49:11.749  INFO 65002 --- [    Test worker] .b.t.a.w.s.WebMvcTestContextBootstrapper : Neither @ContextConfiguration nor @ContextHierarchy found for test class [com.seb41_pre_014.restdocs.board.BoardControllerRestDocsTest], using SpringBootContextLoader
2022-12-23 03:49:11.750  INFO 65002 --- [    Test worker] o.s.t.c.support.AbstractContextLoader    : Could not detect default resource locations for test class [com.seb41_pre_014.restdocs.board.BoardControllerRestDocsTest]: no resource found for suffixes {-context.xml, Context.groovy}.
2022-12-23 03:49:11.750  INFO 65002 --- [    Test worker] t.c.s.AnnotationConfigContextLoaderUtils : Could not detect default configuration classes for test class [com.seb41_pre_014.restdocs.board.BoardControllerRestDocsTest]: BoardControllerRestDocsTest does not declare any static, non-private, non-final, nested classes annotated with @Configuration.
2022-12-23 03:49:11.770  INFO 65002 --- [    Test worker] .b.t.c.SpringBootTestContextBootstrapper : Found @SpringBootConfiguration com.seb41_pre_014.Seb41Pre014Application for test class com.seb41_pre_014.restdocs.board.BoardControllerRestDocsTest
2022-12-23 03:49:11.771  INFO 65002 --- [    Test worker] .b.t.a.w.s.WebMvcTestContextBootstrapper : Loaded default TestExecutionListener class names from location [META-INF/spring.factories]: [org.springframework.boot.test.autoconfigure.restdocs.RestDocsTestExecutionListener, org.springframework.boot.test.autoconfigure.web.client.MockRestServiceServerResetTestExecutionListener, org.springframework.boot.test.autoconfigure.web.servlet.MockMvcPrintOnlyOnFailureTestExecutionListener, org.springframework.boot.test.autoconfigure.web.servlet.WebDriverTestExecutionListener, org.springframework.boot.test.autoconfigure.webservices.client.MockWebServiceServerTestExecutionListener, org.springframework.boot.test.mock.mockito.MockitoTestExecutionListener, org.springframework.boot.test.mock.mockito.ResetMocksTestExecutionListener, org.springframework.test.context.web.ServletTestExecutionListener, org.springframework.test.context.support.DirtiesContextBeforeModesTestExecutionListener, org.springframework.test.context.event.ApplicationEventsTestExecutionListener, org.springframework.test.context.support.DependencyInjectionTestExecutionListener, org.springframework.test.context.support.DirtiesContextTestExecutionListener, org.springframework.test.context.transaction.TransactionalTestExecutionListener, org.springframework.test.context.jdbc.SqlScriptsTestExecutionListener, org.springframework.test.context.event.EventPublishingTestExecutionListener]
2022-12-23 03:49:11.771  INFO 65002 --- [    Test worker] .b.t.a.w.s.WebMvcTestContextBootstrapper : Using TestExecutionListeners: [org.springframework.test.context.web.ServletTestExecutionListener@4d1f168, org.springframework.test.context.support.DirtiesContextBeforeModesTestExecutionListener@9e4388d, org.springframework.test.context.event.ApplicationEventsTestExecutionListener@28532753, org.springframework.boot.test.mock.mockito.MockitoTestExecutionListener@21399e53, org.springframework.boot.test.autoconfigure.SpringBootDependencyInjectionTestExecutionListener@2a6871ad, org.springframework.test.context.support.DirtiesContextTestExecutionListener@260043d, org.springframework.test.context.transaction.TransactionalTestExecutionListener@3338d29d, org.springframework.test.context.jdbc.SqlScriptsTestExecutionListener@5e1e19af, org.springframework.test.context.event.EventPublishingTestExecutionListener@3792fed8, org.springframework.boot.test.autoconfigure.restdocs.RestDocsTestExecutionListener@35d145fb, org.springframework.boot.test.autoconfigure.web.client.MockRestServiceServerResetTestExecutionListener@4088c5e6, org.springframework.boot.test.autoconfigure.web.servlet.MockMvcPrintOnlyOnFailureTestExecutionListener@6e757f39, org.springframework.boot.test.autoconfigure.web.servlet.WebDriverTestExecutionListener@4e312811, org.springframework.boot.test.autoconfigure.webservices.client.MockWebServiceServerTestExecutionListener@71f042b1, org.springframework.boot.test.mock.mockito.ResetMocksTestExecutionListener@77511e9c]

  .   ____          _            __ _ _
 /\\ / ___'_ __ _ _(_)_ __  __ _ \ \ \ \
( ( )\___ | '_ | '_| | '_ \/ _` | \ \ \ \
 \\/  ___)| |_)| | | | | || (_| |  ) ) ) )
  '  |____| .__|_| |_|_| |_\__, | / / / /
 =========|_|==============|___/=/_/_/_/
 :: Spring Boot ::                (v2.7.6)

2022-12-23 03:49:11.796  INFO 65002 --- [    Test worker] c.s.r.board.BoardControllerRestDocsTest  : Starting BoardControllerRestDocsTest using Java 11.0.16 on gimchanbin-ui-MacBookPro.local with PID 65002 (started by happy_bin in /Users/happy_bin/projects/pre-project/seb41_pre_014/backend)
2022-12-23 03:49:11.796  INFO 65002 --- [    Test worker] c.s.r.board.BoardControllerRestDocsTest  : No active profile set, falling back to 1 default profile: "default"
2022-12-23 03:49:12.349  INFO 65002 --- [    Test worker] o.s.b.t.m.w.SpringBootMockServletContext : Initializing Spring TestDispatcherServlet ''
2022-12-23 03:49:12.350  INFO 65002 --- [    Test worker] o.s.t.web.servlet.TestDispatcherServlet  : Initializing Servlet ''
2022-12-23 03:49:12.351  INFO 65002 --- [    Test worker] o.s.t.web.servlet.TestDispatcherServlet  : Completed initialization in 1 ms
2022-12-23 03:49:12.362  INFO 65002 --- [    Test worker] c.s.r.board.BoardControllerRestDocsTest  : Started BoardControllerRestDocsTest in 0.589 seconds (JVM running for 6.345)
]]></system-out>
  <system-err><![CDATA[]]></system-err>
</testsuite>
