<?xml version="1.0" encoding="UTF-8"?>
<testsuite name="com.seb41_pre_014.restdocs.member.MemberControllerRestDocsTest" tests="10" skipped="0" failures="0" errors="0" timestamp="2022-12-26T18:56:02" hostname="gimchanbin-ui-MacBookPro.local" time="0.262">
  <properties/>
  <testcase name="findBoardsByVotes()" classname="com.seb41_pre_014.restdocs.member.MemberControllerRestDocsTest" time="0.027"/>
  <testcase name="updateMember()" classname="com.seb41_pre_014.restdocs.member.MemberControllerRestDocsTest" time="0.044"/>
  <testcase name="deleteMember()" classname="com.seb41_pre_014.restdocs.member.MemberControllerRestDocsTest" time="0.016"/>
  <testcase name="findAll()" classname="com.seb41_pre_014.restdocs.member.MemberControllerRestDocsTest" time="0.02"/>
  <testcase name="findBoardsByBookmark()" classname="com.seb41_pre_014.restdocs.member.MemberControllerRestDocsTest" time="0.025"/>
  <testcase name="findMember()" classname="com.seb41_pre_014.restdocs.member.MemberControllerRestDocsTest" time="0.021"/>
  <testcase name="findTagsByMember()" classname="com.seb41_pre_014.restdocs.member.MemberControllerRestDocsTest" time="0.017"/>
  <testcase name="createMember()" classname="com.seb41_pre_014.restdocs.member.MemberControllerRestDocsTest" time="0.039"/>
  <testcase name="findAnswersByMember()" classname="com.seb41_pre_014.restdocs.member.MemberControllerRestDocsTest" time="0.022"/>
  <testcase name="findQuestionsByMember()" classname="com.seb41_pre_014.restdocs.member.MemberControllerRestDocsTest" time="0.019"/>
  <system-out><![CDATA[2022-12-27 03:56:02.285  INFO 30093 --- [    Test worker] .b.t.a.w.s.WebMvcTestContextBootstrapper : Neither @ContextConfiguration nor @ContextHierarchy found for test class [com.seb41_pre_014.restdocs.member.MemberControllerRestDocsTest], using SpringBootContextLoader
2022-12-27 03:56:02.286  INFO 30093 --- [    Test worker] o.s.t.c.support.AbstractContextLoader    : Could not detect default resource locations for test class [com.seb41_pre_014.restdocs.member.MemberControllerRestDocsTest]: no resource found for suffixes {-context.xml, Context.groovy}.
2022-12-27 03:56:02.287  INFO 30093 --- [    Test worker] t.c.s.AnnotationConfigContextLoaderUtils : Could not detect default configuration classes for test class [com.seb41_pre_014.restdocs.member.MemberControllerRestDocsTest]: MemberControllerRestDocsTest does not declare any static, non-private, non-final, nested classes annotated with @Configuration.
2022-12-27 03:56:02.294  INFO 30093 --- [    Test worker] .b.t.c.SpringBootTestContextBootstrapper : Found @SpringBootConfiguration com.seb41_pre_014.Seb41Pre014Application for test class com.seb41_pre_014.restdocs.member.MemberControllerRestDocsTest
2022-12-27 03:56:02.295  INFO 30093 --- [    Test worker] .b.t.a.w.s.WebMvcTestContextBootstrapper : Loaded default TestExecutionListener class names from location [META-INF/spring.factories]: [org.springframework.boot.test.autoconfigure.restdocs.RestDocsTestExecutionListener, org.springframework.boot.test.autoconfigure.web.client.MockRestServiceServerResetTestExecutionListener, org.springframework.boot.test.autoconfigure.web.servlet.MockMvcPrintOnlyOnFailureTestExecutionListener, org.springframework.boot.test.autoconfigure.web.servlet.WebDriverTestExecutionListener, org.springframework.boot.test.autoconfigure.webservices.client.MockWebServiceServerTestExecutionListener, org.springframework.boot.test.mock.mockito.MockitoTestExecutionListener, org.springframework.boot.test.mock.mockito.ResetMocksTestExecutionListener, org.springframework.test.context.web.ServletTestExecutionListener, org.springframework.test.context.support.DirtiesContextBeforeModesTestExecutionListener, org.springframework.test.context.event.ApplicationEventsTestExecutionListener, org.springframework.test.context.support.DependencyInjectionTestExecutionListener, org.springframework.test.context.support.DirtiesContextTestExecutionListener, org.springframework.test.context.transaction.TransactionalTestExecutionListener, org.springframework.test.context.jdbc.SqlScriptsTestExecutionListener, org.springframework.test.context.event.EventPublishingTestExecutionListener]
2022-12-27 03:56:02.295  INFO 30093 --- [    Test worker] .b.t.a.w.s.WebMvcTestContextBootstrapper : Using TestExecutionListeners: [org.springframework.test.context.web.ServletTestExecutionListener@20309365, org.springframework.test.context.support.DirtiesContextBeforeModesTestExecutionListener@7306f65f, org.springframework.test.context.event.ApplicationEventsTestExecutionListener@50ade311, org.springframework.boot.test.mock.mockito.MockitoTestExecutionListener@191d69a, org.springframework.boot.test.autoconfigure.SpringBootDependencyInjectionTestExecutionListener@251ed676, org.springframework.test.context.support.DirtiesContextTestExecutionListener@616e7884, org.springframework.test.context.transaction.TransactionalTestExecutionListener@5ee4aad3, org.springframework.test.context.jdbc.SqlScriptsTestExecutionListener@51ce8293, org.springframework.test.context.event.EventPublishingTestExecutionListener@23043ba, org.springframework.boot.test.autoconfigure.restdocs.RestDocsTestExecutionListener@1088b120, org.springframework.boot.test.autoconfigure.web.client.MockRestServiceServerResetTestExecutionListener@6b4133d0, org.springframework.boot.test.autoconfigure.web.servlet.MockMvcPrintOnlyOnFailureTestExecutionListener@4ebefe31, org.springframework.boot.test.autoconfigure.web.servlet.WebDriverTestExecutionListener@4e1349cf, org.springframework.boot.test.autoconfigure.webservices.client.MockWebServiceServerTestExecutionListener@1b47e09c, org.springframework.boot.test.mock.mockito.ResetMocksTestExecutionListener@79fa9f97]

  .   ____          _            __ _ _
 /\\ / ___'_ __ _ _(_)_ __  __ _ \ \ \ \
( ( )\___ | '_ | '_| | '_ \/ _` | \ \ \ \
 \\/  ___)| |_)| | | | | || (_| |  ) ) ) )
  '  |____| .__|_| |_|_| |_\__, | / / / /
 =========|_|==============|___/=/_/_/_/
 :: Spring Boot ::                (v2.7.6)

2022-12-27 03:56:02.319  INFO 30093 --- [    Test worker] c.s.r.m.MemberControllerRestDocsTest     : Starting MemberControllerRestDocsTest using Java 11.0.16 on gimchanbin-ui-MacBookPro.local with PID 30093 (started by happy_bin in /Users/happy_bin/projects/pre-project/seb41_pre_014/backend)
2022-12-27 03:56:02.319  INFO 30093 --- [    Test worker] c.s.r.m.MemberControllerRestDocsTest     : No active profile set, falling back to 1 default profile: "default"
2022-12-27 03:56:02.781  INFO 30093 --- [    Test worker] o.s.b.t.m.w.SpringBootMockServletContext : Initializing Spring TestDispatcherServlet ''
2022-12-27 03:56:02.782  INFO 30093 --- [    Test worker] o.s.t.web.servlet.TestDispatcherServlet  : Initializing Servlet ''
2022-12-27 03:56:02.783  INFO 30093 --- [    Test worker] o.s.t.web.servlet.TestDispatcherServlet  : Completed initialization in 1 ms
2022-12-27 03:56:02.800  INFO 30093 --- [    Test worker] c.s.r.m.MemberControllerRestDocsTest     : Started MemberControllerRestDocsTest in 0.503 seconds (JVM running for 10.797)
]]></system-out>
  <system-err><![CDATA[]]></system-err>
</testsuite>
