<?xml version="1.0" encoding="UTF-8"?>
<testsuite name="com.seb41_pre_014.restdocs.Tag.TagControllerRestDocsTest" tests="4" skipped="0" failures="0" errors="0" timestamp="2022-12-27T18:24:50" hostname="gimchanbin-ui-MacBookPro.local" time="0.062">
  <properties/>
  <testcase name="deleteTagTest()" classname="com.seb41_pre_014.restdocs.Tag.TagControllerRestDocsTest" time="0.012"/>
  <testcase name="postTagTest()" classname="com.seb41_pre_014.restdocs.Tag.TagControllerRestDocsTest" time="0.022"/>
  <testcase name="findTagTest()" classname="com.seb41_pre_014.restdocs.Tag.TagControllerRestDocsTest" time="0.011"/>
  <testcase name="findAllSuggestedEditTest()" classname="com.seb41_pre_014.restdocs.Tag.TagControllerRestDocsTest" time="0.014"/>
  <system-out><![CDATA[2022-12-28 03:24:50.408  INFO 45884 --- [    Test worker] .b.t.a.w.s.WebMvcTestContextBootstrapper : Neither @ContextConfiguration nor @ContextHierarchy found for test class [com.seb41_pre_014.restdocs.Tag.TagControllerRestDocsTest], using SpringBootContextLoader
2022-12-28 03:24:50.409  INFO 45884 --- [    Test worker] o.s.t.c.support.AbstractContextLoader    : Could not detect default resource locations for test class [com.seb41_pre_014.restdocs.Tag.TagControllerRestDocsTest]: no resource found for suffixes {-context.xml, Context.groovy}.
2022-12-28 03:24:50.409  INFO 45884 --- [    Test worker] t.c.s.AnnotationConfigContextLoaderUtils : Could not detect default configuration classes for test class [com.seb41_pre_014.restdocs.Tag.TagControllerRestDocsTest]: TagControllerRestDocsTest does not declare any static, non-private, non-final, nested classes annotated with @Configuration.
2022-12-28 03:24:50.416  INFO 45884 --- [    Test worker] .b.t.c.SpringBootTestContextBootstrapper : Found @SpringBootConfiguration com.seb41_pre_014.Seb41Pre014Application for test class com.seb41_pre_014.restdocs.Tag.TagControllerRestDocsTest
2022-12-28 03:24:50.417  INFO 45884 --- [    Test worker] .b.t.a.w.s.WebMvcTestContextBootstrapper : Loaded default TestExecutionListener class names from location [META-INF/spring.factories]: [org.springframework.boot.test.autoconfigure.restdocs.RestDocsTestExecutionListener, org.springframework.boot.test.autoconfigure.web.client.MockRestServiceServerResetTestExecutionListener, org.springframework.boot.test.autoconfigure.web.servlet.MockMvcPrintOnlyOnFailureTestExecutionListener, org.springframework.boot.test.autoconfigure.web.servlet.WebDriverTestExecutionListener, org.springframework.boot.test.autoconfigure.webservices.client.MockWebServiceServerTestExecutionListener, org.springframework.boot.test.mock.mockito.MockitoTestExecutionListener, org.springframework.boot.test.mock.mockito.ResetMocksTestExecutionListener, org.springframework.test.context.web.ServletTestExecutionListener, org.springframework.test.context.support.DirtiesContextBeforeModesTestExecutionListener, org.springframework.test.context.event.ApplicationEventsTestExecutionListener, org.springframework.test.context.support.DependencyInjectionTestExecutionListener, org.springframework.test.context.support.DirtiesContextTestExecutionListener, org.springframework.test.context.transaction.TransactionalTestExecutionListener, org.springframework.test.context.jdbc.SqlScriptsTestExecutionListener, org.springframework.test.context.event.EventPublishingTestExecutionListener]
2022-12-28 03:24:50.417  INFO 45884 --- [    Test worker] .b.t.a.w.s.WebMvcTestContextBootstrapper : Using TestExecutionListeners: [org.springframework.test.context.web.ServletTestExecutionListener@2411cf8b, org.springframework.test.context.support.DirtiesContextBeforeModesTestExecutionListener@54c3bae, org.springframework.test.context.event.ApplicationEventsTestExecutionListener@6fad6743, org.springframework.boot.test.mock.mockito.MockitoTestExecutionListener@68a0a4ae, org.springframework.boot.test.autoconfigure.SpringBootDependencyInjectionTestExecutionListener@426753a6, org.springframework.test.context.support.DirtiesContextTestExecutionListener@2692910f, org.springframework.test.context.transaction.TransactionalTestExecutionListener@22816de1, org.springframework.test.context.jdbc.SqlScriptsTestExecutionListener@4f6938cb, org.springframework.test.context.event.EventPublishingTestExecutionListener@376ba8e3, org.springframework.boot.test.autoconfigure.restdocs.RestDocsTestExecutionListener@5434de8, org.springframework.boot.test.autoconfigure.web.client.MockRestServiceServerResetTestExecutionListener@2c84d6c4, org.springframework.boot.test.autoconfigure.web.servlet.MockMvcPrintOnlyOnFailureTestExecutionListener@2a2d0cff, org.springframework.boot.test.autoconfigure.web.servlet.WebDriverTestExecutionListener@40eb85e9, org.springframework.boot.test.autoconfigure.webservices.client.MockWebServiceServerTestExecutionListener@5f58ac11, org.springframework.boot.test.mock.mockito.ResetMocksTestExecutionListener@55e073c8]

  .   ____          _            __ _ _
 /\\ / ___'_ __ _ _(_)_ __  __ _ \ \ \ \
( ( )\___ | '_ | '_| | '_ \/ _` | \ \ \ \
 \\/  ___)| |_)| | | | | || (_| |  ) ) ) )
  '  |____| .__|_| |_|_| |_\__, | / / / /
 =========|_|==============|___/=/_/_/_/
 :: Spring Boot ::                (v2.7.6)

2022-12-28 03:24:50.437  INFO 45884 --- [    Test worker] c.s.r.Tag.TagControllerRestDocsTest      : Starting TagControllerRestDocsTest using Java 11.0.16 on gimchanbin-ui-MacBookPro.local with PID 45884 (started by happy_bin in /Users/happy_bin/projects/pre-project/seb41_pre_014/backend)
2022-12-28 03:24:50.437  INFO 45884 --- [    Test worker] c.s.r.Tag.TagControllerRestDocsTest      : No active profile set, falling back to 1 default profile: "default"
2022-12-28 03:24:50.825  INFO 45884 --- [    Test worker] o.s.b.t.m.w.SpringBootMockServletContext : Initializing Spring TestDispatcherServlet ''
2022-12-28 03:24:50.825  INFO 45884 --- [    Test worker] o.s.t.web.servlet.TestDispatcherServlet  : Initializing Servlet ''
2022-12-28 03:24:50.825  INFO 45884 --- [    Test worker] o.s.t.web.servlet.TestDispatcherServlet  : Completed initialization in 0 ms
2022-12-28 03:24:50.835  INFO 45884 --- [    Test worker] c.s.r.Tag.TagControllerRestDocsTest      : Started TagControllerRestDocsTest in 0.416 seconds (JVM running for 10.688)
]]></system-out>
  <system-err><![CDATA[]]></system-err>
</testsuite>
