<?xml version="1.0" encoding="UTF-8"?>
<testsuite name="com.seb41_pre_014.board.repository.BoardRepositoryTest" tests="9" skipped="0" failures="0" errors="0" timestamp="2022-12-29T14:01:04" hostname="gimchanbin-ui-MacBookPro.local" time="0.676">
  <properties/>
  <testcase name="모든 Question 조회" classname="com.seb41_pre_014.board.repository.BoardRepositoryTest" time="0.465"/>
  <testcase name="Board 삭제" classname="com.seb41_pre_014.board.repository.BoardRepositoryTest" time="0.034"/>
  <testcase name="BoardId로 Board 조회" classname="com.seb41_pre_014.board.repository.BoardRepositoryTest" time="0.01"/>
  <testcase name="Board 수정" classname="com.seb41_pre_014.board.repository.BoardRepositoryTest" time="0.013"/>
  <testcase name="findBoardsByVote()" classname="com.seb41_pre_014.board.repository.BoardRepositoryTest" time="0.074"/>
  <testcase name="제목 검색으로 Board 조회" classname="com.seb41_pre_014.board.repository.BoardRepositoryTest" time="0.023"/>
  <testcase name="findAnswersByMember()" classname="com.seb41_pre_014.board.repository.BoardRepositoryTest" time="0.021"/>
  <testcase name="findQuestionsByMember()" classname="com.seb41_pre_014.board.repository.BoardRepositoryTest" time="0.014"/>
  <testcase name="Board 생성" classname="com.seb41_pre_014.board.repository.BoardRepositoryTest" time="0.008"/>
  <system-out><![CDATA[2022-12-29 23:01:02.574  INFO 15296 --- [    Test worker] b.t.a.o.j.DataJpaTestContextBootstrapper : Neither @ContextConfiguration nor @ContextHierarchy found for test class [com.seb41_pre_014.board.repository.BoardRepositoryTest], using SpringBootContextLoader
2022-12-29 23:01:02.575  INFO 15296 --- [    Test worker] o.s.t.c.support.AbstractContextLoader    : Could not detect default resource locations for test class [com.seb41_pre_014.board.repository.BoardRepositoryTest]: no resource found for suffixes {-context.xml, Context.groovy}.
2022-12-29 23:01:02.575  INFO 15296 --- [    Test worker] t.c.s.AnnotationConfigContextLoaderUtils : Could not detect default configuration classes for test class [com.seb41_pre_014.board.repository.BoardRepositoryTest]: BoardRepositoryTest does not declare any static, non-private, non-final, nested classes annotated with @Configuration.
2022-12-29 23:01:02.604  INFO 15296 --- [    Test worker] .b.t.c.SpringBootTestContextBootstrapper : Found @SpringBootConfiguration com.seb41_pre_014.Seb41Pre014Application for test class com.seb41_pre_014.board.repository.BoardRepositoryTest
2022-12-29 23:01:02.606  INFO 15296 --- [    Test worker] b.t.a.o.j.DataJpaTestContextBootstrapper : Loaded default TestExecutionListener class names from location [META-INF/spring.factories]: [org.springframework.security.test.context.support.WithSecurityContextTestExecutionListener, org.springframework.security.test.context.support.ReactorContextTestExecutionListener, org.springframework.boot.test.autoconfigure.restdocs.RestDocsTestExecutionListener, org.springframework.boot.test.autoconfigure.web.client.MockRestServiceServerResetTestExecutionListener, org.springframework.boot.test.autoconfigure.web.servlet.MockMvcPrintOnlyOnFailureTestExecutionListener, org.springframework.boot.test.autoconfigure.web.servlet.WebDriverTestExecutionListener, org.springframework.boot.test.autoconfigure.webservices.client.MockWebServiceServerTestExecutionListener, org.springframework.boot.test.mock.mockito.MockitoTestExecutionListener, org.springframework.boot.test.mock.mockito.ResetMocksTestExecutionListener, org.springframework.test.context.web.ServletTestExecutionListener, org.springframework.test.context.support.DirtiesContextBeforeModesTestExecutionListener, org.springframework.test.context.event.ApplicationEventsTestExecutionListener, org.springframework.test.context.support.DependencyInjectionTestExecutionListener, org.springframework.test.context.support.DirtiesContextTestExecutionListener, org.springframework.test.context.transaction.TransactionalTestExecutionListener, org.springframework.test.context.jdbc.SqlScriptsTestExecutionListener, org.springframework.test.context.event.EventPublishingTestExecutionListener]
2022-12-29 23:01:02.607  INFO 15296 --- [    Test worker] b.t.a.o.j.DataJpaTestContextBootstrapper : Using TestExecutionListeners: [org.springframework.test.context.web.ServletTestExecutionListener@26c2f767, org.springframework.test.context.support.DirtiesContextBeforeModesTestExecutionListener@6a7ab205, org.springframework.test.context.event.ApplicationEventsTestExecutionListener@10cb5047, org.springframework.boot.test.mock.mockito.MockitoTestExecutionListener@3a00237d, org.springframework.boot.test.autoconfigure.SpringBootDependencyInjectionTestExecutionListener@bc88295, org.springframework.test.context.support.DirtiesContextTestExecutionListener@341df373, org.springframework.test.context.transaction.TransactionalTestExecutionListener@7e9ed4df, org.springframework.test.context.jdbc.SqlScriptsTestExecutionListener@453e1bba, org.springframework.security.test.context.support.WithSecurityContextTestExecutionListener@aade5a2, org.springframework.test.context.event.EventPublishingTestExecutionListener@51f009ef, org.springframework.security.test.context.support.ReactorContextTestExecutionListener@59c00722, org.springframework.boot.test.autoconfigure.restdocs.RestDocsTestExecutionListener@6c96346b, org.springframework.boot.test.autoconfigure.web.client.MockRestServiceServerResetTestExecutionListener@9734cae, org.springframework.boot.test.autoconfigure.web.servlet.MockMvcPrintOnlyOnFailureTestExecutionListener@589d831e, org.springframework.boot.test.autoconfigure.web.servlet.WebDriverTestExecutionListener@1bd6638, org.springframework.boot.test.autoconfigure.webservices.client.MockWebServiceServerTestExecutionListener@5c552f08, org.springframework.boot.test.mock.mockito.ResetMocksTestExecutionListener@4fd00e10]

  .   ____          _            __ _ _
 /\\ / ___'_ __ _ _(_)_ __  __ _ \ \ \ \
( ( )\___ | '_ | '_| | '_ \/ _` | \ \ \ \
 \\/  ___)| |_)| | | | | || (_| |  ) ) ) )
  '  |____| .__|_| |_|_| |_\__, | / / / /
 =========|_|==============|___/=/_/_/_/
 :: Spring Boot ::                (v2.7.6)

2022-12-29 23:01:02.665  INFO 15296 --- [    Test worker] c.s.b.repository.BoardRepositoryTest     : Starting BoardRepositoryTest using Java 11.0.16 on gimchanbin-ui-MacBookPro.local with PID 15296 (started by happy_bin in /Users/happy_bin/projects/pre-project/seb41_pre_014/backend)
2022-12-29 23:01:02.665  INFO 15296 --- [    Test worker] c.s.b.repository.BoardRepositoryTest     : No active profile set, falling back to 1 default profile: "default"
2022-12-29 23:01:02.817  INFO 15296 --- [    Test worker] .s.d.r.c.RepositoryConfigurationDelegate : Bootstrapping Spring Data JPA repositories in DEFAULT mode.
2022-12-29 23:01:02.867  INFO 15296 --- [    Test worker] .s.d.r.c.RepositoryConfigurationDelegate : Finished Spring Data repository scanning in 49 ms. Found 6 JPA repository interfaces.
2022-12-29 23:01:02.889  INFO 15296 --- [    Test worker] beddedDataSourceBeanFactoryPostProcessor : Replacing 'dataSource' DataSource bean with embedded version
2022-12-29 23:01:02.978  INFO 15296 --- [    Test worker] o.s.j.d.e.EmbeddedDatabaseFactory        : Starting embedded database: url='jdbc:h2:mem:bcb2d769-efdd-40b1-b0be-f2917b81f2ec;DB_CLOSE_DELAY=-1;DB_CLOSE_ON_EXIT=false', username='sa'
2022-12-29 23:01:03.058  INFO 15296 --- [    Test worker] o.hibernate.jpa.internal.util.LogHelper  : HHH000204: Processing PersistenceUnitInfo [name: default]
2022-12-29 23:01:03.068  INFO 15296 --- [    Test worker] org.hibernate.dialect.Dialect            : HHH000400: Using dialect: org.hibernate.dialect.H2Dialect
Hibernate: drop table if exists board CASCADE 
Hibernate: drop table if exists board_tag CASCADE 
Hibernate: drop table if exists bookmark CASCADE 
Hibernate: drop table if exists member CASCADE 
Hibernate: drop table if exists member_roles CASCADE 
Hibernate: drop table if exists member_tag CASCADE 
Hibernate: drop table if exists suggested_edit CASCADE 
Hibernate: drop table if exists tag CASCADE 
Hibernate: drop table if exists vote CASCADE 
Hibernate: create table board (board_id bigint generated by default as identity, created_at timestamp, last_modified_at timestamp, answer_count integer not null, board_status varchar(255) not null, board_type varchar(255) not null, body varchar(255), bookmark_count integer not null, score integer not null, title varchar(255), view_count integer not null, member_id bigint, question_id bigint, primary key (board_id))
Hibernate: create table board_tag (board_tag_id bigint generated by default as identity, board_id bigint, tag_id bigint, primary key (board_tag_id))
Hibernate: create table bookmark (bookmark_id bigint generated by default as identity, created_at timestamp, last_modified_at timestamp, board_id bigint, member_id bigint, primary key (bookmark_id))
Hibernate: create table member (member_id bigint generated by default as identity, created_at timestamp, last_modified_at timestamp, about_me varchar(255), answers integer not null, display_name varchar(255), email varchar(20) not null, full_name varchar(255), github_link varchar(255), location varchar(255), member_status integer, password varchar(100) not null, profile_image_url varchar(255), questions integer not null, reputation integer not null, title varchar(255), twitter_link varchar(255), website_link varchar(255), primary key (member_id))
Hibernate: create table member_roles (member_member_id bigint not null, roles varchar(255))
Hibernate: create table member_tag (member_tag_id bigint not null, member_id bigint, tag_id bigint, primary key (member_tag_id))
Hibernate: create table suggested_edit (edit_id bigint not null, created_at timestamp, last_modified_at timestamp, board_id bigint, body varchar(255), editor_id bigint, tag varchar(255), title varchar(255), primary key (edit_id))
Hibernate: create table tag (tag_id bigint not null, name varchar(255), primary key (tag_id))
Hibernate: create table vote (vote_id bigint generated by default as identity, created_at timestamp, last_modified_at timestamp, vote_type varchar(255) not null, board_id bigint, member_id bigint, primary key (vote_id))
Hibernate: alter table board add constraint FKsds8ox89wwf6aihinar49rmfy foreign key (member_id) references member
Hibernate: alter table board add constraint FK5ucs2vvf3wbic45tdd1rvgtaa foreign key (question_id) references board
Hibernate: alter table board_tag add constraint FKn9tsgp9bc6132ojkja6r20i8 foreign key (board_id) references board
Hibernate: alter table board_tag add constraint FK4gcg6nlkb1p1ov5neg0u4iy6g foreign key (tag_id) references tag
Hibernate: alter table bookmark add constraint FK9ok583i44955hw16uacv1v9pv foreign key (board_id) references board
Hibernate: alter table bookmark add constraint FK5bm7rup91j277mc7gg63akie2 foreign key (member_id) references member
Hibernate: alter table member_roles add constraint FKruptm2dtwl95mfks4bnhv828k foreign key (member_member_id) references member
Hibernate: alter table member_tag add constraint FKgodbg35wb92j09pt5pi64udco foreign key (member_id) references member
Hibernate: alter table member_tag add constraint FKcg8t5r0fghpy478wylesc2sfj foreign key (tag_id) references tag
Hibernate: alter table vote add constraint FK4b4455i0e0yu9x6n52pqyvam foreign key (board_id) references board
Hibernate: alter table vote add constraint FKgkbgl6xp2rpgwghb7mtyuv48h foreign key (member_id) references member
2022-12-29 23:01:03.335  INFO 15296 --- [    Test worker] o.h.e.t.j.p.i.JtaPlatformInitiator       : HHH000490: Using JtaPlatform implementation: [org.hibernate.engine.transaction.jta.platform.internal.NoJtaPlatform]
2022-12-29 23:01:03.336  INFO 15296 --- [    Test worker] j.LocalContainerEntityManagerFactoryBean : Initialized JPA EntityManagerFactory for persistence unit 'default'
2022-12-29 23:01:04.397  INFO 15296 --- [    Test worker] c.s.b.repository.BoardRepositoryTest     : Started BoardRepositoryTest in 1.782 seconds (JVM running for 11.644)
2022-12-29 23:01:04.429  INFO 15296 --- [    Test worker] o.s.t.c.transaction.TransactionContext   : Began transaction (1) for test context [DefaultTestContext@edf4973 testClass = BoardRepositoryTest, testInstance = com.seb41_pre_014.board.repository.BoardRepositoryTest@2a49753, testMethod = findAllByBoardType@BoardRepositoryTest, testException = [null], mergedContextConfiguration = [MergedContextConfiguration@6e68ccc9 testClass = BoardRepositoryTest, locations = '{}', classes = '{class com.seb41_pre_014.Seb41Pre014Application}', contextInitializerClasses = '[]', activeProfiles = '{}', propertySourceLocations = '{}', propertySourceProperties = '{org.springframework.boot.test.autoconfigure.orm.jpa.DataJpaTestContextBootstrapper=true}', contextCustomizers = set[org.springframework.boot.test.autoconfigure.OverrideAutoConfigurationContextCustomizerFactory$DisableAutoConfigurationContextCustomizer@2941631f, org.springframework.boot.test.autoconfigure.actuate.metrics.MetricsExportContextCustomizerFactory$DisableMetricExportContextCustomizer@3fc9dfc5, org.springframework.boot.test.autoconfigure.filter.TypeExcludeFiltersContextCustomizer@351584c0, org.springframework.boot.test.autoconfigure.properties.PropertyMappingContextCustomizer@387c74df, org.springframework.boot.test.autoconfigure.web.servlet.WebDriverContextCustomizerFactory$Customizer@3383649e, [ImportsContextCustomizer@1784fcab key = [org.springframework.boot.autoconfigure.cache.CacheAutoConfiguration, org.springframework.boot.autoconfigure.data.jpa.JpaRepositoriesAutoConfiguration, org.springframework.boot.autoconfigure.flyway.FlywayAutoConfiguration, org.springframework.boot.autoconfigure.jdbc.DataSourceAutoConfiguration, org.springframework.boot.autoconfigure.jdbc.DataSourceTransactionManagerAutoConfiguration, org.springframework.boot.autoconfigure.jdbc.JdbcTemplateAutoConfiguration, org.springframework.boot.autoconfigure.liquibase.LiquibaseAutoConfiguration, org.springframework.boot.autoconfigure.orm.jpa.HibernateJpaAutoConfiguration, org.springframework.boot.autoconfigure.sql.init.SqlInitializationAutoConfiguration, org.springframework.boot.autoconfigure.transaction.TransactionAutoConfiguration, org.springframework.boot.test.autoconfigure.jdbc.TestDatabaseAutoConfiguration, org.springframework.boot.test.autoconfigure.orm.jpa.TestEntityManagerAutoConfiguration]], org.springframework.boot.test.context.filter.ExcludeFilterContextCustomizer@1ce61929, org.springframework.boot.test.json.DuplicateJsonObjectContextCustomizerFactory$DuplicateJsonObjectContextCustomizer@9bd0fa6, org.springframework.boot.test.mock.mockito.MockitoContextCustomizer@0, org.springframework.boot.test.context.SpringBootTestArgs@1, org.springframework.boot.test.context.SpringBootTestWebEnvironment@0], contextLoader = 'org.springframework.boot.test.context.SpringBootContextLoader', parent = [null]], attributes = map['org.springframework.test.context.event.ApplicationEventsTestExecutionListener.recordApplicationEvents' -> false]]; transaction manager [org.springframework.orm.jpa.JpaTransactionManager@7343d843]; rollback [true]
Hibernate: insert into board (board_id, created_at, last_modified_at, answer_count, board_status, board_type, body, bookmark_count, member_id, question_id, score, title, view_count) values (default, ?, ?, ?, ?, ?, ?, ?, ?, ?, ?, ?, ?)
Hibernate: insert into board (board_id, created_at, last_modified_at, answer_count, board_status, board_type, body, bookmark_count, member_id, question_id, score, title, view_count) values (default, ?, ?, ?, ?, ?, ?, ?, ?, ?, ?, ?, ?)
Hibernate: insert into board (board_id, created_at, last_modified_at, answer_count, board_status, board_type, body, bookmark_count, member_id, question_id, score, title, view_count) values (default, ?, ?, ?, ?, ?, ?, ?, ?, ?, ?, ?, ?)
Hibernate: select board0_.board_id as board_id1_0_, board0_.created_at as created_2_0_, board0_.last_modified_at as last_mod3_0_, board0_.answer_count as answer_c4_0_, board0_.board_status as board_st5_0_, board0_.board_type as board_ty6_0_, board0_.body as body7_0_, board0_.bookmark_count as bookmark8_0_, board0_.member_id as member_12_0_, board0_.question_id as questio13_0_, board0_.score as score9_0_, board0_.title as title10_0_, board0_.view_count as view_co11_0_ from board board0_ where board0_.board_type=? order by board0_.board_id desc limit ?
2022-12-29 23:01:04.870  INFO 15296 --- [    Test worker] o.s.t.c.transaction.TransactionContext   : Rolled back transaction for test: [DefaultTestContext@edf4973 testClass = BoardRepositoryTest, testInstance = com.seb41_pre_014.board.repository.BoardRepositoryTest@2a49753, testMethod = findAllByBoardType@BoardRepositoryTest, testException = [null], mergedContextConfiguration = [MergedContextConfiguration@6e68ccc9 testClass = BoardRepositoryTest, locations = '{}', classes = '{class com.seb41_pre_014.Seb41Pre014Application}', contextInitializerClasses = '[]', activeProfiles = '{}', propertySourceLocations = '{}', propertySourceProperties = '{org.springframework.boot.test.autoconfigure.orm.jpa.DataJpaTestContextBootstrapper=true}', contextCustomizers = set[org.springframework.boot.test.autoconfigure.OverrideAutoConfigurationContextCustomizerFactory$DisableAutoConfigurationContextCustomizer@2941631f, org.springframework.boot.test.autoconfigure.actuate.metrics.MetricsExportContextCustomizerFactory$DisableMetricExportContextCustomizer@3fc9dfc5, org.springframework.boot.test.autoconfigure.filter.TypeExcludeFiltersContextCustomizer@351584c0, org.springframework.boot.test.autoconfigure.properties.PropertyMappingContextCustomizer@387c74df, org.springframework.boot.test.autoconfigure.web.servlet.WebDriverContextCustomizerFactory$Customizer@3383649e, [ImportsContextCustomizer@1784fcab key = [org.springframework.boot.autoconfigure.cache.CacheAutoConfiguration, org.springframework.boot.autoconfigure.data.jpa.JpaRepositoriesAutoConfiguration, org.springframework.boot.autoconfigure.flyway.FlywayAutoConfiguration, org.springframework.boot.autoconfigure.jdbc.DataSourceAutoConfiguration, org.springframework.boot.autoconfigure.jdbc.DataSourceTransactionManagerAutoConfiguration, org.springframework.boot.autoconfigure.jdbc.JdbcTemplateAutoConfiguration, org.springframework.boot.autoconfigure.liquibase.LiquibaseAutoConfiguration, org.springframework.boot.autoconfigure.orm.jpa.HibernateJpaAutoConfiguration, org.springframework.boot.autoconfigure.sql.init.SqlInitializationAutoConfiguration, org.springframework.boot.autoconfigure.transaction.TransactionAutoConfiguration, org.springframework.boot.test.autoconfigure.jdbc.TestDatabaseAutoConfiguration, org.springframework.boot.test.autoconfigure.orm.jpa.TestEntityManagerAutoConfiguration]], org.springframework.boot.test.context.filter.ExcludeFilterContextCustomizer@1ce61929, org.springframework.boot.test.json.DuplicateJsonObjectContextCustomizerFactory$DuplicateJsonObjectContextCustomizer@9bd0fa6, org.springframework.boot.test.mock.mockito.MockitoContextCustomizer@0, org.springframework.boot.test.context.SpringBootTestArgs@1, org.springframework.boot.test.context.SpringBootTestWebEnvironment@0], contextLoader = 'org.springframework.boot.test.context.SpringBootContextLoader', parent = [null]], attributes = map['org.springframework.test.context.event.ApplicationEventsTestExecutionListener.recordApplicationEvents' -> false]]
2022-12-29 23:01:04.879  INFO 15296 --- [    Test worker] o.s.t.c.transaction.TransactionContext   : Began transaction (1) for test context [DefaultTestContext@edf4973 testClass = BoardRepositoryTest, testInstance = com.seb41_pre_014.board.repository.BoardRepositoryTest@672c4e24, testMethod = deleteBoard@BoardRepositoryTest, testException = [null], mergedContextConfiguration = [MergedContextConfiguration@6e68ccc9 testClass = BoardRepositoryTest, locations = '{}', classes = '{class com.seb41_pre_014.Seb41Pre014Application}', contextInitializerClasses = '[]', activeProfiles = '{}', propertySourceLocations = '{}', propertySourceProperties = '{org.springframework.boot.test.autoconfigure.orm.jpa.DataJpaTestContextBootstrapper=true}', contextCustomizers = set[org.springframework.boot.test.autoconfigure.OverrideAutoConfigurationContextCustomizerFactory$DisableAutoConfigurationContextCustomizer@2941631f, org.springframework.boot.test.autoconfigure.actuate.metrics.MetricsExportContextCustomizerFactory$DisableMetricExportContextCustomizer@3fc9dfc5, org.springframework.boot.test.autoconfigure.filter.TypeExcludeFiltersContextCustomizer@351584c0, org.springframework.boot.test.autoconfigure.properties.PropertyMappingContextCustomizer@387c74df, org.springframework.boot.test.autoconfigure.web.servlet.WebDriverContextCustomizerFactory$Customizer@3383649e, [ImportsContextCustomizer@1784fcab key = [org.springframework.boot.autoconfigure.cache.CacheAutoConfiguration, org.springframework.boot.autoconfigure.data.jpa.JpaRepositoriesAutoConfiguration, org.springframework.boot.autoconfigure.flyway.FlywayAutoConfiguration, org.springframework.boot.autoconfigure.jdbc.DataSourceAutoConfiguration, org.springframework.boot.autoconfigure.jdbc.DataSourceTransactionManagerAutoConfiguration, org.springframework.boot.autoconfigure.jdbc.JdbcTemplateAutoConfiguration, org.springframework.boot.autoconfigure.liquibase.LiquibaseAutoConfiguration, org.springframework.boot.autoconfigure.orm.jpa.HibernateJpaAutoConfiguration, org.springframework.boot.autoconfigure.sql.init.SqlInitializationAutoConfiguration, org.springframework.boot.autoconfigure.transaction.TransactionAutoConfiguration, org.springframework.boot.test.autoconfigure.jdbc.TestDatabaseAutoConfiguration, org.springframework.boot.test.autoconfigure.orm.jpa.TestEntityManagerAutoConfiguration]], org.springframework.boot.test.context.filter.ExcludeFilterContextCustomizer@1ce61929, org.springframework.boot.test.json.DuplicateJsonObjectContextCustomizerFactory$DuplicateJsonObjectContextCustomizer@9bd0fa6, org.springframework.boot.test.mock.mockito.MockitoContextCustomizer@0, org.springframework.boot.test.context.SpringBootTestArgs@1, org.springframework.boot.test.context.SpringBootTestWebEnvironment@0], contextLoader = 'org.springframework.boot.test.context.SpringBootContextLoader', parent = [null]], attributes = map['org.springframework.test.context.event.ApplicationEventsTestExecutionListener.recordApplicationEvents' -> false]]; transaction manager [org.springframework.orm.jpa.JpaTransactionManager@7343d843]; rollback [true]
Hibernate: insert into board (board_id, created_at, last_modified_at, answer_count, board_status, board_type, body, bookmark_count, member_id, question_id, score, title, view_count) values (default, ?, ?, ?, ?, ?, ?, ?, ?, ?, ?, ?, ?)
2022-12-29 23:01:04.910  INFO 15296 --- [    Test worker] o.s.t.c.transaction.TransactionContext   : Rolled back transaction for test: [DefaultTestContext@edf4973 testClass = BoardRepositoryTest, testInstance = com.seb41_pre_014.board.repository.BoardRepositoryTest@672c4e24, testMethod = deleteBoard@BoardRepositoryTest, testException = [null], mergedContextConfiguration = [MergedContextConfiguration@6e68ccc9 testClass = BoardRepositoryTest, locations = '{}', classes = '{class com.seb41_pre_014.Seb41Pre014Application}', contextInitializerClasses = '[]', activeProfiles = '{}', propertySourceLocations = '{}', propertySourceProperties = '{org.springframework.boot.test.autoconfigure.orm.jpa.DataJpaTestContextBootstrapper=true}', contextCustomizers = set[org.springframework.boot.test.autoconfigure.OverrideAutoConfigurationContextCustomizerFactory$DisableAutoConfigurationContextCustomizer@2941631f, org.springframework.boot.test.autoconfigure.actuate.metrics.MetricsExportContextCustomizerFactory$DisableMetricExportContextCustomizer@3fc9dfc5, org.springframework.boot.test.autoconfigure.filter.TypeExcludeFiltersContextCustomizer@351584c0, org.springframework.boot.test.autoconfigure.properties.PropertyMappingContextCustomizer@387c74df, org.springframework.boot.test.autoconfigure.web.servlet.WebDriverContextCustomizerFactory$Customizer@3383649e, [ImportsContextCustomizer@1784fcab key = [org.springframework.boot.autoconfigure.cache.CacheAutoConfiguration, org.springframework.boot.autoconfigure.data.jpa.JpaRepositoriesAutoConfiguration, org.springframework.boot.autoconfigure.flyway.FlywayAutoConfiguration, org.springframework.boot.autoconfigure.jdbc.DataSourceAutoConfiguration, org.springframework.boot.autoconfigure.jdbc.DataSourceTransactionManagerAutoConfiguration, org.springframework.boot.autoconfigure.jdbc.JdbcTemplateAutoConfiguration, org.springframework.boot.autoconfigure.liquibase.LiquibaseAutoConfiguration, org.springframework.boot.autoconfigure.orm.jpa.HibernateJpaAutoConfiguration, org.springframework.boot.autoconfigure.sql.init.SqlInitializationAutoConfiguration, org.springframework.boot.autoconfigure.transaction.TransactionAutoConfiguration, org.springframework.boot.test.autoconfigure.jdbc.TestDatabaseAutoConfiguration, org.springframework.boot.test.autoconfigure.orm.jpa.TestEntityManagerAutoConfiguration]], org.springframework.boot.test.context.filter.ExcludeFilterContextCustomizer@1ce61929, org.springframework.boot.test.json.DuplicateJsonObjectContextCustomizerFactory$DuplicateJsonObjectContextCustomizer@9bd0fa6, org.springframework.boot.test.mock.mockito.MockitoContextCustomizer@0, org.springframework.boot.test.context.SpringBootTestArgs@1, org.springframework.boot.test.context.SpringBootTestWebEnvironment@0], contextLoader = 'org.springframework.boot.test.context.SpringBootContextLoader', parent = [null]], attributes = map['org.springframework.test.context.event.ApplicationEventsTestExecutionListener.recordApplicationEvents' -> false]]
2022-12-29 23:01:04.915  INFO 15296 --- [    Test worker] o.s.t.c.transaction.TransactionContext   : Began transaction (1) for test context [DefaultTestContext@edf4973 testClass = BoardRepositoryTest, testInstance = com.seb41_pre_014.board.repository.BoardRepositoryTest@5d7f4cbb, testMethod = findById@BoardRepositoryTest, testException = [null], mergedContextConfiguration = [MergedContextConfiguration@6e68ccc9 testClass = BoardRepositoryTest, locations = '{}', classes = '{class com.seb41_pre_014.Seb41Pre014Application}', contextInitializerClasses = '[]', activeProfiles = '{}', propertySourceLocations = '{}', propertySourceProperties = '{org.springframework.boot.test.autoconfigure.orm.jpa.DataJpaTestContextBootstrapper=true}', contextCustomizers = set[org.springframework.boot.test.autoconfigure.OverrideAutoConfigurationContextCustomizerFactory$DisableAutoConfigurationContextCustomizer@2941631f, org.springframework.boot.test.autoconfigure.actuate.metrics.MetricsExportContextCustomizerFactory$DisableMetricExportContextCustomizer@3fc9dfc5, org.springframework.boot.test.autoconfigure.filter.TypeExcludeFiltersContextCustomizer@351584c0, org.springframework.boot.test.autoconfigure.properties.PropertyMappingContextCustomizer@387c74df, org.springframework.boot.test.autoconfigure.web.servlet.WebDriverContextCustomizerFactory$Customizer@3383649e, [ImportsContextCustomizer@1784fcab key = [org.springframework.boot.autoconfigure.cache.CacheAutoConfiguration, org.springframework.boot.autoconfigure.data.jpa.JpaRepositoriesAutoConfiguration, org.springframework.boot.autoconfigure.flyway.FlywayAutoConfiguration, org.springframework.boot.autoconfigure.jdbc.DataSourceAutoConfiguration, org.springframework.boot.autoconfigure.jdbc.DataSourceTransactionManagerAutoConfiguration, org.springframework.boot.autoconfigure.jdbc.JdbcTemplateAutoConfiguration, org.springframework.boot.autoconfigure.liquibase.LiquibaseAutoConfiguration, org.springframework.boot.autoconfigure.orm.jpa.HibernateJpaAutoConfiguration, org.springframework.boot.autoconfigure.sql.init.SqlInitializationAutoConfiguration, org.springframework.boot.autoconfigure.transaction.TransactionAutoConfiguration, org.springframework.boot.test.autoconfigure.jdbc.TestDatabaseAutoConfiguration, org.springframework.boot.test.autoconfigure.orm.jpa.TestEntityManagerAutoConfiguration]], org.springframework.boot.test.context.filter.ExcludeFilterContextCustomizer@1ce61929, org.springframework.boot.test.json.DuplicateJsonObjectContextCustomizerFactory$DuplicateJsonObjectContextCustomizer@9bd0fa6, org.springframework.boot.test.mock.mockito.MockitoContextCustomizer@0, org.springframework.boot.test.context.SpringBootTestArgs@1, org.springframework.boot.test.context.SpringBootTestWebEnvironment@0], contextLoader = 'org.springframework.boot.test.context.SpringBootContextLoader', parent = [null]], attributes = map['org.springframework.test.context.event.ApplicationEventsTestExecutionListener.recordApplicationEvents' -> false]]; transaction manager [org.springframework.orm.jpa.JpaTransactionManager@7343d843]; rollback [true]
Hibernate: insert into board (board_id, created_at, last_modified_at, answer_count, board_status, board_type, body, bookmark_count, member_id, question_id, score, title, view_count) values (default, ?, ?, ?, ?, ?, ?, ?, ?, ?, ?, ?, ?)
2022-12-29 23:01:04.921  INFO 15296 --- [    Test worker] o.s.t.c.transaction.TransactionContext   : Rolled back transaction for test: [DefaultTestContext@edf4973 testClass = BoardRepositoryTest, testInstance = com.seb41_pre_014.board.repository.BoardRepositoryTest@5d7f4cbb, testMethod = findById@BoardRepositoryTest, testException = [null], mergedContextConfiguration = [MergedContextConfiguration@6e68ccc9 testClass = BoardRepositoryTest, locations = '{}', classes = '{class com.seb41_pre_014.Seb41Pre014Application}', contextInitializerClasses = '[]', activeProfiles = '{}', propertySourceLocations = '{}', propertySourceProperties = '{org.springframework.boot.test.autoconfigure.orm.jpa.DataJpaTestContextBootstrapper=true}', contextCustomizers = set[org.springframework.boot.test.autoconfigure.OverrideAutoConfigurationContextCustomizerFactory$DisableAutoConfigurationContextCustomizer@2941631f, org.springframework.boot.test.autoconfigure.actuate.metrics.MetricsExportContextCustomizerFactory$DisableMetricExportContextCustomizer@3fc9dfc5, org.springframework.boot.test.autoconfigure.filter.TypeExcludeFiltersContextCustomizer@351584c0, org.springframework.boot.test.autoconfigure.properties.PropertyMappingContextCustomizer@387c74df, org.springframework.boot.test.autoconfigure.web.servlet.WebDriverContextCustomizerFactory$Customizer@3383649e, [ImportsContextCustomizer@1784fcab key = [org.springframework.boot.autoconfigure.cache.CacheAutoConfiguration, org.springframework.boot.autoconfigure.data.jpa.JpaRepositoriesAutoConfiguration, org.springframework.boot.autoconfigure.flyway.FlywayAutoConfiguration, org.springframework.boot.autoconfigure.jdbc.DataSourceAutoConfiguration, org.springframework.boot.autoconfigure.jdbc.DataSourceTransactionManagerAutoConfiguration, org.springframework.boot.autoconfigure.jdbc.JdbcTemplateAutoConfiguration, org.springframework.boot.autoconfigure.liquibase.LiquibaseAutoConfiguration, org.springframework.boot.autoconfigure.orm.jpa.HibernateJpaAutoConfiguration, org.springframework.boot.autoconfigure.sql.init.SqlInitializationAutoConfiguration, org.springframework.boot.autoconfigure.transaction.TransactionAutoConfiguration, org.springframework.boot.test.autoconfigure.jdbc.TestDatabaseAutoConfiguration, org.springframework.boot.test.autoconfigure.orm.jpa.TestEntityManagerAutoConfiguration]], org.springframework.boot.test.context.filter.ExcludeFilterContextCustomizer@1ce61929, org.springframework.boot.test.json.DuplicateJsonObjectContextCustomizerFactory$DuplicateJsonObjectContextCustomizer@9bd0fa6, org.springframework.boot.test.mock.mockito.MockitoContextCustomizer@0, org.springframework.boot.test.context.SpringBootTestArgs@1, org.springframework.boot.test.context.SpringBootTestWebEnvironment@0], contextLoader = 'org.springframework.boot.test.context.SpringBootContextLoader', parent = [null]], attributes = map['org.springframework.test.context.event.ApplicationEventsTestExecutionListener.recordApplicationEvents' -> false]]
2022-12-29 23:01:04.926  INFO 15296 --- [    Test worker] o.s.t.c.transaction.TransactionContext   : Began transaction (1) for test context [DefaultTestContext@edf4973 testClass = BoardRepositoryTest, testInstance = com.seb41_pre_014.board.repository.BoardRepositoryTest@f1d5f3, testMethod = updateBoard@BoardRepositoryTest, testException = [null], mergedContextConfiguration = [MergedContextConfiguration@6e68ccc9 testClass = BoardRepositoryTest, locations = '{}', classes = '{class com.seb41_pre_014.Seb41Pre014Application}', contextInitializerClasses = '[]', activeProfiles = '{}', propertySourceLocations = '{}', propertySourceProperties = '{org.springframework.boot.test.autoconfigure.orm.jpa.DataJpaTestContextBootstrapper=true}', contextCustomizers = set[org.springframework.boot.test.autoconfigure.OverrideAutoConfigurationContextCustomizerFactory$DisableAutoConfigurationContextCustomizer@2941631f, org.springframework.boot.test.autoconfigure.actuate.metrics.MetricsExportContextCustomizerFactory$DisableMetricExportContextCustomizer@3fc9dfc5, org.springframework.boot.test.autoconfigure.filter.TypeExcludeFiltersContextCustomizer@351584c0, org.springframework.boot.test.autoconfigure.properties.PropertyMappingContextCustomizer@387c74df, org.springframework.boot.test.autoconfigure.web.servlet.WebDriverContextCustomizerFactory$Customizer@3383649e, [ImportsContextCustomizer@1784fcab key = [org.springframework.boot.autoconfigure.cache.CacheAutoConfiguration, org.springframework.boot.autoconfigure.data.jpa.JpaRepositoriesAutoConfiguration, org.springframework.boot.autoconfigure.flyway.FlywayAutoConfiguration, org.springframework.boot.autoconfigure.jdbc.DataSourceAutoConfiguration, org.springframework.boot.autoconfigure.jdbc.DataSourceTransactionManagerAutoConfiguration, org.springframework.boot.autoconfigure.jdbc.JdbcTemplateAutoConfiguration, org.springframework.boot.autoconfigure.liquibase.LiquibaseAutoConfiguration, org.springframework.boot.autoconfigure.orm.jpa.HibernateJpaAutoConfiguration, org.springframework.boot.autoconfigure.sql.init.SqlInitializationAutoConfiguration, org.springframework.boot.autoconfigure.transaction.TransactionAutoConfiguration, org.springframework.boot.test.autoconfigure.jdbc.TestDatabaseAutoConfiguration, org.springframework.boot.test.autoconfigure.orm.jpa.TestEntityManagerAutoConfiguration]], org.springframework.boot.test.context.filter.ExcludeFilterContextCustomizer@1ce61929, org.springframework.boot.test.json.DuplicateJsonObjectContextCustomizerFactory$DuplicateJsonObjectContextCustomizer@9bd0fa6, org.springframework.boot.test.mock.mockito.MockitoContextCustomizer@0, org.springframework.boot.test.context.SpringBootTestArgs@1, org.springframework.boot.test.context.SpringBootTestWebEnvironment@0], contextLoader = 'org.springframework.boot.test.context.SpringBootContextLoader', parent = [null]], attributes = map['org.springframework.test.context.event.ApplicationEventsTestExecutionListener.recordApplicationEvents' -> false]]; transaction manager [org.springframework.orm.jpa.JpaTransactionManager@7343d843]; rollback [true]
Hibernate: insert into board (board_id, created_at, last_modified_at, answer_count, board_status, board_type, body, bookmark_count, member_id, question_id, score, title, view_count) values (default, ?, ?, ?, ?, ?, ?, ?, ?, ?, ?, ?, ?)
2022-12-29 23:01:04.936  INFO 15296 --- [    Test worker] o.s.t.c.transaction.TransactionContext   : Rolled back transaction for test: [DefaultTestContext@edf4973 testClass = BoardRepositoryTest, testInstance = com.seb41_pre_014.board.repository.BoardRepositoryTest@f1d5f3, testMethod = updateBoard@BoardRepositoryTest, testException = [null], mergedContextConfiguration = [MergedContextConfiguration@6e68ccc9 testClass = BoardRepositoryTest, locations = '{}', classes = '{class com.seb41_pre_014.Seb41Pre014Application}', contextInitializerClasses = '[]', activeProfiles = '{}', propertySourceLocations = '{}', propertySourceProperties = '{org.springframework.boot.test.autoconfigure.orm.jpa.DataJpaTestContextBootstrapper=true}', contextCustomizers = set[org.springframework.boot.test.autoconfigure.OverrideAutoConfigurationContextCustomizerFactory$DisableAutoConfigurationContextCustomizer@2941631f, org.springframework.boot.test.autoconfigure.actuate.metrics.MetricsExportContextCustomizerFactory$DisableMetricExportContextCustomizer@3fc9dfc5, org.springframework.boot.test.autoconfigure.filter.TypeExcludeFiltersContextCustomizer@351584c0, org.springframework.boot.test.autoconfigure.properties.PropertyMappingContextCustomizer@387c74df, org.springframework.boot.test.autoconfigure.web.servlet.WebDriverContextCustomizerFactory$Customizer@3383649e, [ImportsContextCustomizer@1784fcab key = [org.springframework.boot.autoconfigure.cache.CacheAutoConfiguration, org.springframework.boot.autoconfigure.data.jpa.JpaRepositoriesAutoConfiguration, org.springframework.boot.autoconfigure.flyway.FlywayAutoConfiguration, org.springframework.boot.autoconfigure.jdbc.DataSourceAutoConfiguration, org.springframework.boot.autoconfigure.jdbc.DataSourceTransactionManagerAutoConfiguration, org.springframework.boot.autoconfigure.jdbc.JdbcTemplateAutoConfiguration, org.springframework.boot.autoconfigure.liquibase.LiquibaseAutoConfiguration, org.springframework.boot.autoconfigure.orm.jpa.HibernateJpaAutoConfiguration, org.springframework.boot.autoconfigure.sql.init.SqlInitializationAutoConfiguration, org.springframework.boot.autoconfigure.transaction.TransactionAutoConfiguration, org.springframework.boot.test.autoconfigure.jdbc.TestDatabaseAutoConfiguration, org.springframework.boot.test.autoconfigure.orm.jpa.TestEntityManagerAutoConfiguration]], org.springframework.boot.test.context.filter.ExcludeFilterContextCustomizer@1ce61929, org.springframework.boot.test.json.DuplicateJsonObjectContextCustomizerFactory$DuplicateJsonObjectContextCustomizer@9bd0fa6, org.springframework.boot.test.mock.mockito.MockitoContextCustomizer@0, org.springframework.boot.test.context.SpringBootTestArgs@1, org.springframework.boot.test.context.SpringBootTestWebEnvironment@0], contextLoader = 'org.springframework.boot.test.context.SpringBootContextLoader', parent = [null]], attributes = map['org.springframework.test.context.event.ApplicationEventsTestExecutionListener.recordApplicationEvents' -> false]]
2022-12-29 23:01:04.941  INFO 15296 --- [    Test worker] o.s.t.c.transaction.TransactionContext   : Began transaction (1) for test context [DefaultTestContext@edf4973 testClass = BoardRepositoryTest, testInstance = com.seb41_pre_014.board.repository.BoardRepositoryTest@dc28d74, testMethod = findBoardsByVote@BoardRepositoryTest, testException = [null], mergedContextConfiguration = [MergedContextConfiguration@6e68ccc9 testClass = BoardRepositoryTest, locations = '{}', classes = '{class com.seb41_pre_014.Seb41Pre014Application}', contextInitializerClasses = '[]', activeProfiles = '{}', propertySourceLocations = '{}', propertySourceProperties = '{org.springframework.boot.test.autoconfigure.orm.jpa.DataJpaTestContextBootstrapper=true}', contextCustomizers = set[org.springframework.boot.test.autoconfigure.OverrideAutoConfigurationContextCustomizerFactory$DisableAutoConfigurationContextCustomizer@2941631f, org.springframework.boot.test.autoconfigure.actuate.metrics.MetricsExportContextCustomizerFactory$DisableMetricExportContextCustomizer@3fc9dfc5, org.springframework.boot.test.autoconfigure.filter.TypeExcludeFiltersContextCustomizer@351584c0, org.springframework.boot.test.autoconfigure.properties.PropertyMappingContextCustomizer@387c74df, org.springframework.boot.test.autoconfigure.web.servlet.WebDriverContextCustomizerFactory$Customizer@3383649e, [ImportsContextCustomizer@1784fcab key = [org.springframework.boot.autoconfigure.cache.CacheAutoConfiguration, org.springframework.boot.autoconfigure.data.jpa.JpaRepositoriesAutoConfiguration, org.springframework.boot.autoconfigure.flyway.FlywayAutoConfiguration, org.springframework.boot.autoconfigure.jdbc.DataSourceAutoConfiguration, org.springframework.boot.autoconfigure.jdbc.DataSourceTransactionManagerAutoConfiguration, org.springframework.boot.autoconfigure.jdbc.JdbcTemplateAutoConfiguration, org.springframework.boot.autoconfigure.liquibase.LiquibaseAutoConfiguration, org.springframework.boot.autoconfigure.orm.jpa.HibernateJpaAutoConfiguration, org.springframework.boot.autoconfigure.sql.init.SqlInitializationAutoConfiguration, org.springframework.boot.autoconfigure.transaction.TransactionAutoConfiguration, org.springframework.boot.test.autoconfigure.jdbc.TestDatabaseAutoConfiguration, org.springframework.boot.test.autoconfigure.orm.jpa.TestEntityManagerAutoConfiguration]], org.springframework.boot.test.context.filter.ExcludeFilterContextCustomizer@1ce61929, org.springframework.boot.test.json.DuplicateJsonObjectContextCustomizerFactory$DuplicateJsonObjectContextCustomizer@9bd0fa6, org.springframework.boot.test.mock.mockito.MockitoContextCustomizer@0, org.springframework.boot.test.context.SpringBootTestArgs@1, org.springframework.boot.test.context.SpringBootTestWebEnvironment@0], contextLoader = 'org.springframework.boot.test.context.SpringBootContextLoader', parent = [null]], attributes = map['org.springframework.test.context.event.ApplicationEventsTestExecutionListener.recordApplicationEvents' -> false]]; transaction manager [org.springframework.orm.jpa.JpaTransactionManager@7343d843]; rollback [true]
Hibernate: insert into board (board_id, created_at, last_modified_at, answer_count, board_status, board_type, body, bookmark_count, member_id, question_id, score, title, view_count) values (default, ?, ?, ?, ?, ?, ?, ?, ?, ?, ?, ?, ?)
Hibernate: insert into board (board_id, created_at, last_modified_at, answer_count, board_status, board_type, body, bookmark_count, member_id, question_id, score, title, view_count) values (default, ?, ?, ?, ?, ?, ?, ?, ?, ?, ?, ?, ?)
Hibernate: insert into member (member_id, created_at, last_modified_at, about_me, answers, display_name, email, full_name, github_link, location, member_status, password, profile_image_url, questions, reputation, title, twitter_link, website_link) values (default, ?, ?, ?, ?, ?, ?, ?, ?, ?, ?, ?, ?, ?, ?, ?, ?, ?)
Hibernate: insert into member (member_id, created_at, last_modified_at, about_me, answers, display_name, email, full_name, github_link, location, member_status, password, profile_image_url, questions, reputation, title, twitter_link, website_link) values (default, ?, ?, ?, ?, ?, ?, ?, ?, ?, ?, ?, ?, ?, ?, ?, ?, ?)
Hibernate: insert into vote (vote_id, created_at, last_modified_at, board_id, member_id, vote_type) values (default, ?, ?, ?, ?, ?)
Hibernate: insert into vote (vote_id, created_at, last_modified_at, board_id, member_id, vote_type) values (default, ?, ?, ?, ?, ?)
Hibernate: insert into vote (vote_id, created_at, last_modified_at, board_id, member_id, vote_type) values (default, ?, ?, ?, ?, ?)
2022-12-29 23:01:04.993  WARN 15296 --- [    Test worker] o.h.p.entity.AbstractEntityPersister     : HHH000502: The [member] property of the [com.seb41_pre_014.board.entity.Board] entity was modified, but it won't be updated because the property is immutable.
Hibernate: update board set last_modified_at=?, answer_count=?, board_status=?, board_type=?, body=?, bookmark_count=?, question_id=?, score=?, title=?, view_count=? where board_id=?
Hibernate: select board0_.board_id as board_id1_0_, board0_.created_at as created_2_0_, board0_.last_modified_at as last_mod3_0_, board0_.answer_count as answer_c4_0_, board0_.board_status as board_st5_0_, board0_.board_type as board_ty6_0_, board0_.body as body7_0_, board0_.bookmark_count as bookmark8_0_, board0_.member_id as member_12_0_, board0_.question_id as questio13_0_, board0_.score as score9_0_, board0_.title as title10_0_, board0_.view_count as view_co11_0_ from board board0_ left outer join vote votes1_ on board0_.board_id=votes1_.board_id left outer join member member2_ on votes1_.member_id=member2_.member_id where member2_.member_id=? order by board0_.board_id desc limit ?
Hibernate: select board0_.board_id as board_id1_0_, board0_.created_at as created_2_0_, board0_.last_modified_at as last_mod3_0_, board0_.answer_count as answer_c4_0_, board0_.board_status as board_st5_0_, board0_.board_type as board_ty6_0_, board0_.body as body7_0_, board0_.bookmark_count as bookmark8_0_, board0_.member_id as member_12_0_, board0_.question_id as questio13_0_, board0_.score as score9_0_, board0_.title as title10_0_, board0_.view_count as view_co11_0_ from board board0_ left outer join vote votes1_ on board0_.board_id=votes1_.board_id left outer join member member2_ on votes1_.member_id=member2_.member_id where member2_.member_id=? order by board0_.board_id desc limit ?
2022-12-29 23:01:05.012  INFO 15296 --- [    Test worker] o.s.t.c.transaction.TransactionContext   : Rolled back transaction for test: [DefaultTestContext@edf4973 testClass = BoardRepositoryTest, testInstance = com.seb41_pre_014.board.repository.BoardRepositoryTest@dc28d74, testMethod = findBoardsByVote@BoardRepositoryTest, testException = [null], mergedContextConfiguration = [MergedContextConfiguration@6e68ccc9 testClass = BoardRepositoryTest, locations = '{}', classes = '{class com.seb41_pre_014.Seb41Pre014Application}', contextInitializerClasses = '[]', activeProfiles = '{}', propertySourceLocations = '{}', propertySourceProperties = '{org.springframework.boot.test.autoconfigure.orm.jpa.DataJpaTestContextBootstrapper=true}', contextCustomizers = set[org.springframework.boot.test.autoconfigure.OverrideAutoConfigurationContextCustomizerFactory$DisableAutoConfigurationContextCustomizer@2941631f, org.springframework.boot.test.autoconfigure.actuate.metrics.MetricsExportContextCustomizerFactory$DisableMetricExportContextCustomizer@3fc9dfc5, org.springframework.boot.test.autoconfigure.filter.TypeExcludeFiltersContextCustomizer@351584c0, org.springframework.boot.test.autoconfigure.properties.PropertyMappingContextCustomizer@387c74df, org.springframework.boot.test.autoconfigure.web.servlet.WebDriverContextCustomizerFactory$Customizer@3383649e, [ImportsContextCustomizer@1784fcab key = [org.springframework.boot.autoconfigure.cache.CacheAutoConfiguration, org.springframework.boot.autoconfigure.data.jpa.JpaRepositoriesAutoConfiguration, org.springframework.boot.autoconfigure.flyway.FlywayAutoConfiguration, org.springframework.boot.autoconfigure.jdbc.DataSourceAutoConfiguration, org.springframework.boot.autoconfigure.jdbc.DataSourceTransactionManagerAutoConfiguration, org.springframework.boot.autoconfigure.jdbc.JdbcTemplateAutoConfiguration, org.springframework.boot.autoconfigure.liquibase.LiquibaseAutoConfiguration, org.springframework.boot.autoconfigure.orm.jpa.HibernateJpaAutoConfiguration, org.springframework.boot.autoconfigure.sql.init.SqlInitializationAutoConfiguration, org.springframework.boot.autoconfigure.transaction.TransactionAutoConfiguration, org.springframework.boot.test.autoconfigure.jdbc.TestDatabaseAutoConfiguration, org.springframework.boot.test.autoconfigure.orm.jpa.TestEntityManagerAutoConfiguration]], org.springframework.boot.test.context.filter.ExcludeFilterContextCustomizer@1ce61929, org.springframework.boot.test.json.DuplicateJsonObjectContextCustomizerFactory$DuplicateJsonObjectContextCustomizer@9bd0fa6, org.springframework.boot.test.mock.mockito.MockitoContextCustomizer@0, org.springframework.boot.test.context.SpringBootTestArgs@1, org.springframework.boot.test.context.SpringBootTestWebEnvironment@0], contextLoader = 'org.springframework.boot.test.context.SpringBootContextLoader', parent = [null]], attributes = map['org.springframework.test.context.event.ApplicationEventsTestExecutionListener.recordApplicationEvents' -> false]]
2022-12-29 23:01:05.016  INFO 15296 --- [    Test worker] o.s.t.c.transaction.TransactionContext   : Began transaction (1) for test context [DefaultTestContext@edf4973 testClass = BoardRepositoryTest, testInstance = com.seb41_pre_014.board.repository.BoardRepositoryTest@704ddfad, testMethod = findAllByTitleContaining@BoardRepositoryTest, testException = [null], mergedContextConfiguration = [MergedContextConfiguration@6e68ccc9 testClass = BoardRepositoryTest, locations = '{}', classes = '{class com.seb41_pre_014.Seb41Pre014Application}', contextInitializerClasses = '[]', activeProfiles = '{}', propertySourceLocations = '{}', propertySourceProperties = '{org.springframework.boot.test.autoconfigure.orm.jpa.DataJpaTestContextBootstrapper=true}', contextCustomizers = set[org.springframework.boot.test.autoconfigure.OverrideAutoConfigurationContextCustomizerFactory$DisableAutoConfigurationContextCustomizer@2941631f, org.springframework.boot.test.autoconfigure.actuate.metrics.MetricsExportContextCustomizerFactory$DisableMetricExportContextCustomizer@3fc9dfc5, org.springframework.boot.test.autoconfigure.filter.TypeExcludeFiltersContextCustomizer@351584c0, org.springframework.boot.test.autoconfigure.properties.PropertyMappingContextCustomizer@387c74df, org.springframework.boot.test.autoconfigure.web.servlet.WebDriverContextCustomizerFactory$Customizer@3383649e, [ImportsContextCustomizer@1784fcab key = [org.springframework.boot.autoconfigure.cache.CacheAutoConfiguration, org.springframework.boot.autoconfigure.data.jpa.JpaRepositoriesAutoConfiguration, org.springframework.boot.autoconfigure.flyway.FlywayAutoConfiguration, org.springframework.boot.autoconfigure.jdbc.DataSourceAutoConfiguration, org.springframework.boot.autoconfigure.jdbc.DataSourceTransactionManagerAutoConfiguration, org.springframework.boot.autoconfigure.jdbc.JdbcTemplateAutoConfiguration, org.springframework.boot.autoconfigure.liquibase.LiquibaseAutoConfiguration, org.springframework.boot.autoconfigure.orm.jpa.HibernateJpaAutoConfiguration, org.springframework.boot.autoconfigure.sql.init.SqlInitializationAutoConfiguration, org.springframework.boot.autoconfigure.transaction.TransactionAutoConfiguration, org.springframework.boot.test.autoconfigure.jdbc.TestDatabaseAutoConfiguration, org.springframework.boot.test.autoconfigure.orm.jpa.TestEntityManagerAutoConfiguration]], org.springframework.boot.test.context.filter.ExcludeFilterContextCustomizer@1ce61929, org.springframework.boot.test.json.DuplicateJsonObjectContextCustomizerFactory$DuplicateJsonObjectContextCustomizer@9bd0fa6, org.springframework.boot.test.mock.mockito.MockitoContextCustomizer@0, org.springframework.boot.test.context.SpringBootTestArgs@1, org.springframework.boot.test.context.SpringBootTestWebEnvironment@0], contextLoader = 'org.springframework.boot.test.context.SpringBootContextLoader', parent = [null]], attributes = map['org.springframework.test.context.event.ApplicationEventsTestExecutionListener.recordApplicationEvents' -> false]]; transaction manager [org.springframework.orm.jpa.JpaTransactionManager@7343d843]; rollback [true]
Hibernate: insert into board (board_id, created_at, last_modified_at, answer_count, board_status, board_type, body, bookmark_count, member_id, question_id, score, title, view_count) values (default, ?, ?, ?, ?, ?, ?, ?, ?, ?, ?, ?, ?)
Hibernate: insert into board (board_id, created_at, last_modified_at, answer_count, board_status, board_type, body, bookmark_count, member_id, question_id, score, title, view_count) values (default, ?, ?, ?, ?, ?, ?, ?, ?, ?, ?, ?, ?)
Hibernate: select board0_.board_id as board_id1_0_, board0_.created_at as created_2_0_, board0_.last_modified_at as last_mod3_0_, board0_.answer_count as answer_c4_0_, board0_.board_status as board_st5_0_, board0_.board_type as board_ty6_0_, board0_.body as body7_0_, board0_.bookmark_count as bookmark8_0_, board0_.member_id as member_12_0_, board0_.question_id as questio13_0_, board0_.score as score9_0_, board0_.title as title10_0_, board0_.view_count as view_co11_0_ from board board0_ where board0_.title like ? escape ? order by board0_.board_id desc limit ?
Hibernate: select board0_.board_id as board_id1_0_, board0_.created_at as created_2_0_, board0_.last_modified_at as last_mod3_0_, board0_.answer_count as answer_c4_0_, board0_.board_status as board_st5_0_, board0_.board_type as board_ty6_0_, board0_.body as body7_0_, board0_.bookmark_count as bookmark8_0_, board0_.member_id as member_12_0_, board0_.question_id as questio13_0_, board0_.score as score9_0_, board0_.title as title10_0_, board0_.view_count as view_co11_0_ from board board0_ where board0_.title like ? escape ? order by board0_.board_id desc limit ?
2022-12-29 23:01:05.037  INFO 15296 --- [    Test worker] o.s.t.c.transaction.TransactionContext   : Rolled back transaction for test: [DefaultTestContext@edf4973 testClass = BoardRepositoryTest, testInstance = com.seb41_pre_014.board.repository.BoardRepositoryTest@704ddfad, testMethod = findAllByTitleContaining@BoardRepositoryTest, testException = [null], mergedContextConfiguration = [MergedContextConfiguration@6e68ccc9 testClass = BoardRepositoryTest, locations = '{}', classes = '{class com.seb41_pre_014.Seb41Pre014Application}', contextInitializerClasses = '[]', activeProfiles = '{}', propertySourceLocations = '{}', propertySourceProperties = '{org.springframework.boot.test.autoconfigure.orm.jpa.DataJpaTestContextBootstrapper=true}', contextCustomizers = set[org.springframework.boot.test.autoconfigure.OverrideAutoConfigurationContextCustomizerFactory$DisableAutoConfigurationContextCustomizer@2941631f, org.springframework.boot.test.autoconfigure.actuate.metrics.MetricsExportContextCustomizerFactory$DisableMetricExportContextCustomizer@3fc9dfc5, org.springframework.boot.test.autoconfigure.filter.TypeExcludeFiltersContextCustomizer@351584c0, org.springframework.boot.test.autoconfigure.properties.PropertyMappingContextCustomizer@387c74df, org.springframework.boot.test.autoconfigure.web.servlet.WebDriverContextCustomizerFactory$Customizer@3383649e, [ImportsContextCustomizer@1784fcab key = [org.springframework.boot.autoconfigure.cache.CacheAutoConfiguration, org.springframework.boot.autoconfigure.data.jpa.JpaRepositoriesAutoConfiguration, org.springframework.boot.autoconfigure.flyway.FlywayAutoConfiguration, org.springframework.boot.autoconfigure.jdbc.DataSourceAutoConfiguration, org.springframework.boot.autoconfigure.jdbc.DataSourceTransactionManagerAutoConfiguration, org.springframework.boot.autoconfigure.jdbc.JdbcTemplateAutoConfiguration, org.springframework.boot.autoconfigure.liquibase.LiquibaseAutoConfiguration, org.springframework.boot.autoconfigure.orm.jpa.HibernateJpaAutoConfiguration, org.springframework.boot.autoconfigure.sql.init.SqlInitializationAutoConfiguration, org.springframework.boot.autoconfigure.transaction.TransactionAutoConfiguration, org.springframework.boot.test.autoconfigure.jdbc.TestDatabaseAutoConfiguration, org.springframework.boot.test.autoconfigure.orm.jpa.TestEntityManagerAutoConfiguration]], org.springframework.boot.test.context.filter.ExcludeFilterContextCustomizer@1ce61929, org.springframework.boot.test.json.DuplicateJsonObjectContextCustomizerFactory$DuplicateJsonObjectContextCustomizer@9bd0fa6, org.springframework.boot.test.mock.mockito.MockitoContextCustomizer@0, org.springframework.boot.test.context.SpringBootTestArgs@1, org.springframework.boot.test.context.SpringBootTestWebEnvironment@0], contextLoader = 'org.springframework.boot.test.context.SpringBootContextLoader', parent = [null]], attributes = map['org.springframework.test.context.event.ApplicationEventsTestExecutionListener.recordApplicationEvents' -> false]]
2022-12-29 23:01:05.041  INFO 15296 --- [    Test worker] o.s.t.c.transaction.TransactionContext   : Began transaction (1) for test context [DefaultTestContext@edf4973 testClass = BoardRepositoryTest, testInstance = com.seb41_pre_014.board.repository.BoardRepositoryTest@3e8c9981, testMethod = findAnswersByMember@BoardRepositoryTest, testException = [null], mergedContextConfiguration = [MergedContextConfiguration@6e68ccc9 testClass = BoardRepositoryTest, locations = '{}', classes = '{class com.seb41_pre_014.Seb41Pre014Application}', contextInitializerClasses = '[]', activeProfiles = '{}', propertySourceLocations = '{}', propertySourceProperties = '{org.springframework.boot.test.autoconfigure.orm.jpa.DataJpaTestContextBootstrapper=true}', contextCustomizers = set[org.springframework.boot.test.autoconfigure.OverrideAutoConfigurationContextCustomizerFactory$DisableAutoConfigurationContextCustomizer@2941631f, org.springframework.boot.test.autoconfigure.actuate.metrics.MetricsExportContextCustomizerFactory$DisableMetricExportContextCustomizer@3fc9dfc5, org.springframework.boot.test.autoconfigure.filter.TypeExcludeFiltersContextCustomizer@351584c0, org.springframework.boot.test.autoconfigure.properties.PropertyMappingContextCustomizer@387c74df, org.springframework.boot.test.autoconfigure.web.servlet.WebDriverContextCustomizerFactory$Customizer@3383649e, [ImportsContextCustomizer@1784fcab key = [org.springframework.boot.autoconfigure.cache.CacheAutoConfiguration, org.springframework.boot.autoconfigure.data.jpa.JpaRepositoriesAutoConfiguration, org.springframework.boot.autoconfigure.flyway.FlywayAutoConfiguration, org.springframework.boot.autoconfigure.jdbc.DataSourceAutoConfiguration, org.springframework.boot.autoconfigure.jdbc.DataSourceTransactionManagerAutoConfiguration, org.springframework.boot.autoconfigure.jdbc.JdbcTemplateAutoConfiguration, org.springframework.boot.autoconfigure.liquibase.LiquibaseAutoConfiguration, org.springframework.boot.autoconfigure.orm.jpa.HibernateJpaAutoConfiguration, org.springframework.boot.autoconfigure.sql.init.SqlInitializationAutoConfiguration, org.springframework.boot.autoconfigure.transaction.TransactionAutoConfiguration, org.springframework.boot.test.autoconfigure.jdbc.TestDatabaseAutoConfiguration, org.springframework.boot.test.autoconfigure.orm.jpa.TestEntityManagerAutoConfiguration]], org.springframework.boot.test.context.filter.ExcludeFilterContextCustomizer@1ce61929, org.springframework.boot.test.json.DuplicateJsonObjectContextCustomizerFactory$DuplicateJsonObjectContextCustomizer@9bd0fa6, org.springframework.boot.test.mock.mockito.MockitoContextCustomizer@0, org.springframework.boot.test.context.SpringBootTestArgs@1, org.springframework.boot.test.context.SpringBootTestWebEnvironment@0], contextLoader = 'org.springframework.boot.test.context.SpringBootContextLoader', parent = [null]], attributes = map['org.springframework.test.context.event.ApplicationEventsTestExecutionListener.recordApplicationEvents' -> false]]; transaction manager [org.springframework.orm.jpa.JpaTransactionManager@7343d843]; rollback [true]
Hibernate: insert into member (member_id, created_at, last_modified_at, about_me, answers, display_name, email, full_name, github_link, location, member_status, password, profile_image_url, questions, reputation, title, twitter_link, website_link) values (default, ?, ?, ?, ?, ?, ?, ?, ?, ?, ?, ?, ?, ?, ?, ?, ?, ?)
Hibernate: insert into member (member_id, created_at, last_modified_at, about_me, answers, display_name, email, full_name, github_link, location, member_status, password, profile_image_url, questions, reputation, title, twitter_link, website_link) values (default, ?, ?, ?, ?, ?, ?, ?, ?, ?, ?, ?, ?, ?, ?, ?, ?, ?)
Hibernate: insert into board (board_id, created_at, last_modified_at, answer_count, board_status, board_type, body, bookmark_count, member_id, question_id, score, title, view_count) values (default, ?, ?, ?, ?, ?, ?, ?, ?, ?, ?, ?, ?)
Hibernate: insert into board (board_id, created_at, last_modified_at, answer_count, board_status, board_type, body, bookmark_count, member_id, question_id, score, title, view_count) values (default, ?, ?, ?, ?, ?, ?, ?, ?, ?, ?, ?, ?)
Hibernate: select board0_.board_id as board_id1_0_, board0_.created_at as created_2_0_, board0_.last_modified_at as last_mod3_0_, board0_.answer_count as answer_c4_0_, board0_.board_status as board_st5_0_, board0_.board_type as board_ty6_0_, board0_.body as body7_0_, board0_.bookmark_count as bookmark8_0_, board0_.member_id as member_12_0_, board0_.question_id as questio13_0_, board0_.score as score9_0_, board0_.title as title10_0_, board0_.view_count as view_co11_0_ from board board0_ left outer join member member1_ on board0_.member_id=member1_.member_id where member1_.member_id=? and board0_.board_type=? order by board0_.board_id desc limit ?
2022-12-29 23:01:05.059  INFO 15296 --- [    Test worker] o.s.t.c.transaction.TransactionContext   : Rolled back transaction for test: [DefaultTestContext@edf4973 testClass = BoardRepositoryTest, testInstance = com.seb41_pre_014.board.repository.BoardRepositoryTest@3e8c9981, testMethod = findAnswersByMember@BoardRepositoryTest, testException = [null], mergedContextConfiguration = [MergedContextConfiguration@6e68ccc9 testClass = BoardRepositoryTest, locations = '{}', classes = '{class com.seb41_pre_014.Seb41Pre014Application}', contextInitializerClasses = '[]', activeProfiles = '{}', propertySourceLocations = '{}', propertySourceProperties = '{org.springframework.boot.test.autoconfigure.orm.jpa.DataJpaTestContextBootstrapper=true}', contextCustomizers = set[org.springframework.boot.test.autoconfigure.OverrideAutoConfigurationContextCustomizerFactory$DisableAutoConfigurationContextCustomizer@2941631f, org.springframework.boot.test.autoconfigure.actuate.metrics.MetricsExportContextCustomizerFactory$DisableMetricExportContextCustomizer@3fc9dfc5, org.springframework.boot.test.autoconfigure.filter.TypeExcludeFiltersContextCustomizer@351584c0, org.springframework.boot.test.autoconfigure.properties.PropertyMappingContextCustomizer@387c74df, org.springframework.boot.test.autoconfigure.web.servlet.WebDriverContextCustomizerFactory$Customizer@3383649e, [ImportsContextCustomizer@1784fcab key = [org.springframework.boot.autoconfigure.cache.CacheAutoConfiguration, org.springframework.boot.autoconfigure.data.jpa.JpaRepositoriesAutoConfiguration, org.springframework.boot.autoconfigure.flyway.FlywayAutoConfiguration, org.springframework.boot.autoconfigure.jdbc.DataSourceAutoConfiguration, org.springframework.boot.autoconfigure.jdbc.DataSourceTransactionManagerAutoConfiguration, org.springframework.boot.autoconfigure.jdbc.JdbcTemplateAutoConfiguration, org.springframework.boot.autoconfigure.liquibase.LiquibaseAutoConfiguration, org.springframework.boot.autoconfigure.orm.jpa.HibernateJpaAutoConfiguration, org.springframework.boot.autoconfigure.sql.init.SqlInitializationAutoConfiguration, org.springframework.boot.autoconfigure.transaction.TransactionAutoConfiguration, org.springframework.boot.test.autoconfigure.jdbc.TestDatabaseAutoConfiguration, org.springframework.boot.test.autoconfigure.orm.jpa.TestEntityManagerAutoConfiguration]], org.springframework.boot.test.context.filter.ExcludeFilterContextCustomizer@1ce61929, org.springframework.boot.test.json.DuplicateJsonObjectContextCustomizerFactory$DuplicateJsonObjectContextCustomizer@9bd0fa6, org.springframework.boot.test.mock.mockito.MockitoContextCustomizer@0, org.springframework.boot.test.context.SpringBootTestArgs@1, org.springframework.boot.test.context.SpringBootTestWebEnvironment@0], contextLoader = 'org.springframework.boot.test.context.SpringBootContextLoader', parent = [null]], attributes = map['org.springframework.test.context.event.ApplicationEventsTestExecutionListener.recordApplicationEvents' -> false]]
2022-12-29 23:01:05.062  INFO 15296 --- [    Test worker] o.s.t.c.transaction.TransactionContext   : Began transaction (1) for test context [DefaultTestContext@edf4973 testClass = BoardRepositoryTest, testInstance = com.seb41_pre_014.board.repository.BoardRepositoryTest@20bc3e7f, testMethod = findQuestionsByMember@BoardRepositoryTest, testException = [null], mergedContextConfiguration = [MergedContextConfiguration@6e68ccc9 testClass = BoardRepositoryTest, locations = '{}', classes = '{class com.seb41_pre_014.Seb41Pre014Application}', contextInitializerClasses = '[]', activeProfiles = '{}', propertySourceLocations = '{}', propertySourceProperties = '{org.springframework.boot.test.autoconfigure.orm.jpa.DataJpaTestContextBootstrapper=true}', contextCustomizers = set[org.springframework.boot.test.autoconfigure.OverrideAutoConfigurationContextCustomizerFactory$DisableAutoConfigurationContextCustomizer@2941631f, org.springframework.boot.test.autoconfigure.actuate.metrics.MetricsExportContextCustomizerFactory$DisableMetricExportContextCustomizer@3fc9dfc5, org.springframework.boot.test.autoconfigure.filter.TypeExcludeFiltersContextCustomizer@351584c0, org.springframework.boot.test.autoconfigure.properties.PropertyMappingContextCustomizer@387c74df, org.springframework.boot.test.autoconfigure.web.servlet.WebDriverContextCustomizerFactory$Customizer@3383649e, [ImportsContextCustomizer@1784fcab key = [org.springframework.boot.autoconfigure.cache.CacheAutoConfiguration, org.springframework.boot.autoconfigure.data.jpa.JpaRepositoriesAutoConfiguration, org.springframework.boot.autoconfigure.flyway.FlywayAutoConfiguration, org.springframework.boot.autoconfigure.jdbc.DataSourceAutoConfiguration, org.springframework.boot.autoconfigure.jdbc.DataSourceTransactionManagerAutoConfiguration, org.springframework.boot.autoconfigure.jdbc.JdbcTemplateAutoConfiguration, org.springframework.boot.autoconfigure.liquibase.LiquibaseAutoConfiguration, org.springframework.boot.autoconfigure.orm.jpa.HibernateJpaAutoConfiguration, org.springframework.boot.autoconfigure.sql.init.SqlInitializationAutoConfiguration, org.springframework.boot.autoconfigure.transaction.TransactionAutoConfiguration, org.springframework.boot.test.autoconfigure.jdbc.TestDatabaseAutoConfiguration, org.springframework.boot.test.autoconfigure.orm.jpa.TestEntityManagerAutoConfiguration]], org.springframework.boot.test.context.filter.ExcludeFilterContextCustomizer@1ce61929, org.springframework.boot.test.json.DuplicateJsonObjectContextCustomizerFactory$DuplicateJsonObjectContextCustomizer@9bd0fa6, org.springframework.boot.test.mock.mockito.MockitoContextCustomizer@0, org.springframework.boot.test.context.SpringBootTestArgs@1, org.springframework.boot.test.context.SpringBootTestWebEnvironment@0], contextLoader = 'org.springframework.boot.test.context.SpringBootContextLoader', parent = [null]], attributes = map['org.springframework.test.context.event.ApplicationEventsTestExecutionListener.recordApplicationEvents' -> false]]; transaction manager [org.springframework.orm.jpa.JpaTransactionManager@7343d843]; rollback [true]
Hibernate: insert into member (member_id, created_at, last_modified_at, about_me, answers, display_name, email, full_name, github_link, location, member_status, password, profile_image_url, questions, reputation, title, twitter_link, website_link) values (default, ?, ?, ?, ?, ?, ?, ?, ?, ?, ?, ?, ?, ?, ?, ?, ?, ?)
Hibernate: insert into member (member_id, created_at, last_modified_at, about_me, answers, display_name, email, full_name, github_link, location, member_status, password, profile_image_url, questions, reputation, title, twitter_link, website_link) values (default, ?, ?, ?, ?, ?, ?, ?, ?, ?, ?, ?, ?, ?, ?, ?, ?, ?)
Hibernate: insert into board (board_id, created_at, last_modified_at, answer_count, board_status, board_type, body, bookmark_count, member_id, question_id, score, title, view_count) values (default, ?, ?, ?, ?, ?, ?, ?, ?, ?, ?, ?, ?)
Hibernate: insert into board (board_id, created_at, last_modified_at, answer_count, board_status, board_type, body, bookmark_count, member_id, question_id, score, title, view_count) values (default, ?, ?, ?, ?, ?, ?, ?, ?, ?, ?, ?, ?)
Hibernate: select board0_.board_id as board_id1_0_, board0_.created_at as created_2_0_, board0_.last_modified_at as last_mod3_0_, board0_.answer_count as answer_c4_0_, board0_.board_status as board_st5_0_, board0_.board_type as board_ty6_0_, board0_.body as body7_0_, board0_.bookmark_count as bookmark8_0_, board0_.member_id as member_12_0_, board0_.question_id as questio13_0_, board0_.score as score9_0_, board0_.title as title10_0_, board0_.view_count as view_co11_0_ from board board0_ left outer join member member1_ on board0_.member_id=member1_.member_id where member1_.member_id=? and board0_.board_type=? order by board0_.board_id desc limit ?
2022-12-29 23:01:05.075  INFO 15296 --- [    Test worker] o.s.t.c.transaction.TransactionContext   : Rolled back transaction for test: [DefaultTestContext@edf4973 testClass = BoardRepositoryTest, testInstance = com.seb41_pre_014.board.repository.BoardRepositoryTest@20bc3e7f, testMethod = findQuestionsByMember@BoardRepositoryTest, testException = [null], mergedContextConfiguration = [MergedContextConfiguration@6e68ccc9 testClass = BoardRepositoryTest, locations = '{}', classes = '{class com.seb41_pre_014.Seb41Pre014Application}', contextInitializerClasses = '[]', activeProfiles = '{}', propertySourceLocations = '{}', propertySourceProperties = '{org.springframework.boot.test.autoconfigure.orm.jpa.DataJpaTestContextBootstrapper=true}', contextCustomizers = set[org.springframework.boot.test.autoconfigure.OverrideAutoConfigurationContextCustomizerFactory$DisableAutoConfigurationContextCustomizer@2941631f, org.springframework.boot.test.autoconfigure.actuate.metrics.MetricsExportContextCustomizerFactory$DisableMetricExportContextCustomizer@3fc9dfc5, org.springframework.boot.test.autoconfigure.filter.TypeExcludeFiltersContextCustomizer@351584c0, org.springframework.boot.test.autoconfigure.properties.PropertyMappingContextCustomizer@387c74df, org.springframework.boot.test.autoconfigure.web.servlet.WebDriverContextCustomizerFactory$Customizer@3383649e, [ImportsContextCustomizer@1784fcab key = [org.springframework.boot.autoconfigure.cache.CacheAutoConfiguration, org.springframework.boot.autoconfigure.data.jpa.JpaRepositoriesAutoConfiguration, org.springframework.boot.autoconfigure.flyway.FlywayAutoConfiguration, org.springframework.boot.autoconfigure.jdbc.DataSourceAutoConfiguration, org.springframework.boot.autoconfigure.jdbc.DataSourceTransactionManagerAutoConfiguration, org.springframework.boot.autoconfigure.jdbc.JdbcTemplateAutoConfiguration, org.springframework.boot.autoconfigure.liquibase.LiquibaseAutoConfiguration, org.springframework.boot.autoconfigure.orm.jpa.HibernateJpaAutoConfiguration, org.springframework.boot.autoconfigure.sql.init.SqlInitializationAutoConfiguration, org.springframework.boot.autoconfigure.transaction.TransactionAutoConfiguration, org.springframework.boot.test.autoconfigure.jdbc.TestDatabaseAutoConfiguration, org.springframework.boot.test.autoconfigure.orm.jpa.TestEntityManagerAutoConfiguration]], org.springframework.boot.test.context.filter.ExcludeFilterContextCustomizer@1ce61929, org.springframework.boot.test.json.DuplicateJsonObjectContextCustomizerFactory$DuplicateJsonObjectContextCustomizer@9bd0fa6, org.springframework.boot.test.mock.mockito.MockitoContextCustomizer@0, org.springframework.boot.test.context.SpringBootTestArgs@1, org.springframework.boot.test.context.SpringBootTestWebEnvironment@0], contextLoader = 'org.springframework.boot.test.context.SpringBootContextLoader', parent = [null]], attributes = map['org.springframework.test.context.event.ApplicationEventsTestExecutionListener.recordApplicationEvents' -> false]]
2022-12-29 23:01:05.078  INFO 15296 --- [    Test worker] o.s.t.c.transaction.TransactionContext   : Began transaction (1) for test context [DefaultTestContext@edf4973 testClass = BoardRepositoryTest, testInstance = com.seb41_pre_014.board.repository.BoardRepositoryTest@77732366, testMethod = postBoard@BoardRepositoryTest, testException = [null], mergedContextConfiguration = [MergedContextConfiguration@6e68ccc9 testClass = BoardRepositoryTest, locations = '{}', classes = '{class com.seb41_pre_014.Seb41Pre014Application}', contextInitializerClasses = '[]', activeProfiles = '{}', propertySourceLocations = '{}', propertySourceProperties = '{org.springframework.boot.test.autoconfigure.orm.jpa.DataJpaTestContextBootstrapper=true}', contextCustomizers = set[org.springframework.boot.test.autoconfigure.OverrideAutoConfigurationContextCustomizerFactory$DisableAutoConfigurationContextCustomizer@2941631f, org.springframework.boot.test.autoconfigure.actuate.metrics.MetricsExportContextCustomizerFactory$DisableMetricExportContextCustomizer@3fc9dfc5, org.springframework.boot.test.autoconfigure.filter.TypeExcludeFiltersContextCustomizer@351584c0, org.springframework.boot.test.autoconfigure.properties.PropertyMappingContextCustomizer@387c74df, org.springframework.boot.test.autoconfigure.web.servlet.WebDriverContextCustomizerFactory$Customizer@3383649e, [ImportsContextCustomizer@1784fcab key = [org.springframework.boot.autoconfigure.cache.CacheAutoConfiguration, org.springframework.boot.autoconfigure.data.jpa.JpaRepositoriesAutoConfiguration, org.springframework.boot.autoconfigure.flyway.FlywayAutoConfiguration, org.springframework.boot.autoconfigure.jdbc.DataSourceAutoConfiguration, org.springframework.boot.autoconfigure.jdbc.DataSourceTransactionManagerAutoConfiguration, org.springframework.boot.autoconfigure.jdbc.JdbcTemplateAutoConfiguration, org.springframework.boot.autoconfigure.liquibase.LiquibaseAutoConfiguration, org.springframework.boot.autoconfigure.orm.jpa.HibernateJpaAutoConfiguration, org.springframework.boot.autoconfigure.sql.init.SqlInitializationAutoConfiguration, org.springframework.boot.autoconfigure.transaction.TransactionAutoConfiguration, org.springframework.boot.test.autoconfigure.jdbc.TestDatabaseAutoConfiguration, org.springframework.boot.test.autoconfigure.orm.jpa.TestEntityManagerAutoConfiguration]], org.springframework.boot.test.context.filter.ExcludeFilterContextCustomizer@1ce61929, org.springframework.boot.test.json.DuplicateJsonObjectContextCustomizerFactory$DuplicateJsonObjectContextCustomizer@9bd0fa6, org.springframework.boot.test.mock.mockito.MockitoContextCustomizer@0, org.springframework.boot.test.context.SpringBootTestArgs@1, org.springframework.boot.test.context.SpringBootTestWebEnvironment@0], contextLoader = 'org.springframework.boot.test.context.SpringBootContextLoader', parent = [null]], attributes = map['org.springframework.test.context.event.ApplicationEventsTestExecutionListener.recordApplicationEvents' -> false]]; transaction manager [org.springframework.orm.jpa.JpaTransactionManager@7343d843]; rollback [true]
Hibernate: insert into board (board_id, created_at, last_modified_at, answer_count, board_status, board_type, body, bookmark_count, member_id, question_id, score, title, view_count) values (default, ?, ?, ?, ?, ?, ?, ?, ?, ?, ?, ?, ?)
2022-12-29 23:01:05.084  INFO 15296 --- [    Test worker] o.s.t.c.transaction.TransactionContext   : Rolled back transaction for test: [DefaultTestContext@edf4973 testClass = BoardRepositoryTest, testInstance = com.seb41_pre_014.board.repository.BoardRepositoryTest@77732366, testMethod = postBoard@BoardRepositoryTest, testException = [null], mergedContextConfiguration = [MergedContextConfiguration@6e68ccc9 testClass = BoardRepositoryTest, locations = '{}', classes = '{class com.seb41_pre_014.Seb41Pre014Application}', contextInitializerClasses = '[]', activeProfiles = '{}', propertySourceLocations = '{}', propertySourceProperties = '{org.springframework.boot.test.autoconfigure.orm.jpa.DataJpaTestContextBootstrapper=true}', contextCustomizers = set[org.springframework.boot.test.autoconfigure.OverrideAutoConfigurationContextCustomizerFactory$DisableAutoConfigurationContextCustomizer@2941631f, org.springframework.boot.test.autoconfigure.actuate.metrics.MetricsExportContextCustomizerFactory$DisableMetricExportContextCustomizer@3fc9dfc5, org.springframework.boot.test.autoconfigure.filter.TypeExcludeFiltersContextCustomizer@351584c0, org.springframework.boot.test.autoconfigure.properties.PropertyMappingContextCustomizer@387c74df, org.springframework.boot.test.autoconfigure.web.servlet.WebDriverContextCustomizerFactory$Customizer@3383649e, [ImportsContextCustomizer@1784fcab key = [org.springframework.boot.autoconfigure.cache.CacheAutoConfiguration, org.springframework.boot.autoconfigure.data.jpa.JpaRepositoriesAutoConfiguration, org.springframework.boot.autoconfigure.flyway.FlywayAutoConfiguration, org.springframework.boot.autoconfigure.jdbc.DataSourceAutoConfiguration, org.springframework.boot.autoconfigure.jdbc.DataSourceTransactionManagerAutoConfiguration, org.springframework.boot.autoconfigure.jdbc.JdbcTemplateAutoConfiguration, org.springframework.boot.autoconfigure.liquibase.LiquibaseAutoConfiguration, org.springframework.boot.autoconfigure.orm.jpa.HibernateJpaAutoConfiguration, org.springframework.boot.autoconfigure.sql.init.SqlInitializationAutoConfiguration, org.springframework.boot.autoconfigure.transaction.TransactionAutoConfiguration, org.springframework.boot.test.autoconfigure.jdbc.TestDatabaseAutoConfiguration, org.springframework.boot.test.autoconfigure.orm.jpa.TestEntityManagerAutoConfiguration]], org.springframework.boot.test.context.filter.ExcludeFilterContextCustomizer@1ce61929, org.springframework.boot.test.json.DuplicateJsonObjectContextCustomizerFactory$DuplicateJsonObjectContextCustomizer@9bd0fa6, org.springframework.boot.test.mock.mockito.MockitoContextCustomizer@0, org.springframework.boot.test.context.SpringBootTestArgs@1, org.springframework.boot.test.context.SpringBootTestWebEnvironment@0], contextLoader = 'org.springframework.boot.test.context.SpringBootContextLoader', parent = [null]], attributes = map['org.springframework.test.context.event.ApplicationEventsTestExecutionListener.recordApplicationEvents' -> false]]
]]></system-out>
  <system-err><![CDATA[]]></system-err>
</testsuite>
