<?xml version="1.0" encoding="UTF-8"?>
<testsuite name="com.seb41_pre_014.Seb41Pre014ApplicationTests" tests="1" skipped="0" failures="0" errors="0" timestamp="2022-12-23T03:09:20" hostname="gimchanbin-ui-MacBookPro.local" time="0.085">
  <properties/>
  <testcase name="contextLoads()" classname="com.seb41_pre_014.Seb41Pre014ApplicationTests" time="0.085"/>
  <system-out><![CDATA[12:09:16.449 [Test worker] DEBUG org.springframework.test.context.BootstrapUtils - Instantiating CacheAwareContextLoaderDelegate from class [org.springframework.test.context.cache.DefaultCacheAwareContextLoaderDelegate]
12:09:16.459 [Test worker] DEBUG org.springframework.test.context.BootstrapUtils - Instantiating BootstrapContext using constructor [public org.springframework.test.context.support.DefaultBootstrapContext(java.lang.Class,org.springframework.test.context.CacheAwareContextLoaderDelegate)]
12:09:16.492 [Test worker] DEBUG org.springframework.test.context.BootstrapUtils - Instantiating TestContextBootstrapper for test class [com.seb41_pre_014.Seb41Pre014ApplicationTests] from class [org.springframework.boot.test.context.SpringBootTestContextBootstrapper]
12:09:16.503 [Test worker] INFO org.springframework.boot.test.context.SpringBootTestContextBootstrapper - Neither @ContextConfiguration nor @ContextHierarchy found for test class [com.seb41_pre_014.Seb41Pre014ApplicationTests], using SpringBootContextLoader
12:09:16.506 [Test worker] DEBUG org.springframework.test.context.support.AbstractContextLoader - Did not detect default resource location for test class [com.seb41_pre_014.Seb41Pre014ApplicationTests]: class path resource [com/seb41_pre_014/Seb41Pre014ApplicationTests-context.xml] does not exist
12:09:16.506 [Test worker] DEBUG org.springframework.test.context.support.AbstractContextLoader - Did not detect default resource location for test class [com.seb41_pre_014.Seb41Pre014ApplicationTests]: class path resource [com/seb41_pre_014/Seb41Pre014ApplicationTestsContext.groovy] does not exist
12:09:16.507 [Test worker] INFO org.springframework.test.context.support.AbstractContextLoader - Could not detect default resource locations for test class [com.seb41_pre_014.Seb41Pre014ApplicationTests]: no resource found for suffixes {-context.xml, Context.groovy}.
12:09:16.507 [Test worker] INFO org.springframework.test.context.support.AnnotationConfigContextLoaderUtils - Could not detect default configuration classes for test class [com.seb41_pre_014.Seb41Pre014ApplicationTests]: Seb41Pre014ApplicationTests does not declare any static, non-private, non-final, nested classes annotated with @Configuration.
12:09:16.548 [Test worker] DEBUG org.springframework.test.context.support.ActiveProfilesUtils - Could not find an 'annotation declaring class' for annotation type [org.springframework.test.context.ActiveProfiles] and class [com.seb41_pre_014.Seb41Pre014ApplicationTests]
12:09:16.594 [Test worker] DEBUG org.springframework.context.annotation.ClassPathScanningCandidateComponentProvider - Identified candidate component class: file [/Users/happy_bin/projects/pre-project/seb41_pre_014/backend/build/classes/java/main/com/seb41_pre_014/Seb41Pre014Application.class]
12:09:16.595 [Test worker] INFO org.springframework.boot.test.context.SpringBootTestContextBootstrapper - Found @SpringBootConfiguration com.seb41_pre_014.Seb41Pre014Application for test class com.seb41_pre_014.Seb41Pre014ApplicationTests
12:09:16.700 [Test worker] DEBUG org.springframework.boot.test.context.SpringBootTestContextBootstrapper - @TestExecutionListeners is not present for class [com.seb41_pre_014.Seb41Pre014ApplicationTests]: using defaults.
12:09:16.700 [Test worker] INFO org.springframework.boot.test.context.SpringBootTestContextBootstrapper - Loaded default TestExecutionListener class names from location [META-INF/spring.factories]: [org.springframework.boot.test.autoconfigure.restdocs.RestDocsTestExecutionListener, org.springframework.boot.test.autoconfigure.web.client.MockRestServiceServerResetTestExecutionListener, org.springframework.boot.test.autoconfigure.web.servlet.MockMvcPrintOnlyOnFailureTestExecutionListener, org.springframework.boot.test.autoconfigure.web.servlet.WebDriverTestExecutionListener, org.springframework.boot.test.autoconfigure.webservices.client.MockWebServiceServerTestExecutionListener, org.springframework.boot.test.mock.mockito.MockitoTestExecutionListener, org.springframework.boot.test.mock.mockito.ResetMocksTestExecutionListener, org.springframework.test.context.web.ServletTestExecutionListener, org.springframework.test.context.support.DirtiesContextBeforeModesTestExecutionListener, org.springframework.test.context.event.ApplicationEventsTestExecutionListener, org.springframework.test.context.support.DependencyInjectionTestExecutionListener, org.springframework.test.context.support.DirtiesContextTestExecutionListener, org.springframework.test.context.transaction.TransactionalTestExecutionListener, org.springframework.test.context.jdbc.SqlScriptsTestExecutionListener, org.springframework.test.context.event.EventPublishingTestExecutionListener]
12:09:16.717 [Test worker] INFO org.springframework.boot.test.context.SpringBootTestContextBootstrapper - Using TestExecutionListeners: [org.springframework.test.context.web.ServletTestExecutionListener@7692cd34, org.springframework.test.context.support.DirtiesContextBeforeModesTestExecutionListener@33aa93c, org.springframework.test.context.event.ApplicationEventsTestExecutionListener@32c0915e, org.springframework.boot.test.mock.mockito.MockitoTestExecutionListener@106faf11, org.springframework.boot.test.autoconfigure.SpringBootDependencyInjectionTestExecutionListener@70f43b45, org.springframework.test.context.support.DirtiesContextTestExecutionListener@26d10f2e, org.springframework.test.context.transaction.TransactionalTestExecutionListener@10ad20cb, org.springframework.test.context.jdbc.SqlScriptsTestExecutionListener@7dd712e8, org.springframework.test.context.event.EventPublishingTestExecutionListener@2c282004, org.springframework.boot.test.autoconfigure.restdocs.RestDocsTestExecutionListener@22ee2d0, org.springframework.boot.test.autoconfigure.web.client.MockRestServiceServerResetTestExecutionListener@7bfc3126, org.springframework.boot.test.autoconfigure.web.servlet.MockMvcPrintOnlyOnFailureTestExecutionListener@3e792ce3, org.springframework.boot.test.autoconfigure.web.servlet.WebDriverTestExecutionListener@53bc1328, org.springframework.boot.test.autoconfigure.webservices.client.MockWebServiceServerTestExecutionListener@26f143ed, org.springframework.boot.test.mock.mockito.ResetMocksTestExecutionListener@3c1e3314]
12:09:16.720 [Test worker] DEBUG org.springframework.test.context.support.AbstractDirtiesContextTestExecutionListener - Before test class: context [DefaultTestContext@f325091 testClass = Seb41Pre014ApplicationTests, testInstance = [null], testMethod = [null], testException = [null], mergedContextConfiguration = [WebMergedContextConfiguration@437e951d testClass = Seb41Pre014ApplicationTests, locations = '{}', classes = '{class com.seb41_pre_014.Seb41Pre014Application}', contextInitializerClasses = '[]', activeProfiles = '{}', propertySourceLocations = '{}', propertySourceProperties = '{org.springframework.boot.test.context.SpringBootTestContextBootstrapper=true}', contextCustomizers = set[org.springframework.boot.test.autoconfigure.actuate.metrics.MetricsExportContextCustomizerFactory$DisableMetricExportContextCustomizer@12bfd80d, org.springframework.boot.test.autoconfigure.properties.PropertyMappingContextCustomizer@0, org.springframework.boot.test.autoconfigure.web.servlet.WebDriverContextCustomizerFactory$Customizer@11eadcba, org.springframework.boot.test.context.filter.ExcludeFilterContextCustomizer@45cff11c, org.springframework.boot.test.json.DuplicateJsonObjectContextCustomizerFactory$DuplicateJsonObjectContextCustomizer@654d8173, org.springframework.boot.test.mock.mockito.MockitoContextCustomizer@0, org.springframework.boot.test.web.client.TestRestTemplateContextCustomizer@150ab4ed, org.springframework.boot.test.context.SpringBootTestArgs@1, org.springframework.boot.test.context.SpringBootTestWebEnvironment@22f59fa], resourceBasePath = 'src/main/webapp', contextLoader = 'org.springframework.boot.test.context.SpringBootContextLoader', parent = [null]], attributes = map['org.springframework.test.context.web.ServletTestExecutionListener.activateListener' -> true]], class annotated with @DirtiesContext [false] with mode [null].

  .   ____          _            __ _ _
 /\\ / ___'_ __ _ _(_)_ __  __ _ \ \ \ \
( ( )\___ | '_ | '_| | '_ \/ _` | \ \ \ \
 \\/  ___)| |_)| | | | | || (_| |  ) ) ) )
  '  |____| .__|_| |_|_| |_\__, | / / / /
 =========|_|==============|___/=/_/_/_/
 :: Spring Boot ::                (v2.7.6)

2022-12-23 12:09:17.053  INFO 73088 --- [    Test worker] c.s.Seb41Pre014ApplicationTests          : Starting Seb41Pre014ApplicationTests using Java 11.0.16 on gimchanbin-ui-MacBookPro.local with PID 73088 (started by happy_bin in /Users/happy_bin/projects/pre-project/seb41_pre_014/backend)
2022-12-23 12:09:17.054  INFO 73088 --- [    Test worker] c.s.Seb41Pre014ApplicationTests          : No active profile set, falling back to 1 default profile: "default"
2022-12-23 12:09:17.674  INFO 73088 --- [    Test worker] .s.d.r.c.RepositoryConfigurationDelegate : Bootstrapping Spring Data JPA repositories in DEFAULT mode.
2022-12-23 12:09:17.688  INFO 73088 --- [    Test worker] .s.d.r.c.RepositoryConfigurationDelegate : Finished Spring Data repository scanning in 7 ms. Found 0 JPA repository interfaces.
2022-12-23 12:09:17.895  INFO 73088 --- [    Test worker] ptablePropertiesBeanFactoryPostProcessor : Post-processing PropertySource instances
2022-12-23 12:09:17.896  INFO 73088 --- [    Test worker] c.u.j.EncryptablePropertySourceConverter : Skipping PropertySource configurationProperties [class org.springframework.boot.context.properties.source.ConfigurationPropertySourcesPropertySource
2022-12-23 12:09:17.898  INFO 73088 --- [    Test worker] c.u.j.EncryptablePropertySourceConverter : Converting PropertySource test [org.springframework.core.env.MapPropertySource] to EncryptableMapPropertySourceWrapper
2022-12-23 12:09:17.898  INFO 73088 --- [    Test worker] c.u.j.EncryptablePropertySourceConverter : Converting PropertySource Inlined Test Properties [org.springframework.core.env.MapPropertySource] to EncryptableMapPropertySourceWrapper
2022-12-23 12:09:17.898  INFO 73088 --- [    Test worker] c.u.j.EncryptablePropertySourceConverter : Skipping PropertySource servletConfigInitParams [class org.springframework.core.env.PropertySource$StubPropertySource
2022-12-23 12:09:17.898  INFO 73088 --- [    Test worker] c.u.j.EncryptablePropertySourceConverter : Converting PropertySource servletContextInitParams [org.springframework.web.context.support.ServletContextPropertySource] to EncryptableEnumerablePropertySourceWrapper
2022-12-23 12:09:17.898  INFO 73088 --- [    Test worker] c.u.j.EncryptablePropertySourceConverter : Converting PropertySource systemProperties [org.springframework.core.env.PropertiesPropertySource] to EncryptableMapPropertySourceWrapper
2022-12-23 12:09:17.898  INFO 73088 --- [    Test worker] c.u.j.EncryptablePropertySourceConverter : Converting PropertySource systemEnvironment [org.springframework.boot.env.SystemEnvironmentPropertySourceEnvironmentPostProcessor$OriginAwareSystemEnvironmentPropertySource] to EncryptableSystemEnvironmentPropertySourceWrapper
2022-12-23 12:09:17.898  INFO 73088 --- [    Test worker] c.u.j.EncryptablePropertySourceConverter : Converting PropertySource random [org.springframework.boot.env.RandomValuePropertySource] to EncryptablePropertySourceWrapper
2022-12-23 12:09:17.898  INFO 73088 --- [    Test worker] c.u.j.EncryptablePropertySourceConverter : Converting PropertySource Config resource 'class path resource [application.yml]' via location 'optional:classpath:/' [org.springframework.boot.env.OriginTrackedMapPropertySource] to EncryptableMapPropertySourceWrapper
2022-12-23 12:09:18.070  INFO 73088 --- [    Test worker] c.u.j.filter.DefaultLazyPropertyFilter   : Property Filter custom Bean not found with name 'encryptablePropertyFilter'. Initializing Default Property Filter
2022-12-23 12:09:18.089  INFO 73088 --- [    Test worker] c.u.j.r.DefaultLazyPropertyResolver      : Property Resolver custom Bean not found with name 'encryptablePropertyResolver'. Initializing Default Property Resolver
2022-12-23 12:09:18.091  INFO 73088 --- [    Test worker] c.u.j.d.DefaultLazyPropertyDetector      : Property Detector custom Bean not found with name 'encryptablePropertyDetector'. Initializing Default Property Detector
2022-12-23 12:09:18.116  INFO 73088 --- [    Test worker] c.u.j.encryptor.DefaultLazyEncryptor     : Found Custom Encryptor Bean org.jasypt.encryption.pbe.PooledPBEStringEncryptor@5921b93c with name: jasyptStringEncryptor
2022-12-23 12:09:18.298  INFO 73088 --- [    Test worker] o.hibernate.jpa.internal.util.LogHelper  : HHH000204: Processing PersistenceUnitInfo [name: default]
2022-12-23 12:09:18.354  INFO 73088 --- [    Test worker] org.hibernate.Version                    : HHH000412: Hibernate ORM core version 5.6.14.Final
2022-12-23 12:09:18.541  INFO 73088 --- [    Test worker] o.hibernate.annotations.common.Version   : HCANN000001: Hibernate Commons Annotations {5.1.2.Final}
2022-12-23 12:09:18.646  INFO 73088 --- [    Test worker] com.zaxxer.hikari.HikariDataSource       : HikariPool-1 - Starting...
2022-12-23 12:09:18.971  INFO 73088 --- [    Test worker] com.zaxxer.hikari.HikariDataSource       : HikariPool-1 - Start completed.
2022-12-23 12:09:19.000  INFO 73088 --- [    Test worker] org.hibernate.dialect.Dialect            : HHH000400: Using dialect: org.hibernate.dialect.MySQL5InnoDBDialect
Hibernate: 
    
    drop table if exists board
Hibernate: 
    
    drop table if exists bookmark
Hibernate: 
    
    drop table if exists member
Hibernate: 
    
    drop table if exists vote
Hibernate: 
    
    create table board (
       board_id bigint not null,
        created_at datetime,
        last_modified_at datetime,
        answer_count integer not null,
        board_status integer,
        board_type integer,
        body varchar(255),
        bookmark_count integer not null,
        question_id bigint,
        score integer not null,
        title varchar(255),
        view_count integer not null,
        writer_display_name varchar(255),
        writer_member_id bigint,
        primary key (board_id)
    ) engine=InnoDB
Hibernate: 
    
    create table bookmark (
       bookmark_id bigint not null,
        created_at datetime,
        last_modified_at datetime,
        board_id bigint not null,
        member_id bigint not null,
        primary key (bookmark_id)
    ) engine=InnoDB
Hibernate: 
    
    create table member (
       member_id bigint not null,
        created_at datetime,
        last_modified_at datetime,
        answers integer not null,
        display_name varchar(255),
        email varchar(255),
        full_name varchar(255),
        github_link varchar(255),
        location varchar(255),
        memberstatus integer,
        password varchar(255),
        profile_image_url varchar(255),
        questions integer not null,
        reputation integer not null,
        title varchar(255),
        twitter_link varchar(255),
        website_link varchar(255),
        primary key (member_id)
    ) engine=InnoDB
Hibernate: 
    
    create table vote (
       vote_id bigint not null,
        created_at datetime,
        last_modified_at datetime,
        board_id bigint,
        member_id bigint,
        vote_type integer,
        primary key (vote_id)
    ) engine=InnoDB
2022-12-23 12:09:19.789  INFO 73088 --- [    Test worker] o.h.e.t.j.p.i.JtaPlatformInitiator       : HHH000490: Using JtaPlatform implementation: [org.hibernate.engine.transaction.jta.platform.internal.NoJtaPlatform]
2022-12-23 12:09:19.800  INFO 73088 --- [    Test worker] j.LocalContainerEntityManagerFactoryBean : Initialized JPA EntityManagerFactory for persistence unit 'default'
2022-12-23 12:09:20.042  WARN 73088 --- [    Test worker] JpaBaseConfiguration$JpaWebConfiguration : spring.jpa.open-in-view is enabled by default. Therefore, database queries may be performed during view rendering. Explicitly configure spring.jpa.open-in-view to disable this warning
2022-12-23 12:09:20.585  INFO 73088 --- [    Test worker] c.s.Seb41Pre014ApplicationTests          : Started Seb41Pre014ApplicationTests in 3.834 seconds (JVM running for 5.033)
]]></system-out>
  <system-err><![CDATA[]]></system-err>
</testsuite>
