<?xml version="1.0" encoding="UTF-8"?>
<testsuite name="com.seb41_pre_014.restdocs.bookmark.BookmarkControllerRestDocs" tests="2" skipped="0" failures="0" errors="0" timestamp="2022-12-26T18:56:02" hostname="gimchanbin-ui-MacBookPro.local" time="0.029">
  <properties/>
  <testcase name="deleteBookmark()" classname="com.seb41_pre_014.restdocs.bookmark.BookmarkControllerRestDocs" time="0.011"/>
  <testcase name="postBookmark()" classname="com.seb41_pre_014.restdocs.bookmark.BookmarkControllerRestDocs" time="0.017"/>
  <system-out><![CDATA[2022-12-27 03:56:01.687  INFO 30093 --- [    Test worker] .b.t.a.w.s.WebMvcTestContextBootstrapper : Neither @ContextConfiguration nor @ContextHierarchy found for test class [com.seb41_pre_014.restdocs.bookmark.BookmarkControllerRestDocs], using SpringBootContextLoader
2022-12-27 03:56:01.689  INFO 30093 --- [    Test worker] o.s.t.c.support.AbstractContextLoader    : Could not detect default resource locations for test class [com.seb41_pre_014.restdocs.bookmark.BookmarkControllerRestDocs]: no resource found for suffixes {-context.xml, Context.groovy}.
2022-12-27 03:56:01.689  INFO 30093 --- [    Test worker] t.c.s.AnnotationConfigContextLoaderUtils : Could not detect default configuration classes for test class [com.seb41_pre_014.restdocs.bookmark.BookmarkControllerRestDocs]: BookmarkControllerRestDocs does not declare any static, non-private, non-final, nested classes annotated with @Configuration.
2022-12-27 03:56:01.696  INFO 30093 --- [    Test worker] .b.t.c.SpringBootTestContextBootstrapper : Found @SpringBootConfiguration com.seb41_pre_014.Seb41Pre014Application for test class com.seb41_pre_014.restdocs.bookmark.BookmarkControllerRestDocs
2022-12-27 03:56:01.697  INFO 30093 --- [    Test worker] .b.t.a.w.s.WebMvcTestContextBootstrapper : Loaded default TestExecutionListener class names from location [META-INF/spring.factories]: [org.springframework.boot.test.autoconfigure.restdocs.RestDocsTestExecutionListener, org.springframework.boot.test.autoconfigure.web.client.MockRestServiceServerResetTestExecutionListener, org.springframework.boot.test.autoconfigure.web.servlet.MockMvcPrintOnlyOnFailureTestExecutionListener, org.springframework.boot.test.autoconfigure.web.servlet.WebDriverTestExecutionListener, org.springframework.boot.test.autoconfigure.webservices.client.MockWebServiceServerTestExecutionListener, org.springframework.boot.test.mock.mockito.MockitoTestExecutionListener, org.springframework.boot.test.mock.mockito.ResetMocksTestExecutionListener, org.springframework.test.context.web.ServletTestExecutionListener, org.springframework.test.context.support.DirtiesContextBeforeModesTestExecutionListener, org.springframework.test.context.event.ApplicationEventsTestExecutionListener, org.springframework.test.context.support.DependencyInjectionTestExecutionListener, org.springframework.test.context.support.DirtiesContextTestExecutionListener, org.springframework.test.context.transaction.TransactionalTestExecutionListener, org.springframework.test.context.jdbc.SqlScriptsTestExecutionListener, org.springframework.test.context.event.EventPublishingTestExecutionListener]
2022-12-27 03:56:01.697  INFO 30093 --- [    Test worker] .b.t.a.w.s.WebMvcTestContextBootstrapper : Using TestExecutionListeners: [org.springframework.test.context.web.ServletTestExecutionListener@7d461450, org.springframework.test.context.support.DirtiesContextBeforeModesTestExecutionListener@75ee63f2, org.springframework.test.context.event.ApplicationEventsTestExecutionListener@4c627575, org.springframework.boot.test.mock.mockito.MockitoTestExecutionListener@7e32f76b, org.springframework.boot.test.autoconfigure.SpringBootDependencyInjectionTestExecutionListener@339b9869, org.springframework.test.context.support.DirtiesContextTestExecutionListener@356c8c1b, org.springframework.test.context.transaction.TransactionalTestExecutionListener@6a7a8e1e, org.springframework.test.context.jdbc.SqlScriptsTestExecutionListener@39aa595, org.springframework.test.context.event.EventPublishingTestExecutionListener@6cad2d5f, org.springframework.boot.test.autoconfigure.restdocs.RestDocsTestExecutionListener@3d707885, org.springframework.boot.test.autoconfigure.web.client.MockRestServiceServerResetTestExecutionListener@3c41b4b, org.springframework.boot.test.autoconfigure.web.servlet.MockMvcPrintOnlyOnFailureTestExecutionListener@55a4a0ab, org.springframework.boot.test.autoconfigure.web.servlet.WebDriverTestExecutionListener@5066a895, org.springframework.boot.test.autoconfigure.webservices.client.MockWebServiceServerTestExecutionListener@6eec564c, org.springframework.boot.test.mock.mockito.ResetMocksTestExecutionListener@4dd11699]

  .   ____          _            __ _ _
 /\\ / ___'_ __ _ _(_)_ __  __ _ \ \ \ \
( ( )\___ | '_ | '_| | '_ \/ _` | \ \ \ \
 \\/  ___)| |_)| | | | | || (_| |  ) ) ) )
  '  |____| .__|_| |_|_| |_\__, | / / / /
 =========|_|==============|___/=/_/_/_/
 :: Spring Boot ::                (v2.7.6)

2022-12-27 03:56:01.724  INFO 30093 --- [    Test worker] c.s.r.b.BookmarkControllerRestDocs       : Starting BookmarkControllerRestDocs using Java 11.0.16 on gimchanbin-ui-MacBookPro.local with PID 30093 (started by happy_bin in /Users/happy_bin/projects/pre-project/seb41_pre_014/backend)
2022-12-27 03:56:01.725  INFO 30093 --- [    Test worker] c.s.r.b.BookmarkControllerRestDocs       : No active profile set, falling back to 1 default profile: "default"
2022-12-27 03:56:02.228  INFO 30093 --- [    Test worker] o.s.b.t.m.w.SpringBootMockServletContext : Initializing Spring TestDispatcherServlet ''
2022-12-27 03:56:02.228  INFO 30093 --- [    Test worker] o.s.t.web.servlet.TestDispatcherServlet  : Initializing Servlet ''
2022-12-27 03:56:02.229  INFO 30093 --- [    Test worker] o.s.t.web.servlet.TestDispatcherServlet  : Completed initialization in 1 ms
2022-12-27 03:56:02.246  INFO 30093 --- [    Test worker] c.s.r.b.BookmarkControllerRestDocs       : Started BookmarkControllerRestDocs in 0.545 seconds (JVM running for 10.244)
]]></system-out>
  <system-err><![CDATA[]]></system-err>
</testsuite>
